<?xml version="1.0" encoding="UTF-8"?>
<!-- Generated by org.testng.reporters.JUnitXMLReporter -->
<testsuite ignored="11" hostname="DESKTOP-GOITT5R" failures="0" tests="1" name="Default test" time="1.509" errors="0" timestamp="2021-01-05T10:00:02 IST">
  <testcase classname="sila_test_cases.Test33_Redeem_sila" name="test_011_redeem_sila_with_unregistered_user_handle" time="1.462"/>
  <testcase classname="sila_test_cases.Test33_Redeem_sila" name="test_011_redeem_sila_with_more_than_max_length_account_name" time="0.0">
    <ignored/>
  </testcase> <!-- test_011_redeem_sila_with_more_than_max_length_account_name -->
  <testcase classname="sila_test_cases.Test33_Redeem_sila" name="test_007_redeem_sila_negative_amount" time="0.0">
    <ignored/>
  </testcase> <!-- test_007_redeem_sila_negative_amount -->
  <testcase classname="sila_test_cases.Test33_Redeem_sila" name="test_004redeem_sila_zero_amount" time="0.0">
    <ignored/>
  </testcase> <!-- test_004redeem_sila_zero_amount -->
  <testcase classname="sila_test_cases.Test33_Redeem_sila" name="test_008_redeem_sila_max_descriptor_characters" time="0.0">
    <ignored/>
  </testcase> <!-- test_008_redeem_sila_max_descriptor_characters -->
  <testcase classname="sila_test_cases.Test33_Redeem_sila" name="test_006_redeem_sila_empty_handle" time="0.0">
    <ignored/>
  </testcase> <!-- test_006_redeem_sila_empty_handle -->
  <testcase classname="sila_test_cases.Test33_Redeem_sila" name="test_03_redeem_sila_with_empty_account_name" time="0.0">
    <ignored/>
  </testcase> <!-- test_03_redeem_sila_with_empty_account_name -->
  <testcase classname="sila_test_cases.Test33_Redeem_sila" name="test_02_redeem_sila_with_invalid_account_name" time="0.0">
    <ignored/>
  </testcase> <!-- test_02_redeem_sila_with_invalid_account_name -->
  <testcase classname="sila_test_cases.Test33_Redeem_sila" name="test_009_redeem_sila_with_empty_descriptor_field" time="0.0">
    <ignored/>
  </testcase> <!-- test_009_redeem_sila_with_empty_descriptor_field -->
  <testcase classname="sila_test_cases.Test33_Redeem_sila" name="test_011_redeem_sila_with_invalid_private_key" time="0.0">
    <ignored/>
  </testcase> <!-- test_011_redeem_sila_with_invalid_private_key -->
  <testcase classname="sila_test_cases.Test33_Redeem_sila" name="test_010_redeem_sila_with_invalid_business_uuid" time="0.0">
    <ignored/>
  </testcase> <!-- test_010_redeem_sila_with_invalid_business_uuid -->
  <testcase classname="sila_test_cases.Test33_Redeem_sila" name="test_01_redeem_sila" time="0.0">
    <ignored/>
  </testcase> <!-- test_01_redeem_sila -->
</testsuite> <!-- Default test -->
