<?xml version="1.0" encoding="UTF-8"?>
<!-- Generated by org.testng.reporters.JUnitXMLReporter -->
<testsuite ignored="45" hostname="ArcGate2168" failures="0" tests="1" name="Default test" time="5.494" errors="0" timestamp="2020-11-13T18:57:08 IST">
  <testcase classname="sila_test_cases.Register" name="Test_40_register_with_after_18_Years_birth_date_field" time="5.412"/>
  <testcase classname="sila_test_cases.Register" name="Test_32_register_with_mmaximum_10_length_postal_code_field" time="0.0">
    <ignored/>
  </testcase> <!-- Test_32_register_with_mmaximum_10_length_postal_code_field -->
  <testcase classname="sila_test_cases.Register" name="Test_36_register_with_less_than_42_characters_crypto_address_field" time="0.0">
    <ignored/>
  </testcase> <!-- Test_36_register_with_less_than_42_characters_crypto_address_field -->
  <testcase classname="sila_test_cases.Register" name="Test_29_register_with_invalid_email_field" time="0.0">
    <ignored/>
  </testcase> <!-- Test_29_register_with_invalid_email_field -->
  <testcase classname="sila_test_cases.Register" name="Test_26_register_with_empty_email_field" time="0.0">
    <ignored/>
  </testcase> <!-- Test_26_register_with_empty_email_field -->
  <testcase classname="sila_test_cases.Register" name="Test_31_register_with_minimum_1_length_postal_code_field" time="0.0">
    <ignored/>
  </testcase> <!-- Test_31_register_with_minimum_1_length_postal_code_field -->
  <testcase classname="sila_test_cases.Register" name="Test_24_register_with_empty_phone_field" time="0.0">
    <ignored/>
  </testcase> <!-- Test_24_register_with_empty_phone_field -->
  <testcase classname="sila_test_cases.Register" name="Test_14_register_With_Minumum_3_Chars_Street_Address_2" time="0.0">
    <ignored/>
  </testcase> <!-- Test_14_register_With_Minumum_3_Chars_Street_Address_2 -->
  <testcase classname="sila_test_cases.Register" name="Test_12_register_with_less_than_3_characters_street_address_2_field" time="0.0">
    <ignored/>
  </testcase> <!-- Test_12_register_with_less_than_3_characters_street_address_2_field -->
  <testcase classname="sila_test_cases.Register" name="Test_17_register_with_less_than_2_characters_city_name_field" time="0.0">
    <ignored/>
  </testcase> <!-- Test_17_register_with_less_than_2_characters_city_name_field -->
  <testcase classname="sila_test_cases.Register" name="Test_42_Check_Response_401" time="0.0">
    <ignored/>
  </testcase> <!-- Test_42_Check_Response_401 -->
  <testcase classname="sila_test_cases.Register" name="Test_33_register_with_more_than_10_length_postal_code_field" time="0.0">
    <ignored/>
  </testcase> <!-- Test_33_register_with_more_than_10_length_postal_code_field -->
  <testcase classname="sila_test_cases.Register" name="Test_04_register_with_empty_last_name_field" time="0.0">
    <ignored/>
  </testcase> <!-- Test_04_register_with_empty_last_name_field -->
  <testcase classname="sila_test_cases.Register" name="Test_08_register_With_more_than_40_characters_street_address_1_field" time="0.0">
    <ignored/>
  </testcase> <!-- Test_08_register_With_more_than_40_characters_street_address_1_field -->
  <testcase classname="sila_test_cases.Register" name="Test_39_register_with_below_18_Years_birth_date_field" time="0.0">
    <ignored/>
  </testcase> <!-- Test_39_register_with_below_18_Years_birth_date_field -->
  <testcase classname="sila_test_cases.Register" name="Test_38_register_with_Future_birth_date_field" time="0.0">
    <ignored/>
  </testcase> <!-- Test_38_register_with_Future_birth_date_field -->
  <testcase classname="sila_test_cases.Register" name="Test_18_register_with_more_than_40_characters_city_name_field" time="0.0">
    <ignored/>
  </testcase> <!-- Test_18_register_with_more_than_40_characters_city_name_field -->
  <testcase classname="sila_test_cases.Register" name="Test_22_register_with_less_than_2_characters_state_name_field" time="0.0">
    <ignored/>
  </testcase> <!-- Test_22_register_with_less_than_2_characters_state_name_field -->
  <testcase classname="sila_test_cases.Register" name="Test_16_register_with_empty_city_field" time="0.0">
    <ignored/>
  </testcase> <!-- Test_16_register_with_empty_city_field -->
  <testcase classname="sila_test_cases.Register" name="test_047_register_with_less_than_2_characters_country_name" time="0.0">
    <ignored/>
  </testcase> <!-- test_047_register_with_less_than_2_characters_country_name -->
  <testcase classname="sila_test_cases.Register" name="Test_15_register_with_maximum_allowed_40_chars_street_address_2" time="0.0">
    <ignored/>
  </testcase> <!-- Test_15_register_with_maximum_allowed_40_chars_street_address_2 -->
  <testcase classname="sila_test_cases.Register" name="Test_41_register_With_Empty_User_Handle_Field" time="0.0">
    <ignored/>
  </testcase> <!-- Test_41_register_With_Empty_User_Handle_Field -->
  <testcase classname="sila_test_cases.Register" name="Test_03_register_with_empty_first_name_field" time="0.0">
    <ignored/>
  </testcase> <!-- Test_03_register_with_empty_first_name_field -->
  <testcase classname="sila_test_cases.Register" name="Test_05_register_with_empty_street_address_1_field" time="0.0">
    <ignored/>
  </testcase> <!-- Test_05_register_with_empty_street_address_1_field -->
  <testcase classname="sila_test_cases.Register" name="Test_23_register_with_empty_identy_number_field" time="0.0">
    <ignored/>
  </testcase> <!-- Test_23_register_with_empty_identy_number_field -->
  <testcase classname="sila_test_cases.Register" name="Test_20_register_with_empty_state_field" time="0.0">
    <ignored/>
  </testcase> <!-- Test_20_register_with_empty_state_field -->
  <testcase classname="sila_test_cases.Register" name="Test_02_register_with_already_taken_user_handle" time="0.0">
    <ignored/>
  </testcase> <!-- Test_02_register_with_already_taken_user_handle -->
  <testcase classname="sila_test_cases.Register" name="Test_46_register_with_another_country_name" time="0.0">
    <ignored/>
  </testcase> <!-- Test_46_register_with_another_country_name -->
  <testcase classname="sila_test_cases.Register" name="Test_13_register_With_more_than_40_characters_street_address_2" time="0.0">
    <ignored/>
  </testcase> <!-- Test_13_register_With_more_than_40_characters_street_address_2 -->
  <testcase classname="sila_test_cases.Register" name="Test_44_register_with_empty_country_field" time="0.0">
    <ignored/>
  </testcase> <!-- Test_44_register_with_empty_country_field -->
  <testcase classname="sila_test_cases.Register" name="test_048_register_with_more_than_2_characters_country_name" time="0.0">
    <ignored/>
  </testcase> <!-- test_048_register_with_more_than_2_characters_country_name -->
  <testcase classname="sila_test_cases.Register" name="Test_21_register_with_more_than_2_characters_state_name_field" time="0.0">
    <ignored/>
  </testcase> <!-- Test_21_register_with_more_than_2_characters_state_name_field -->
  <testcase classname="sila_test_cases.Register" name="Test_19_register_with_allowed_40_characters_city_name_field" time="0.0">
    <ignored/>
  </testcase> <!-- Test_19_register_with_allowed_40_characters_city_name_field -->
  <testcase classname="sila_test_cases.Register" name="Test_45_register_with_lowercase_country_field" time="0.0">
    <ignored/>
  </testcase> <!-- Test_45_register_with_lowercase_country_field -->
  <testcase classname="sila_test_cases.Register" name="Test_34_register_with_empty_crypto_address_field" time="0.0">
    <ignored/>
  </testcase> <!-- Test_34_register_with_empty_crypto_address_field -->
  <testcase classname="sila_test_cases.Register" name="Test_10_register_with_maximum_allowed_40_characters_street_address_1_field" time="0.0">
    <ignored/>
  </testcase> <!-- Test_10_register_with_maximum_allowed_40_characters_street_address_1_field -->
  <testcase classname="sila_test_cases.Register" name="Test_01_Test_01_register_with_all_valid_data" time="0.0">
    <ignored/>
  </testcase> <!-- Test_01_Test_01_register_with_all_valid_data -->
  <testcase classname="sila_test_cases.Register" name="Test_09_register_With_minumum_allowed_3_characters_street_address_1_field" time="0.0">
    <ignored/>
  </testcase> <!-- Test_09_register_With_minumum_allowed_3_characters_street_address_1_field -->
  <testcase classname="sila_test_cases.Register" name="Test_11_register_with_empty_street_address_2_field" time="0.0">
    <ignored/>
  </testcase> <!-- Test_11_register_with_empty_street_address_2_field -->
  <testcase classname="sila_test_cases.Register" name="Test_30_register_with_empty_postal_code_field" time="0.0">
    <ignored/>
  </testcase> <!-- Test_30_register_with_empty_postal_code_field -->
  <testcase classname="sila_test_cases.Register" name="Test_06_register_without_street_address_1_entity" time="0.0">
    <ignored/>
  </testcase> <!-- Test_06_register_without_street_address_1_entity -->
  <testcase classname="sila_test_cases.Register" name="Test_40_register_with_before_18_Years_birth_date_field" time="0.0">
    <ignored/>
  </testcase> <!-- Test_40_register_with_before_18_Years_birth_date_field -->
  <testcase classname="sila_test_cases.Register" name="Test_35_register_with_more_than_42_characters_crypto_address_field" time="0.0">
    <ignored/>
  </testcase> <!-- Test_35_register_with_more_than_42_characters_crypto_address_field -->
  <testcase classname="sila_test_cases.Register" name="Test_07_register_With_less_than_3_characters_street_address_1_field" time="0.0">
    <ignored/>
  </testcase> <!-- Test_07_register_With_less_than_3_characters_street_address_1_field -->
  <testcase classname="sila_test_cases.Register" name="Test_43_register_with_different_private_key" time="0.0">
    <ignored/>
  </testcase> <!-- Test_43_register_with_different_private_key -->
  <testcase classname="sila_test_cases.Register" name="Test_25_register_with_less_than_10_chars_phone_field" time="0.0">
    <ignored/>
  </testcase> <!-- Test_25_register_with_less_than_10_chars_phone_field -->
</testsuite> <!-- Default test -->
