<?xml version="1.0" encoding="UTF-8"?>
<testng-results ignored="51" total="52" passed="1" failed="0" skipped="0">
  <reporter-output>
  </reporter-output>
  <suite started-at="2021-01-05T09:34:25 IST" name="Default suite" finished-at="2021-01-05T09:34:51 IST" duration-ms="25218">
    <groups>
    </groups>
    <test started-at="2021-01-05T09:34:25 IST" name="Default test" finished-at="2021-01-05T09:34:51 IST" duration-ms="25218">
      <class name="sila_test_cases.Test02_Registration">
        <test-method is-config="true" signature="TearUp()[pri:0, instance:sila_test_cases.Test02_Registration@61526469]" started-at="2021-01-05T09:34:25 IST" name="TearUp" finished-at="2021-01-05T09:34:25 IST" duration-ms="102" status="PASS">
          <reporter-output>
          </reporter-output>
        </test-method> <!-- TearUp -->
        <test-method is-config="true" signature="StartTest()[pri:0, instance:sila_test_cases.Test02_Registration@61526469]" started-at="2021-01-05T09:34:25 IST" name="StartTest" finished-at="2021-01-05T09:34:25 IST" duration-ms="0" status="PASS">
          <reporter-output>
          </reporter-output>
        </test-method> <!-- StartTest -->
        <test-method is-config="true" signature="StartClass()[pri:0, instance:sila_test_cases.Test02_Registration@61526469]" started-at="2021-01-05T09:34:25 IST" name="StartClass" finished-at="2021-01-05T09:34:25 IST" duration-ms="0" status="PASS">
          <reporter-output>
          </reporter-output>
        </test-method> <!-- StartClass -->
        <test-method signature="Test_01_Test_01_register_with_all_valid_data()[pri:1, instance:sila_test_cases.Test02_Registration@61526469]" started-at="2021-01-05T09:34:25 IST" name="Test_01_Test_01_register_with_all_valid_data" finished-at="2021-01-05T09:34:51 IST" duration-ms="25166" status="PASS">
          <reporter-output>
          </reporter-output>
        </test-method> <!-- Test_01_Test_01_register_with_all_valid_data -->
        <test-method is-config="true" signature="EndClass()[pri:0, instance:sila_test_cases.Test02_Registration@61526469]" started-at="2021-01-05T09:34:51 IST" name="EndClass" finished-at="2021-01-05T09:34:51 IST" duration-ms="0" status="PASS">
          <reporter-output>
          </reporter-output>
        </test-method> <!-- EndClass -->
        <test-method is-config="true" signature="Endtest()[pri:0, instance:sila_test_cases.Test02_Registration@61526469]" started-at="2021-01-05T09:34:51 IST" name="Endtest" finished-at="2021-01-05T09:34:51 IST" duration-ms="0" status="PASS">
          <reporter-output>
          </reporter-output>
        </test-method> <!-- Endtest -->
        <test-method is-config="true" signature="TearDown()[pri:0, instance:sila_test_cases.Test02_Registration@61526469]" started-at="2021-01-05T09:34:51 IST" name="TearDown" finished-at="2021-01-05T09:34:51 IST" duration-ms="1" status="PASS">
          <reporter-output>
          </reporter-output>
        </test-method> <!-- TearDown -->
      </class> <!-- sila_test_cases.Test02_Registration -->
    </test> <!-- Default test -->
  </suite> <!-- Default suite -->
</testng-results>
