<?xml version="1.0" encoding="UTF-8"?>
<testng-results ignored="84" total="485" passed="371" failed="30" skipped="0">
  <reporter-output>
  </reporter-output>
  <suite started-at="2020-12-11T18:26:24 IST" name="Silamoney Java SDK " finished-at="2020-12-11T18:38:31 IST" duration-ms="726562">
    <groups>
    </groups>
    <test started-at="2020-12-11T18:26:24 IST" name="API" finished-at="2020-12-11T18:38:31 IST" duration-ms="726562">
      <class name="sila_test_cases.Register_update_registration_data">
        <test-method signature="test_001_registration_update_email_with_empty_user_handle()[pri:1, instance:sila_test_cases.Register_update_registration_data@7a34b7b8]" started-at="2020-12-11T18:33:55 IST" name="test_001_registration_update_email_with_empty_user_handle" finished-at="2020-12-11T18:33:57 IST" duration-ms="1590" status="PASS">
          <reporter-output>
          </reporter-output>
        </test-method> <!-- test_001_registration_update_email_with_empty_user_handle -->
        <test-method is-config="true" signature="StartClass()[pri:0, instance:sila_test_cases.Register_update_registration_data@7a34b7b8]" started-at="2020-12-11T18:33:55 IST" name="StartClass" finished-at="2020-12-11T18:33:55 IST" duration-ms="0" status="PASS">
          <reporter-output>
          </reporter-output>
        </test-method> <!-- StartClass -->
        <test-method signature="test_002_registration_update_empty_email_field()[pri:2, instance:sila_test_cases.Register_update_registration_data@7a34b7b8]" started-at="2020-12-11T18:33:57 IST" name="test_002_registration_update_empty_email_field" finished-at="2020-12-11T18:33:57 IST" duration-ms="597" status="PASS">
          <reporter-output>
          </reporter-output>
        </test-method> <!-- test_002_registration_update_empty_email_field -->
        <test-method signature="test_003_registration_update_invalid_email_field()[pri:3, instance:sila_test_cases.Register_update_registration_data@7a34b7b8]" started-at="2020-12-11T18:33:57 IST" name="test_003_registration_update_invalid_email_field" finished-at="2020-12-11T18:33:58 IST" duration-ms="619" status="PASS">
          <reporter-output>
          </reporter-output>
        </test-method> <!-- test_003_registration_update_invalid_email_field -->
        <test-method signature="test_004_registration_update_email_with_invalid_private_key()[pri:4, instance:sila_test_cases.Register_update_registration_data@7a34b7b8]" started-at="2020-12-11T18:33:58 IST" name="test_004_registration_update_email_with_invalid_private_key" finished-at="2020-12-11T18:33:59 IST" duration-ms="549" status="PASS">
          <reporter-output>
          </reporter-output>
        </test-method> <!-- test_004_registration_update_email_with_invalid_private_key -->
        <test-method signature="test_005_registration_update_email_with_not_registered_handle()[pri:5, instance:sila_test_cases.Register_update_registration_data@7a34b7b8]" started-at="2020-12-11T18:33:59 IST" name="test_005_registration_update_email_with_not_registered_handle" finished-at="2020-12-11T18:33:59 IST" duration-ms="437" status="PASS">
          <reporter-output>
          </reporter-output>
        </test-method> <!-- test_005_registration_update_email_with_not_registered_handle -->
        <test-method signature="test_006_registration_update_email_with_more_than_max_email_length()[pri:6, instance:sila_test_cases.Register_update_registration_data@7a34b7b8]" started-at="2020-12-11T18:33:59 IST" name="test_006_registration_update_email_with_more_than_max_email_length" finished-at="2020-12-11T18:34:00 IST" duration-ms="659" status="FAIL">
          <exception class="java.lang.AssertionError">
            <message>
              <![CDATA[expected [400] but found [500]]]>
            </message>
            <full-stacktrace>
              <![CDATA[java.lang.AssertionError: expected [400] but found [500]
at org.testng.Assert.fail(Assert.java:99)
at org.testng.Assert.failNotEquals(Assert.java:1037)
at org.testng.Assert.assertEqualsImpl(Assert.java:140)
at org.testng.Assert.assertEquals(Assert.java:122)
at org.testng.Assert.assertEquals(Assert.java:907)
at org.testng.Assert.assertEquals(Assert.java:917)
at sila_test_cases.Register_update_registration_data.test_006_registration_update_email_with_more_than_max_email_length(Register_update_registration_data.java:133)
at java.base/jdk.internal.reflect.NativeMethodAccessorImpl.invoke0(Native Method)
at java.base/jdk.internal.reflect.NativeMethodAccessorImpl.invoke(NativeMethodAccessorImpl.java:62)
at java.base/jdk.internal.reflect.DelegatingMethodAccessorImpl.invoke(DelegatingMethodAccessorImpl.java:43)
at java.base/java.lang.reflect.Method.invoke(Method.java:564)
at org.testng.internal.MethodInvocationHelper.invokeMethod(MethodInvocationHelper.java:132)
at org.testng.internal.TestInvoker.invokeMethod(TestInvoker.java:599)
at org.testng.internal.TestInvoker.invokeTestMethod(TestInvoker.java:174)
at org.testng.internal.MethodRunner.runInSequence(MethodRunner.java:46)
at org.testng.internal.TestInvoker$MethodInvocationAgent.invoke(TestInvoker.java:822)
at org.testng.internal.TestInvoker.invokeTestMethods(TestInvoker.java:147)
at org.testng.internal.TestMethodWorker.invokeTestMethods(TestMethodWorker.java:146)
at org.testng.internal.TestMethodWorker.run(TestMethodWorker.java:128)
at java.base/java.util.ArrayList.forEach(ArrayList.java:1511)
at org.testng.TestRunner.privateRun(TestRunner.java:764)
at org.testng.TestRunner.run(TestRunner.java:585)
at org.testng.SuiteRunner.runTest(SuiteRunner.java:384)
at org.testng.SuiteRunner.runSequentially(SuiteRunner.java:378)
at org.testng.SuiteRunner.privateRun(SuiteRunner.java:337)
at org.testng.SuiteRunner.run(SuiteRunner.java:286)
at org.testng.SuiteRunnerWorker.runSuite(SuiteRunnerWorker.java:53)
at org.testng.SuiteRunnerWorker.run(SuiteRunnerWorker.java:96)
at org.testng.TestNG.runSuitesSequentially(TestNG.java:1218)
at org.testng.TestNG.runSuitesLocally(TestNG.java:1140)
at org.testng.TestNG.runSuites(TestNG.java:1069)
at org.testng.TestNG.run(TestNG.java:1037)
at org.testng.remote.AbstractRemoteTestNG.run(AbstractRemoteTestNG.java:115)
at org.testng.remote.RemoteTestNG.initAndRun(RemoteTestNG.java:251)
at org.testng.remote.RemoteTestNG.main(RemoteTestNG.java:77)
]]>
            </full-stacktrace>
          </exception> <!-- java.lang.AssertionError -->
          <reporter-output>
          </reporter-output>
        </test-method> <!-- test_006_registration_update_email_with_more_than_max_email_length -->
        <test-method signature="test_007_registration_update_email_with_invalid_uuid()[pri:7, instance:sila_test_cases.Register_update_registration_data@7a34b7b8]" started-at="2020-12-11T18:34:00 IST" name="test_007_registration_update_email_with_invalid_uuid" finished-at="2020-12-11T18:34:00 IST" duration-ms="590" status="PASS">
          <reporter-output>
          </reporter-output>
        </test-method> <!-- test_007_registration_update_email_with_invalid_uuid -->
        <test-method signature="test_008_registration_update_email_successfully_with_254_characters_email()[pri:8, instance:sila_test_cases.Register_update_registration_data@7a34b7b8]" started-at="2020-12-11T18:34:00 IST" name="test_008_registration_update_email_successfully_with_254_characters_email" finished-at="2020-12-11T18:34:01 IST" duration-ms="680" status="PASS">
          <reporter-output>
          </reporter-output>
        </test-method> <!-- test_008_registration_update_email_successfully_with_254_characters_email -->
        <test-method signature="test_009_registration_update_phone_num_with_empty_phone_field()[pri:9, instance:sila_test_cases.Register_update_registration_data@7a34b7b8]" started-at="2020-12-11T18:34:01 IST" name="test_009_registration_update_phone_num_with_empty_phone_field" finished-at="2020-12-11T18:34:02 IST" duration-ms="638" status="PASS">
          <reporter-output>
          </reporter-output>
        </test-method> <!-- test_009_registration_update_phone_num_with_empty_phone_field -->
        <test-method signature="test_010_registration_update_invalid_phone_number()[pri:10, instance:sila_test_cases.Register_update_registration_data@7a34b7b8]" started-at="2020-12-11T18:34:02 IST" name="test_010_registration_update_invalid_phone_number" finished-at="2020-12-11T18:34:02 IST" duration-ms="642" status="PASS">
          <reporter-output>
          </reporter-output>
        </test-method> <!-- test_010_registration_update_invalid_phone_number -->
        <test-method signature="test_011_registration_update_phone_number_with_less_than_10_digits()[pri:11, instance:sila_test_cases.Register_update_registration_data@7a34b7b8]" started-at="2020-12-11T18:34:02 IST" name="test_011_registration_update_phone_number_with_less_than_10_digits" finished-at="2020-12-11T18:34:03 IST" duration-ms="620" status="PASS">
          <reporter-output>
          </reporter-output>
        </test-method> <!-- test_011_registration_update_phone_number_with_less_than_10_digits -->
        <test-method signature="test_012_registration_update_phone_number_with_more_than_10_digits()[pri:12, instance:sila_test_cases.Register_update_registration_data@7a34b7b8]" started-at="2020-12-11T18:34:03 IST" name="test_012_registration_update_phone_number_with_more_than_10_digits" finished-at="2020-12-11T18:34:04 IST" duration-ms="622" status="PASS">
          <reporter-output>
          </reporter-output>
        </test-method> <!-- test_012_registration_update_phone_number_with_more_than_10_digits -->
        <test-method signature="test_013_registration_update_phone_number_with_invalid_uuid()[pri:13, instance:sila_test_cases.Register_update_registration_data@7a34b7b8]" started-at="2020-12-11T18:34:04 IST" name="test_013_registration_update_phone_number_with_invalid_uuid" finished-at="2020-12-11T18:34:04 IST" duration-ms="667" status="PASS">
          <reporter-output>
          </reporter-output>
        </test-method> <!-- test_013_registration_update_phone_number_with_invalid_uuid -->
        <test-method signature="test_014_registration_update_10_digits_phone_number_successfully()[pri:14, instance:sila_test_cases.Register_update_registration_data@7a34b7b8]" started-at="2020-12-11T18:34:04 IST" name="test_014_registration_update_10_digits_phone_number_successfully" finished-at="2020-12-11T18:34:05 IST" duration-ms="630" status="PASS">
          <reporter-output>
          </reporter-output>
        </test-method> <!-- test_014_registration_update_10_digits_phone_number_successfully -->
        <test-method signature="test_015_registration_update_identity_with_empty_identity_alias()[pri:15, instance:sila_test_cases.Register_update_registration_data@7a34b7b8]" started-at="2020-12-11T18:34:05 IST" name="test_015_registration_update_identity_with_empty_identity_alias" finished-at="2020-12-11T18:34:05 IST" duration-ms="654" status="PASS">
          <reporter-output>
          </reporter-output>
        </test-method> <!-- test_015_registration_update_identity_with_empty_identity_alias -->
        <test-method signature="test_016_registration_update_identity_with_empty_identity_value()[pri:16, instance:sila_test_cases.Register_update_registration_data@7a34b7b8]" started-at="2020-12-11T18:34:05 IST" name="test_016_registration_update_identity_with_empty_identity_value" finished-at="2020-12-11T18:34:06 IST" duration-ms="941" status="PASS">
          <reporter-output>
          </reporter-output>
        </test-method> <!-- test_016_registration_update_identity_with_empty_identity_value -->
        <test-method signature="test_017_registration_update_identity_with_invalid_identity_alias()[pri:17, instance:sila_test_cases.Register_update_registration_data@7a34b7b8]" started-at="2020-12-11T18:34:06 IST" name="test_017_registration_update_identity_with_invalid_identity_alias" finished-at="2020-12-11T18:34:08 IST" duration-ms="1608" status="PASS">
          <reporter-output>
          </reporter-output>
        </test-method> <!-- test_017_registration_update_identity_with_invalid_identity_alias -->
        <test-method signature="test_018_registration_update_identity_alias_value_in_lowercase()[pri:18, instance:sila_test_cases.Register_update_registration_data@7a34b7b8]" started-at="2020-12-11T18:34:08 IST" name="test_018_registration_update_identity_alias_value_in_lowercase" finished-at="2020-12-11T18:34:10 IST" duration-ms="1588" status="PASS">
          <reporter-output>
          </reporter-output>
        </test-method> <!-- test_018_registration_update_identity_alias_value_in_lowercase -->
        <test-method signature="test_019_registration_update_identity_alias_value_as_EIN_to_individual_user()[pri:19, instance:sila_test_cases.Register_update_registration_data@7a34b7b8]" started-at="2020-12-11T18:34:10 IST" name="test_019_registration_update_identity_alias_value_as_EIN_to_individual_user" finished-at="2020-12-11T18:34:11 IST" duration-ms="1492" status="PASS">
          <reporter-output>
          </reporter-output>
        </test-method> <!-- test_019_registration_update_identity_alias_value_as_EIN_to_individual_user -->
        <test-method signature="test_020_registration_update_individual_user_identity_successfully()[pri:20, instance:sila_test_cases.Register_update_registration_data@7a34b7b8]" started-at="2020-12-11T18:34:11 IST" name="test_020_registration_update_individual_user_identity_successfully" finished-at="2020-12-11T18:34:13 IST" duration-ms="1419" status="PASS">
          <reporter-output>
          </reporter-output>
        </test-method> <!-- test_020_registration_update_individual_user_identity_successfully -->
        <test-method signature="test_021_registration_update_address_with_empty_address_alias()[pri:21, instance:sila_test_cases.Register_update_registration_data@7a34b7b8]" started-at="2020-12-11T18:34:13 IST" name="test_021_registration_update_address_with_empty_address_alias" finished-at="2020-12-11T18:34:14 IST" duration-ms="1360" status="FAIL">
          <exception class="java.lang.AssertionError">
            <message>
              <![CDATA[expected [400] but found [200]]]>
            </message>
            <full-stacktrace>
              <![CDATA[java.lang.AssertionError: expected [400] but found [200]
at org.testng.Assert.fail(Assert.java:99)
at org.testng.Assert.failNotEquals(Assert.java:1037)
at org.testng.Assert.assertEqualsImpl(Assert.java:140)
at org.testng.Assert.assertEquals(Assert.java:122)
at org.testng.Assert.assertEquals(Assert.java:907)
at org.testng.Assert.assertEquals(Assert.java:917)
at sila_test_cases.Register_update_registration_data.test_021_registration_update_address_with_empty_address_alias(Register_update_registration_data.java:429)
at java.base/jdk.internal.reflect.NativeMethodAccessorImpl.invoke0(Native Method)
at java.base/jdk.internal.reflect.NativeMethodAccessorImpl.invoke(NativeMethodAccessorImpl.java:62)
at java.base/jdk.internal.reflect.DelegatingMethodAccessorImpl.invoke(DelegatingMethodAccessorImpl.java:43)
at java.base/java.lang.reflect.Method.invoke(Method.java:564)
at org.testng.internal.MethodInvocationHelper.invokeMethod(MethodInvocationHelper.java:132)
at org.testng.internal.TestInvoker.invokeMethod(TestInvoker.java:599)
at org.testng.internal.TestInvoker.invokeTestMethod(TestInvoker.java:174)
at org.testng.internal.MethodRunner.runInSequence(MethodRunner.java:46)
at org.testng.internal.TestInvoker$MethodInvocationAgent.invoke(TestInvoker.java:822)
at org.testng.internal.TestInvoker.invokeTestMethods(TestInvoker.java:147)
at org.testng.internal.TestMethodWorker.invokeTestMethods(TestMethodWorker.java:146)
at org.testng.internal.TestMethodWorker.run(TestMethodWorker.java:128)
at java.base/java.util.ArrayList.forEach(ArrayList.java:1511)
at org.testng.TestRunner.privateRun(TestRunner.java:764)
at org.testng.TestRunner.run(TestRunner.java:585)
at org.testng.SuiteRunner.runTest(SuiteRunner.java:384)
at org.testng.SuiteRunner.runSequentially(SuiteRunner.java:378)
at org.testng.SuiteRunner.privateRun(SuiteRunner.java:337)
at org.testng.SuiteRunner.run(SuiteRunner.java:286)
at org.testng.SuiteRunnerWorker.runSuite(SuiteRunnerWorker.java:53)
at org.testng.SuiteRunnerWorker.run(SuiteRunnerWorker.java:96)
at org.testng.TestNG.runSuitesSequentially(TestNG.java:1218)
at org.testng.TestNG.runSuitesLocally(TestNG.java:1140)
at org.testng.TestNG.runSuites(TestNG.java:1069)
at org.testng.TestNG.run(TestNG.java:1037)
at org.testng.remote.AbstractRemoteTestNG.run(AbstractRemoteTestNG.java:115)
at org.testng.remote.RemoteTestNG.initAndRun(RemoteTestNG.java:251)
at org.testng.remote.RemoteTestNG.main(RemoteTestNG.java:77)
]]>
            </full-stacktrace>
          </exception> <!-- java.lang.AssertionError -->
          <reporter-output>
          </reporter-output>
        </test-method> <!-- test_021_registration_update_address_with_empty_address_alias -->
        <test-method signature="test_022_registration_update_address_alias()[pri:22, instance:sila_test_cases.Register_update_registration_data@7a34b7b8]" started-at="2020-12-11T18:34:14 IST" name="test_022_registration_update_address_alias" finished-at="2020-12-11T18:34:15 IST" duration-ms="1370" status="PASS">
          <reporter-output>
          </reporter-output>
        </test-method> <!-- test_022_registration_update_address_alias -->
        <test-method signature="test_023_registration_update_address_with_empty_street_address_1()[pri:23, instance:sila_test_cases.Register_update_registration_data@7a34b7b8]" started-at="2020-12-11T18:34:15 IST" name="test_023_registration_update_address_with_empty_street_address_1" finished-at="2020-12-11T18:34:17 IST" duration-ms="1379" status="FAIL">
          <exception class="java.lang.AssertionError">
            <message>
              <![CDATA[expected [400] but found [200]]]>
            </message>
            <full-stacktrace>
              <![CDATA[java.lang.AssertionError: expected [400] but found [200]
at org.testng.Assert.fail(Assert.java:99)
at org.testng.Assert.failNotEquals(Assert.java:1037)
at org.testng.Assert.assertEqualsImpl(Assert.java:140)
at org.testng.Assert.assertEquals(Assert.java:122)
at org.testng.Assert.assertEquals(Assert.java:907)
at org.testng.Assert.assertEquals(Assert.java:917)
at sila_test_cases.Register_update_registration_data.test_023_registration_update_address_with_empty_street_address_1(Register_update_registration_data.java:478)
at java.base/jdk.internal.reflect.NativeMethodAccessorImpl.invoke0(Native Method)
at java.base/jdk.internal.reflect.NativeMethodAccessorImpl.invoke(NativeMethodAccessorImpl.java:62)
at java.base/jdk.internal.reflect.DelegatingMethodAccessorImpl.invoke(DelegatingMethodAccessorImpl.java:43)
at java.base/java.lang.reflect.Method.invoke(Method.java:564)
at org.testng.internal.MethodInvocationHelper.invokeMethod(MethodInvocationHelper.java:132)
at org.testng.internal.TestInvoker.invokeMethod(TestInvoker.java:599)
at org.testng.internal.TestInvoker.invokeTestMethod(TestInvoker.java:174)
at org.testng.internal.MethodRunner.runInSequence(MethodRunner.java:46)
at org.testng.internal.TestInvoker$MethodInvocationAgent.invoke(TestInvoker.java:822)
at org.testng.internal.TestInvoker.invokeTestMethods(TestInvoker.java:147)
at org.testng.internal.TestMethodWorker.invokeTestMethods(TestMethodWorker.java:146)
at org.testng.internal.TestMethodWorker.run(TestMethodWorker.java:128)
at java.base/java.util.ArrayList.forEach(ArrayList.java:1511)
at org.testng.TestRunner.privateRun(TestRunner.java:764)
at org.testng.TestRunner.run(TestRunner.java:585)
at org.testng.SuiteRunner.runTest(SuiteRunner.java:384)
at org.testng.SuiteRunner.runSequentially(SuiteRunner.java:378)
at org.testng.SuiteRunner.privateRun(SuiteRunner.java:337)
at org.testng.SuiteRunner.run(SuiteRunner.java:286)
at org.testng.SuiteRunnerWorker.runSuite(SuiteRunnerWorker.java:53)
at org.testng.SuiteRunnerWorker.run(SuiteRunnerWorker.java:96)
at org.testng.TestNG.runSuitesSequentially(TestNG.java:1218)
at org.testng.TestNG.runSuitesLocally(TestNG.java:1140)
at org.testng.TestNG.runSuites(TestNG.java:1069)
at org.testng.TestNG.run(TestNG.java:1037)
at org.testng.remote.AbstractRemoteTestNG.run(AbstractRemoteTestNG.java:115)
at org.testng.remote.RemoteTestNG.initAndRun(RemoteTestNG.java:251)
at org.testng.remote.RemoteTestNG.main(RemoteTestNG.java:77)
]]>
            </full-stacktrace>
          </exception> <!-- java.lang.AssertionError -->
          <reporter-output>
          </reporter-output>
        </test-method> <!-- test_023_registration_update_address_with_empty_street_address_1 -->
        <test-method signature="test_024_registration_update_street_address_1_address_with_less_than_3_characters()[pri:24, instance:sila_test_cases.Register_update_registration_data@7a34b7b8]" started-at="2020-12-11T18:34:17 IST" name="test_024_registration_update_street_address_1_address_with_less_than_3_characters" finished-at="2020-12-11T18:34:18 IST" duration-ms="1382" status="PASS">
          <reporter-output>
          </reporter-output>
        </test-method> <!-- test_024_registration_update_street_address_1_address_with_less_than_3_characters -->
        <test-method signature="test_025_registration_update_street_address_1_address_with_more_than_max_character()[pri:25, instance:sila_test_cases.Register_update_registration_data@7a34b7b8]" started-at="2020-12-11T18:34:18 IST" name="test_025_registration_update_street_address_1_address_with_more_than_max_character" finished-at="2020-12-11T18:34:19 IST" duration-ms="1384" status="PASS">
          <reporter-output>
          </reporter-output>
        </test-method> <!-- test_025_registration_update_street_address_1_address_with_more_than_max_character -->
        <test-method signature="test_026_registration_update_street_address_1_address_with_40_characters()[pri:26, instance:sila_test_cases.Register_update_registration_data@7a34b7b8]" started-at="2020-12-11T18:34:19 IST" name="test_026_registration_update_street_address_1_address_with_40_characters" finished-at="2020-12-11T18:34:21 IST" duration-ms="1704" status="PASS">
          <reporter-output>
          </reporter-output>
        </test-method> <!-- test_026_registration_update_street_address_1_address_with_40_characters -->
        <test-method signature="test_027_registration_update_street_address_1_address_with_3_characters()[pri:27, instance:sila_test_cases.Register_update_registration_data@7a34b7b8]" started-at="2020-12-11T18:34:21 IST" name="test_027_registration_update_street_address_1_address_with_3_characters" finished-at="2020-12-11T18:34:23 IST" duration-ms="1393" status="PASS">
          <reporter-output>
          </reporter-output>
        </test-method> <!-- test_027_registration_update_street_address_1_address_with_3_characters -->
        <test-method signature="test_028_registration_update_address_with_empty_street_address_2()[pri:28, instance:sila_test_cases.Register_update_registration_data@7a34b7b8]" started-at="2020-12-11T18:34:23 IST" name="test_028_registration_update_address_with_empty_street_address_2" finished-at="2020-12-11T18:34:24 IST" duration-ms="1479" status="PASS">
          <reporter-output>
          </reporter-output>
        </test-method> <!-- test_028_registration_update_address_with_empty_street_address_2 -->
        <test-method signature="test_029_registration_update_street_address_2_address_with_less_than_3_characters()[pri:29, instance:sila_test_cases.Register_update_registration_data@7a34b7b8]" started-at="2020-12-11T18:34:24 IST" name="test_029_registration_update_street_address_2_address_with_less_than_3_characters" finished-at="2020-12-11T18:34:25 IST" duration-ms="1427" status="PASS">
          <reporter-output>
          </reporter-output>
        </test-method> <!-- test_029_registration_update_street_address_2_address_with_less_than_3_characters -->
        <test-method signature="test_030_registration_update_street_address_2_address_with_more_than_max_character()[pri:30, instance:sila_test_cases.Register_update_registration_data@7a34b7b8]" started-at="2020-12-11T18:34:25 IST" name="test_030_registration_update_street_address_2_address_with_more_than_max_character" finished-at="2020-12-11T18:34:27 IST" duration-ms="1475" status="PASS">
          <reporter-output>
          </reporter-output>
        </test-method> <!-- test_030_registration_update_street_address_2_address_with_more_than_max_character -->
        <test-method signature="test_031_registration_update_street_address_2_address_with_40_characters()[pri:31, instance:sila_test_cases.Register_update_registration_data@7a34b7b8]" started-at="2020-12-11T18:34:27 IST" name="test_031_registration_update_street_address_2_address_with_40_characters" finished-at="2020-12-11T18:34:29 IST" duration-ms="1976" status="PASS">
          <reporter-output>
          </reporter-output>
        </test-method> <!-- test_031_registration_update_street_address_2_address_with_40_characters -->
        <test-method signature="test_032_registration_update_street_address_2_address_with_3_characters()[pri:32, instance:sila_test_cases.Register_update_registration_data@7a34b7b8]" started-at="2020-12-11T18:34:29 IST" name="test_032_registration_update_street_address_2_address_with_3_characters" finished-at="2020-12-11T18:34:31 IST" duration-ms="1826" status="PASS">
          <reporter-output>
          </reporter-output>
        </test-method> <!-- test_032_registration_update_street_address_2_address_with_3_characters -->
        <test-method signature="test_033_registration_update_address_with_empty_city()[pri:33, instance:sila_test_cases.Register_update_registration_data@7a34b7b8]" started-at="2020-12-11T18:34:31 IST" name="test_033_registration_update_address_with_empty_city" finished-at="2020-12-11T18:34:32 IST" duration-ms="1424" status="FAIL">
          <exception class="java.lang.AssertionError">
            <message>
              <![CDATA[expected [400] but found [200]]]>
            </message>
            <full-stacktrace>
              <![CDATA[java.lang.AssertionError: expected [400] but found [200]
at org.testng.Assert.fail(Assert.java:99)
at org.testng.Assert.failNotEquals(Assert.java:1037)
at org.testng.Assert.assertEqualsImpl(Assert.java:140)
at org.testng.Assert.assertEquals(Assert.java:122)
at org.testng.Assert.assertEquals(Assert.java:907)
at org.testng.Assert.assertEquals(Assert.java:917)
at sila_test_cases.Register_update_registration_data.test_033_registration_update_address_with_empty_city(Register_update_registration_data.java:749)
at java.base/jdk.internal.reflect.NativeMethodAccessorImpl.invoke0(Native Method)
at java.base/jdk.internal.reflect.NativeMethodAccessorImpl.invoke(NativeMethodAccessorImpl.java:62)
at java.base/jdk.internal.reflect.DelegatingMethodAccessorImpl.invoke(DelegatingMethodAccessorImpl.java:43)
at java.base/java.lang.reflect.Method.invoke(Method.java:564)
at org.testng.internal.MethodInvocationHelper.invokeMethod(MethodInvocationHelper.java:132)
at org.testng.internal.TestInvoker.invokeMethod(TestInvoker.java:599)
at org.testng.internal.TestInvoker.invokeTestMethod(TestInvoker.java:174)
at org.testng.internal.MethodRunner.runInSequence(MethodRunner.java:46)
at org.testng.internal.TestInvoker$MethodInvocationAgent.invoke(TestInvoker.java:822)
at org.testng.internal.TestInvoker.invokeTestMethods(TestInvoker.java:147)
at org.testng.internal.TestMethodWorker.invokeTestMethods(TestMethodWorker.java:146)
at org.testng.internal.TestMethodWorker.run(TestMethodWorker.java:128)
at java.base/java.util.ArrayList.forEach(ArrayList.java:1511)
at org.testng.TestRunner.privateRun(TestRunner.java:764)
at org.testng.TestRunner.run(TestRunner.java:585)
at org.testng.SuiteRunner.runTest(SuiteRunner.java:384)
at org.testng.SuiteRunner.runSequentially(SuiteRunner.java:378)
at org.testng.SuiteRunner.privateRun(SuiteRunner.java:337)
at org.testng.SuiteRunner.run(SuiteRunner.java:286)
at org.testng.SuiteRunnerWorker.runSuite(SuiteRunnerWorker.java:53)
at org.testng.SuiteRunnerWorker.run(SuiteRunnerWorker.java:96)
at org.testng.TestNG.runSuitesSequentially(TestNG.java:1218)
at org.testng.TestNG.runSuitesLocally(TestNG.java:1140)
at org.testng.TestNG.runSuites(TestNG.java:1069)
at org.testng.TestNG.run(TestNG.java:1037)
at org.testng.remote.AbstractRemoteTestNG.run(AbstractRemoteTestNG.java:115)
at org.testng.remote.RemoteTestNG.initAndRun(RemoteTestNG.java:251)
at org.testng.remote.RemoteTestNG.main(RemoteTestNG.java:77)
]]>
            </full-stacktrace>
          </exception> <!-- java.lang.AssertionError -->
          <reporter-output>
          </reporter-output>
        </test-method> <!-- test_033_registration_update_address_with_empty_city -->
        <test-method signature="test_034_registration_update_address_with_less_than_2_characters_city_name()[pri:34, instance:sila_test_cases.Register_update_registration_data@7a34b7b8]" started-at="2020-12-11T18:34:32 IST" name="test_034_registration_update_address_with_less_than_2_characters_city_name" finished-at="2020-12-11T18:34:35 IST" duration-ms="2440" status="PASS">
          <reporter-output>
          </reporter-output>
        </test-method> <!-- test_034_registration_update_address_with_less_than_2_characters_city_name -->
        <test-method signature="test_035_registration_update_address_with_more_than_40_characters_city_name()[pri:35, instance:sila_test_cases.Register_update_registration_data@7a34b7b8]" started-at="2020-12-11T18:34:35 IST" name="test_035_registration_update_address_with_more_than_40_characters_city_name" finished-at="2020-12-11T18:34:36 IST" duration-ms="1330" status="PASS">
          <reporter-output>
          </reporter-output>
        </test-method> <!-- test_035_registration_update_address_with_more_than_40_characters_city_name -->
        <test-method signature="test_36_registration_update_address_with_40_characters_city_name()[pri:36, instance:sila_test_cases.Register_update_registration_data@7a34b7b8]" started-at="2020-12-11T18:34:36 IST" name="test_36_registration_update_address_with_40_characters_city_name" finished-at="2020-12-11T18:34:37 IST" duration-ms="1495" status="PASS">
          <reporter-output>
          </reporter-output>
        </test-method> <!-- test_36_registration_update_address_with_40_characters_city_name -->
        <test-method signature="test_037_registration_update_address_with_empty_state()[pri:37, instance:sila_test_cases.Register_update_registration_data@7a34b7b8]" started-at="2020-12-11T18:34:37 IST" name="test_037_registration_update_address_with_empty_state" finished-at="2020-12-11T18:34:39 IST" duration-ms="1395" status="FAIL">
          <exception class="java.lang.AssertionError">
            <message>
              <![CDATA[expected [400] but found [200]]]>
            </message>
            <full-stacktrace>
              <![CDATA[java.lang.AssertionError: expected [400] but found [200]
at org.testng.Assert.fail(Assert.java:99)
at org.testng.Assert.failNotEquals(Assert.java:1037)
at org.testng.Assert.assertEqualsImpl(Assert.java:140)
at org.testng.Assert.assertEquals(Assert.java:122)
at org.testng.Assert.assertEquals(Assert.java:907)
at org.testng.Assert.assertEquals(Assert.java:917)
at sila_test_cases.Register_update_registration_data.test_037_registration_update_address_with_empty_state(Register_update_registration_data.java:860)
at java.base/jdk.internal.reflect.NativeMethodAccessorImpl.invoke0(Native Method)
at java.base/jdk.internal.reflect.NativeMethodAccessorImpl.invoke(NativeMethodAccessorImpl.java:62)
at java.base/jdk.internal.reflect.DelegatingMethodAccessorImpl.invoke(DelegatingMethodAccessorImpl.java:43)
at java.base/java.lang.reflect.Method.invoke(Method.java:564)
at org.testng.internal.MethodInvocationHelper.invokeMethod(MethodInvocationHelper.java:132)
at org.testng.internal.TestInvoker.invokeMethod(TestInvoker.java:599)
at org.testng.internal.TestInvoker.invokeTestMethod(TestInvoker.java:174)
at org.testng.internal.MethodRunner.runInSequence(MethodRunner.java:46)
at org.testng.internal.TestInvoker$MethodInvocationAgent.invoke(TestInvoker.java:822)
at org.testng.internal.TestInvoker.invokeTestMethods(TestInvoker.java:147)
at org.testng.internal.TestMethodWorker.invokeTestMethods(TestMethodWorker.java:146)
at org.testng.internal.TestMethodWorker.run(TestMethodWorker.java:128)
at java.base/java.util.ArrayList.forEach(ArrayList.java:1511)
at org.testng.TestRunner.privateRun(TestRunner.java:764)
at org.testng.TestRunner.run(TestRunner.java:585)
at org.testng.SuiteRunner.runTest(SuiteRunner.java:384)
at org.testng.SuiteRunner.runSequentially(SuiteRunner.java:378)
at org.testng.SuiteRunner.privateRun(SuiteRunner.java:337)
at org.testng.SuiteRunner.run(SuiteRunner.java:286)
at org.testng.SuiteRunnerWorker.runSuite(SuiteRunnerWorker.java:53)
at org.testng.SuiteRunnerWorker.run(SuiteRunnerWorker.java:96)
at org.testng.TestNG.runSuitesSequentially(TestNG.java:1218)
at org.testng.TestNG.runSuitesLocally(TestNG.java:1140)
at org.testng.TestNG.runSuites(TestNG.java:1069)
at org.testng.TestNG.run(TestNG.java:1037)
at org.testng.remote.AbstractRemoteTestNG.run(AbstractRemoteTestNG.java:115)
at org.testng.remote.RemoteTestNG.initAndRun(RemoteTestNG.java:251)
at org.testng.remote.RemoteTestNG.main(RemoteTestNG.java:77)
]]>
            </full-stacktrace>
          </exception> <!-- java.lang.AssertionError -->
          <reporter-output>
          </reporter-output>
        </test-method> <!-- test_037_registration_update_address_with_empty_state -->
        <test-method signature="test_038_registration_update_address_with_less_than_2_characters_state_name()[pri:38, instance:sila_test_cases.Register_update_registration_data@7a34b7b8]" started-at="2020-12-11T18:34:39 IST" name="test_038_registration_update_address_with_less_than_2_characters_state_name" finished-at="2020-12-11T18:34:40 IST" duration-ms="1388" status="PASS">
          <reporter-output>
          </reporter-output>
        </test-method> <!-- test_038_registration_update_address_with_less_than_2_characters_state_name -->
        <test-method signature="test_039_registration_update_address_with_more_than_2_characters_state_name()[pri:39, instance:sila_test_cases.Register_update_registration_data@7a34b7b8]" started-at="2020-12-11T18:34:40 IST" name="test_039_registration_update_address_with_more_than_2_characters_state_name" finished-at="2020-12-11T18:34:42 IST" duration-ms="1706" status="PASS">
          <reporter-output>
          </reporter-output>
        </test-method> <!-- test_039_registration_update_address_with_more_than_2_characters_state_name -->
        <test-method signature="test_040_registration_update_2_characters_state_name()[pri:40, instance:sila_test_cases.Register_update_registration_data@7a34b7b8]" started-at="2020-12-11T18:34:42 IST" name="test_040_registration_update_2_characters_state_name" finished-at="2020-12-11T18:34:44 IST" duration-ms="1905" status="PASS">
          <reporter-output>
          </reporter-output>
        </test-method> <!-- test_040_registration_update_2_characters_state_name -->
        <test-method signature="test_041_registration_update_address_successfully()[pri:41, instance:sila_test_cases.Register_update_registration_data@7a34b7b8]" started-at="2020-12-11T18:34:44 IST" name="test_041_registration_update_address_successfully" finished-at="2020-12-11T18:34:45 IST" duration-ms="1332" status="PASS">
          <reporter-output>
          </reporter-output>
        </test-method> <!-- test_041_registration_update_address_successfully -->
        <test-method signature="test_042_registration_update_address_with_another_uuid()[pri:42, instance:sila_test_cases.Register_update_registration_data@7a34b7b8]" started-at="2020-12-11T18:34:45 IST" name="test_042_registration_update_address_with_another_uuid" finished-at="2020-12-11T18:34:47 IST" duration-ms="1447" status="PASS">
          <reporter-output>
          </reporter-output>
        </test-method> <!-- test_042_registration_update_address_with_another_uuid -->
        <test-method signature="test_043_registration_update_address_with_invalid_uuid()[pri:43, instance:sila_test_cases.Register_update_registration_data@7a34b7b8]" started-at="2020-12-11T18:34:47 IST" name="test_043_registration_update_address_with_invalid_uuid" finished-at="2020-12-11T18:34:48 IST" duration-ms="1382" status="PASS">
          <reporter-output>
          </reporter-output>
        </test-method> <!-- test_043_registration_update_address_with_invalid_uuid -->
        <test-method signature="test_044_registration_update_with_all_valid_Entity()[pri:44, instance:sila_test_cases.Register_update_registration_data@7a34b7b8]" started-at="2020-12-11T18:34:48 IST" name="test_044_registration_update_with_all_valid_Entity" finished-at="2020-12-11T18:34:49 IST" duration-ms="704" status="PASS">
          <reporter-output>
          </reporter-output>
        </test-method> <!-- test_044_registration_update_with_all_valid_Entity -->
        <test-method signature="test_045_registration_update_empty_first_name()[pri:45, instance:sila_test_cases.Register_update_registration_data@7a34b7b8]" started-at="2020-12-11T18:34:49 IST" name="test_045_registration_update_empty_first_name" finished-at="2020-12-11T18:34:50 IST" duration-ms="890" status="PASS">
          <reporter-output>
          </reporter-output>
        </test-method> <!-- test_045_registration_update_empty_first_name -->
        <test-method signature="test_046_registration_update_first_name_with_min_character()[pri:46, instance:sila_test_cases.Register_update_registration_data@7a34b7b8]" started-at="2020-12-11T18:34:50 IST" name="test_046_registration_update_first_name_with_min_character" finished-at="2020-12-11T18:34:50 IST" duration-ms="680" status="PASS">
          <reporter-output>
          </reporter-output>
        </test-method> <!-- test_046_registration_update_first_name_with_min_character -->
        <test-method signature="test_047_registration_update_first_name_with_max_character()[pri:47, instance:sila_test_cases.Register_update_registration_data@7a34b7b8]" started-at="2020-12-11T18:34:50 IST" name="test_047_registration_update_first_name_with_max_character" finished-at="2020-12-11T18:34:51 IST" duration-ms="650" status="PASS">
          <reporter-output>
          </reporter-output>
        </test-method> <!-- test_047_registration_update_first_name_with_max_character -->
        <test-method signature="test_048_registration_update_first_name_with_more_than_40_character()[pri:48, instance:sila_test_cases.Register_update_registration_data@7a34b7b8]" started-at="2020-12-11T18:34:51 IST" name="test_048_registration_update_first_name_with_more_than_40_character" finished-at="2020-12-11T18:34:52 IST" duration-ms="634" status="PASS">
          <reporter-output>
          </reporter-output>
        </test-method> <!-- test_048_registration_update_first_name_with_more_than_40_character -->
        <test-method signature="test_049_registration_update_empty_last_name()[pri:49, instance:sila_test_cases.Register_update_registration_data@7a34b7b8]" started-at="2020-12-11T18:34:52 IST" name="test_049_registration_update_empty_last_name" finished-at="2020-12-11T18:34:52 IST" duration-ms="637" status="PASS">
          <reporter-output>
          </reporter-output>
        </test-method> <!-- test_049_registration_update_empty_last_name -->
        <test-method signature="test_050_registration_update_last_name_with_min_character()[pri:50, instance:sila_test_cases.Register_update_registration_data@7a34b7b8]" started-at="2020-12-11T18:34:52 IST" name="test_050_registration_update_last_name_with_min_character" finished-at="2020-12-11T18:34:53 IST" duration-ms="1228" status="PASS">
          <reporter-output>
          </reporter-output>
        </test-method> <!-- test_050_registration_update_last_name_with_min_character -->
        <test-method signature="test_051_registration_update_last_name_with_max_character()[pri:51, instance:sila_test_cases.Register_update_registration_data@7a34b7b8]" started-at="2020-12-11T18:34:53 IST" name="test_051_registration_update_last_name_with_max_character" finished-at="2020-12-11T18:34:54 IST" duration-ms="660" status="PASS">
          <reporter-output>
          </reporter-output>
        </test-method> <!-- test_051_registration_update_last_name_with_max_character -->
        <test-method signature="test_052_registration_update_last_name_with_more_than_40_character()[pri:52, instance:sila_test_cases.Register_update_registration_data@7a34b7b8]" started-at="2020-12-11T18:34:54 IST" name="test_052_registration_update_last_name_with_more_than_40_character" finished-at="2020-12-11T18:34:55 IST" duration-ms="925" status="PASS">
          <reporter-output>
          </reporter-output>
        </test-method> <!-- test_052_registration_update_last_name_with_more_than_40_character -->
        <test-method signature="test_053_registration_update_empty_entity_name()[pri:53, instance:sila_test_cases.Register_update_registration_data@7a34b7b8]" started-at="2020-12-11T18:34:55 IST" name="test_053_registration_update_empty_entity_name" finished-at="2020-12-11T18:34:56 IST" duration-ms="700" status="PASS">
          <reporter-output>
          </reporter-output>
        </test-method> <!-- test_053_registration_update_empty_entity_name -->
        <test-method signature="test_054_registration_update_entity_name_with_min_characters()[pri:54, instance:sila_test_cases.Register_update_registration_data@7a34b7b8]" started-at="2020-12-11T18:34:56 IST" name="test_054_registration_update_entity_name_with_min_characters" finished-at="2020-12-11T18:34:57 IST" duration-ms="893" status="PASS">
          <reporter-output>
          </reporter-output>
        </test-method> <!-- test_054_registration_update_entity_name_with_min_characters -->
        <test-method signature="test_055_registration_update_entity_name_with_max_characters()[pri:55, instance:sila_test_cases.Register_update_registration_data@7a34b7b8]" started-at="2020-12-11T18:34:57 IST" name="test_055_registration_update_entity_name_with_max_characters" finished-at="2020-12-11T18:34:57 IST" duration-ms="696" status="PASS">
          <reporter-output>
          </reporter-output>
        </test-method> <!-- test_055_registration_update_entity_name_with_max_characters -->
        <test-method signature="test_056_registration_update_entity_name_less_than_3_characters()[pri:56, instance:sila_test_cases.Register_update_registration_data@7a34b7b8]" started-at="2020-12-11T18:34:57 IST" name="test_056_registration_update_entity_name_less_than_3_characters" finished-at="2020-12-11T18:34:58 IST" duration-ms="693" status="FAIL">
          <exception class="java.lang.AssertionError">
            <message>
              <![CDATA[expected [400] but found [200]]]>
            </message>
            <full-stacktrace>
              <![CDATA[java.lang.AssertionError: expected [400] but found [200]
at org.testng.Assert.fail(Assert.java:99)
at org.testng.Assert.failNotEquals(Assert.java:1037)
at org.testng.Assert.assertEqualsImpl(Assert.java:140)
at org.testng.Assert.assertEquals(Assert.java:122)
at org.testng.Assert.assertEquals(Assert.java:907)
at org.testng.Assert.assertEquals(Assert.java:917)
at sila_test_cases.Register_update_registration_data.test_056_registration_update_entity_name_less_than_3_characters(Register_update_registration_data.java:1299)
at java.base/jdk.internal.reflect.NativeMethodAccessorImpl.invoke0(Native Method)
at java.base/jdk.internal.reflect.NativeMethodAccessorImpl.invoke(NativeMethodAccessorImpl.java:62)
at java.base/jdk.internal.reflect.DelegatingMethodAccessorImpl.invoke(DelegatingMethodAccessorImpl.java:43)
at java.base/java.lang.reflect.Method.invoke(Method.java:564)
at org.testng.internal.MethodInvocationHelper.invokeMethod(MethodInvocationHelper.java:132)
at org.testng.internal.TestInvoker.invokeMethod(TestInvoker.java:599)
at org.testng.internal.TestInvoker.invokeTestMethod(TestInvoker.java:174)
at org.testng.internal.MethodRunner.runInSequence(MethodRunner.java:46)
at org.testng.internal.TestInvoker$MethodInvocationAgent.invoke(TestInvoker.java:822)
at org.testng.internal.TestInvoker.invokeTestMethods(TestInvoker.java:147)
at org.testng.internal.TestMethodWorker.invokeTestMethods(TestMethodWorker.java:146)
at org.testng.internal.TestMethodWorker.run(TestMethodWorker.java:128)
at java.base/java.util.ArrayList.forEach(ArrayList.java:1511)
at org.testng.TestRunner.privateRun(TestRunner.java:764)
at org.testng.TestRunner.run(TestRunner.java:585)
at org.testng.SuiteRunner.runTest(SuiteRunner.java:384)
at org.testng.SuiteRunner.runSequentially(SuiteRunner.java:378)
at org.testng.SuiteRunner.privateRun(SuiteRunner.java:337)
at org.testng.SuiteRunner.run(SuiteRunner.java:286)
at org.testng.SuiteRunnerWorker.runSuite(SuiteRunnerWorker.java:53)
at org.testng.SuiteRunnerWorker.run(SuiteRunnerWorker.java:96)
at org.testng.TestNG.runSuitesSequentially(TestNG.java:1218)
at org.testng.TestNG.runSuitesLocally(TestNG.java:1140)
at org.testng.TestNG.runSuites(TestNG.java:1069)
at org.testng.TestNG.run(TestNG.java:1037)
at org.testng.remote.AbstractRemoteTestNG.run(AbstractRemoteTestNG.java:115)
at org.testng.remote.RemoteTestNG.initAndRun(RemoteTestNG.java:251)
at org.testng.remote.RemoteTestNG.main(RemoteTestNG.java:77)
]]>
            </full-stacktrace>
          </exception> <!-- java.lang.AssertionError -->
          <reporter-output>
          </reporter-output>
        </test-method> <!-- test_056_registration_update_entity_name_less_than_3_characters -->
        <test-method signature="test_057_registration_update_entity_name_more_than_40_characters()[pri:57, instance:sila_test_cases.Register_update_registration_data@7a34b7b8]" started-at="2020-12-11T18:34:58 IST" name="test_057_registration_update_entity_name_more_than_40_characters" finished-at="2020-12-11T18:34:59 IST" duration-ms="842" status="FAIL">
          <exception class="java.lang.AssertionError">
            <message>
              <![CDATA[expected [400] but found [200]]]>
            </message>
            <full-stacktrace>
              <![CDATA[java.lang.AssertionError: expected [400] but found [200]
at org.testng.Assert.fail(Assert.java:99)
at org.testng.Assert.failNotEquals(Assert.java:1037)
at org.testng.Assert.assertEqualsImpl(Assert.java:140)
at org.testng.Assert.assertEquals(Assert.java:122)
at org.testng.Assert.assertEquals(Assert.java:907)
at org.testng.Assert.assertEquals(Assert.java:917)
at sila_test_cases.Register_update_registration_data.test_057_registration_update_entity_name_more_than_40_characters(Register_update_registration_data.java:1314)
at java.base/jdk.internal.reflect.NativeMethodAccessorImpl.invoke0(Native Method)
at java.base/jdk.internal.reflect.NativeMethodAccessorImpl.invoke(NativeMethodAccessorImpl.java:62)
at java.base/jdk.internal.reflect.DelegatingMethodAccessorImpl.invoke(DelegatingMethodAccessorImpl.java:43)
at java.base/java.lang.reflect.Method.invoke(Method.java:564)
at org.testng.internal.MethodInvocationHelper.invokeMethod(MethodInvocationHelper.java:132)
at org.testng.internal.TestInvoker.invokeMethod(TestInvoker.java:599)
at org.testng.internal.TestInvoker.invokeTestMethod(TestInvoker.java:174)
at org.testng.internal.MethodRunner.runInSequence(MethodRunner.java:46)
at org.testng.internal.TestInvoker$MethodInvocationAgent.invoke(TestInvoker.java:822)
at org.testng.internal.TestInvoker.invokeTestMethods(TestInvoker.java:147)
at org.testng.internal.TestMethodWorker.invokeTestMethods(TestMethodWorker.java:146)
at org.testng.internal.TestMethodWorker.run(TestMethodWorker.java:128)
at java.base/java.util.ArrayList.forEach(ArrayList.java:1511)
at org.testng.TestRunner.privateRun(TestRunner.java:764)
at org.testng.TestRunner.run(TestRunner.java:585)
at org.testng.SuiteRunner.runTest(SuiteRunner.java:384)
at org.testng.SuiteRunner.runSequentially(SuiteRunner.java:378)
at org.testng.SuiteRunner.privateRun(SuiteRunner.java:337)
at org.testng.SuiteRunner.run(SuiteRunner.java:286)
at org.testng.SuiteRunnerWorker.runSuite(SuiteRunnerWorker.java:53)
at org.testng.SuiteRunnerWorker.run(SuiteRunnerWorker.java:96)
at org.testng.TestNG.runSuitesSequentially(TestNG.java:1218)
at org.testng.TestNG.runSuitesLocally(TestNG.java:1140)
at org.testng.TestNG.runSuites(TestNG.java:1069)
at org.testng.TestNG.run(TestNG.java:1037)
at org.testng.remote.AbstractRemoteTestNG.run(AbstractRemoteTestNG.java:115)
at org.testng.remote.RemoteTestNG.initAndRun(RemoteTestNG.java:251)
at org.testng.remote.RemoteTestNG.main(RemoteTestNG.java:77)
]]>
            </full-stacktrace>
          </exception> <!-- java.lang.AssertionError -->
          <reporter-output>
          </reporter-output>
        </test-method> <!-- test_057_registration_update_entity_name_more_than_40_characters -->
        <test-method signature="test_058_registration_update_birth_date_below_18_years()[pri:58, instance:sila_test_cases.Register_update_registration_data@7a34b7b8]" started-at="2020-12-11T18:34:59 IST" name="test_058_registration_update_birth_date_below_18_years" finished-at="2020-12-11T18:35:00 IST" duration-ms="642" status="PASS">
          <reporter-output>
          </reporter-output>
        </test-method> <!-- test_058_registration_update_birth_date_below_18_years -->
        <test-method signature="test_059_registration_update_birth_date_with_future_date()[pri:59, instance:sila_test_cases.Register_update_registration_data@7a34b7b8]" started-at="2020-12-11T18:35:00 IST" name="test_059_registration_update_birth_date_with_future_date" finished-at="2020-12-11T18:35:00 IST" duration-ms="680" status="PASS">
          <reporter-output>
          </reporter-output>
        </test-method> <!-- test_059_registration_update_birth_date_with_future_date -->
        <test-method signature="test_060_registration_update_birth_date_as_18_years()[pri:60, instance:sila_test_cases.Register_update_registration_data@7a34b7b8]" started-at="2020-12-11T18:35:00 IST" name="test_060_registration_update_birth_date_as_18_years" finished-at="2020-12-11T18:35:01 IST" duration-ms="727" status="PASS">
          <reporter-output>
          </reporter-output>
        </test-method> <!-- test_060_registration_update_birth_date_as_18_years -->
        <test-method signature="test_061_registration_update_birth_date_more_than_18_years()[pri:61, instance:sila_test_cases.Register_update_registration_data@7a34b7b8]" started-at="2020-12-11T18:35:01 IST" name="test_061_registration_update_birth_date_more_than_18_years" finished-at="2020-12-11T18:35:02 IST" duration-ms="650" status="PASS">
          <reporter-output>
          </reporter-output>
        </test-method> <!-- test_061_registration_update_birth_date_more_than_18_years -->
        <test-method is-config="true" signature="EndClass()[pri:0, instance:sila_test_cases.Register_update_registration_data@7a34b7b8]" started-at="2020-12-11T18:35:02 IST" name="EndClass" finished-at="2020-12-11T18:35:02 IST" duration-ms="0" status="PASS">
          <reporter-output>
          </reporter-output>
        </test-method> <!-- EndClass -->
      </class> <!-- sila_test_cases.Register_update_registration_data -->
      <class name="sila_test_cases.Link_business_member">
        <test-method is-config="true" signature="StartClass()[pri:0, instance:sila_test_cases.Link_business_member@1c4ee95c]" started-at="2020-12-11T18:37:44 IST" name="StartClass" finished-at="2020-12-11T18:37:44 IST" duration-ms="0" status="PASS">
          <reporter-output>
          </reporter-output>
        </test-method> <!-- StartClass -->
        <test-method signature="test_01_Link_business_memeber_as_administrator()[pri:1, instance:sila_test_cases.Link_business_member@1c4ee95c]" started-at="2020-12-11T18:37:44 IST" name="test_01_Link_business_memeber_as_administrator" finished-at="2020-12-11T18:37:46 IST" duration-ms="1503" status="PASS">
          <reporter-output>
          </reporter-output>
        </test-method> <!-- test_01_Link_business_memeber_as_administrator -->
        <test-method signature="test_02_Link_business_memeber_When_alredy_linked_as_administrator()[pri:2, instance:sila_test_cases.Link_business_member@1c4ee95c]" started-at="2020-12-11T18:37:46 IST" name="test_02_Link_business_memeber_When_alredy_linked_as_administrator" finished-at="2020-12-11T18:37:47 IST" duration-ms="1489" status="PASS">
          <reporter-output>
          </reporter-output>
        </test-method> <!-- test_02_Link_business_memeber_When_alredy_linked_as_administrator -->
        <test-method signature="test_03_Link_business_memeber_as_ControlOfficer()[pri:3, instance:sila_test_cases.Link_business_member@1c4ee95c]" started-at="2020-12-11T18:37:47 IST" name="test_03_Link_business_memeber_as_ControlOfficer" finished-at="2020-12-11T18:37:48 IST" duration-ms="1368" status="PASS">
          <reporter-output>
          </reporter-output>
        </test-method> <!-- test_03_Link_business_memeber_as_ControlOfficer -->
        <test-method signature="test_04_Link_business_memeber_When_alredy_linked_as_ControlOfficer()[pri:4, instance:sila_test_cases.Link_business_member@1c4ee95c]" started-at="2020-12-11T18:37:48 IST" name="test_04_Link_business_memeber_When_alredy_linked_as_ControlOfficer" finished-at="2020-12-11T18:37:50 IST" duration-ms="1287" status="PASS">
          <reporter-output>
          </reporter-output>
        </test-method> <!-- test_04_Link_business_memeber_When_alredy_linked_as_ControlOfficer -->
        <test-method signature="test_05_Link_business_memeber_as_beneficial_owner()[pri:5, instance:sila_test_cases.Link_business_member@1c4ee95c]" started-at="2020-12-11T18:37:50 IST" name="test_05_Link_business_memeber_as_beneficial_owner" finished-at="2020-12-11T18:37:51 IST" duration-ms="1400" status="PASS">
          <reporter-output>
          </reporter-output>
        </test-method> <!-- test_05_Link_business_memeber_as_beneficial_owner -->
        <test-method signature="test_06_Link_business_memeber_if_already_linked_as_beneficial_owner()[pri:6, instance:sila_test_cases.Link_business_member@1c4ee95c]" started-at="2020-12-11T18:37:51 IST" name="test_06_Link_business_memeber_if_already_linked_as_beneficial_owner" finished-at="2020-12-11T18:37:52 IST" duration-ms="1208" status="PASS">
          <reporter-output>
          </reporter-output>
        </test-method> <!-- test_06_Link_business_memeber_if_already_linked_as_beneficial_owner -->
        <test-method signature="test_07_Link_business_memeber_witn_empty_user_handle()[pri:7, instance:sila_test_cases.Link_business_member@1c4ee95c]" started-at="2020-12-11T18:37:52 IST" name="test_07_Link_business_memeber_witn_empty_user_handle" finished-at="2020-12-11T18:37:54 IST" duration-ms="1227" status="PASS">
          <reporter-output>
          </reporter-output>
        </test-method> <!-- test_07_Link_business_memeber_witn_empty_user_handle -->
        <test-method signature="test_08_Link_business_memeber_witn_empty_business_handle()[pri:8, instance:sila_test_cases.Link_business_member@1c4ee95c]" started-at="2020-12-11T18:37:54 IST" name="test_08_Link_business_memeber_witn_empty_business_handle" finished-at="2020-12-11T18:37:55 IST" duration-ms="1273" status="PASS">
          <reporter-output>
          </reporter-output>
        </test-method> <!-- test_08_Link_business_memeber_witn_empty_business_handle -->
        <test-method signature="test_09_Link_business_memeber_witn_unregistered_user_handle()[pri:9, instance:sila_test_cases.Link_business_member@1c4ee95c]" started-at="2020-12-11T18:37:55 IST" name="test_09_Link_business_memeber_witn_unregistered_user_handle" finished-at="2020-12-11T18:37:56 IST" duration-ms="1280" status="PASS">
          <reporter-output>
          </reporter-output>
        </test-method> <!-- test_09_Link_business_memeber_witn_unregistered_user_handle -->
        <test-method signature="test_10_Link_business_memeber_with_incorrect_user_crypto_address()[pri:10, instance:sila_test_cases.Link_business_member@1c4ee95c]" started-at="2020-12-11T18:37:56 IST" name="test_10_Link_business_memeber_with_incorrect_user_crypto_address" finished-at="2020-12-11T18:37:57 IST" duration-ms="1294" status="PASS">
          <reporter-output>
          </reporter-output>
        </test-method> <!-- test_10_Link_business_memeber_with_incorrect_user_crypto_address -->
        <test-method signature="test_11_Link_business_memeber_with_unregistered_business_handle()[pri:11, instance:sila_test_cases.Link_business_member@1c4ee95c]" started-at="2020-12-11T18:37:57 IST" name="test_11_Link_business_memeber_with_unregistered_business_handle" finished-at="2020-12-11T18:37:59 IST" duration-ms="1537" status="PASS">
          <reporter-output>
          </reporter-output>
        </test-method> <!-- test_11_Link_business_memeber_with_unregistered_business_handle -->
        <test-method signature="test_12_Link_business_memeber_with_incorrect_business_crypto_address()[pri:12, instance:sila_test_cases.Link_business_member@1c4ee95c]" started-at="2020-12-11T18:37:59 IST" name="test_12_Link_business_memeber_with_incorrect_business_crypto_address" finished-at="2020-12-11T18:38:01 IST" duration-ms="1767" status="PASS">
          <reporter-output>
          </reporter-output>
        </test-method> <!-- test_12_Link_business_memeber_with_incorrect_business_crypto_address -->
        <test-method signature="test_13_Link_business_memeber_with_empty_ownershipStake()[pri:13, instance:sila_test_cases.Link_business_member@1c4ee95c]" started-at="2020-12-11T18:38:01 IST" name="test_13_Link_business_memeber_with_empty_ownershipStake" finished-at="2020-12-11T18:38:02 IST" duration-ms="1490" status="PASS">
          <reporter-output>
          </reporter-output>
        </test-method> <!-- test_13_Link_business_memeber_with_empty_ownershipStake -->
        <test-method signature="test_14_Link_business_memeber_with_ownershipStake_value_as_0()[pri:14, instance:sila_test_cases.Link_business_member@1c4ee95c]" started-at="2020-12-11T18:38:02 IST" name="test_14_Link_business_memeber_with_ownershipStake_value_as_0" finished-at="2020-12-11T18:38:04 IST" duration-ms="1409" status="PASS">
          <reporter-output>
          </reporter-output>
        </test-method> <!-- test_14_Link_business_memeber_with_ownershipStake_value_as_0 -->
        <test-method signature="test_15_Link_business_memeber_with_ownershipStake_value_as_1()[pri:15, instance:sila_test_cases.Link_business_member@1c4ee95c]" started-at="2020-12-11T18:38:04 IST" name="test_15_Link_business_memeber_with_ownershipStake_value_as_1" finished-at="2020-12-11T18:38:05 IST" duration-ms="1445" status="PASS">
          <reporter-output>
          </reporter-output>
        </test-method> <!-- test_15_Link_business_memeber_with_ownershipStake_value_as_1 -->
        <test-method signature="test_16_Link_business_memeber_with_ownershipStake_value_as_100()[pri:16, instance:sila_test_cases.Link_business_member@1c4ee95c]" started-at="2020-12-11T18:38:05 IST" name="test_16_Link_business_memeber_with_ownershipStake_value_as_100" finished-at="2020-12-11T18:38:07 IST" duration-ms="1594" status="PASS">
          <reporter-output>
          </reporter-output>
        </test-method> <!-- test_16_Link_business_memeber_with_ownershipStake_value_as_100 -->
        <test-method signature="test_17_Link_business_memeber_with_ownershipStake_value_as_101()[pri:17, instance:sila_test_cases.Link_business_member@1c4ee95c]" started-at="2020-12-11T18:38:07 IST" name="test_17_Link_business_memeber_with_ownershipStake_value_as_101" finished-at="2020-12-11T18:38:08 IST" duration-ms="1597" status="PASS">
          <reporter-output>
          </reporter-output>
        </test-method> <!-- test_17_Link_business_memeber_with_ownershipStake_value_as_101 -->
        <test-method signature="test_18_Link_business_memeber_with_ownershipStake_as_negative()[pri:18, instance:sila_test_cases.Link_business_member@1c4ee95c]" started-at="2020-12-11T18:38:08 IST" name="test_18_Link_business_memeber_with_ownershipStake_as_negative" finished-at="2020-12-11T18:38:09 IST" duration-ms="1041" status="PASS">
          <reporter-output>
          </reporter-output>
        </test-method> <!-- test_18_Link_business_memeber_with_ownershipStake_as_negative -->
        <test-method signature="test_19_Link_business_memeber_with_empty_details_field()[pri:19, instance:sila_test_cases.Link_business_member@1c4ee95c]" started-at="2020-12-11T18:38:09 IST" name="test_19_Link_business_memeber_with_empty_details_field" finished-at="2020-12-11T18:38:11 IST" duration-ms="1229" status="PASS">
          <reporter-output>
          </reporter-output>
        </test-method> <!-- test_19_Link_business_memeber_with_empty_details_field -->
        <test-method is-config="true" signature="EndClass()[pri:0, instance:sila_test_cases.Link_business_member@1c4ee95c]" started-at="2020-12-11T18:38:11 IST" name="EndClass" finished-at="2020-12-11T18:38:11 IST" duration-ms="0" status="PASS">
          <reporter-output>
          </reporter-output>
        </test-method> <!-- EndClass -->
      </class> <!-- sila_test_cases.Link_business_member -->
      <class name="sila_test_cases.Plaid_sameday_auth">
        <test-method is-config="true" signature="StartClass()[pri:0, instance:sila_test_cases.Plaid_sameday_auth@64b31700]" started-at="2020-12-11T18:35:34 IST" name="StartClass" finished-at="2020-12-11T18:35:34 IST" duration-ms="0" status="PASS">
          <reporter-output>
          </reporter-output>
        </test-method> <!-- StartClass -->
        <test-method signature="Test_01_plaid_sameday_auth_with_unregistered_user_handle()[pri:1, instance:sila_test_cases.Plaid_sameday_auth@64b31700]" started-at="2020-12-11T18:35:34 IST" name="Test_01_plaid_sameday_auth_with_unregistered_user_handle" finished-at="2020-12-11T18:35:35 IST" duration-ms="471" status="PASS">
          <reporter-output>
          </reporter-output>
        </test-method> <!-- Test_01_plaid_sameday_auth_with_unregistered_user_handle -->
        <test-method signature="Test_02_plaid_sameday_auth_with_empty_user_handle()[pri:2, instance:sila_test_cases.Plaid_sameday_auth@64b31700]" started-at="2020-12-11T18:35:35 IST" name="Test_02_plaid_sameday_auth_with_empty_user_handle" finished-at="2020-12-11T18:35:35 IST" duration-ms="481" status="PASS">
          <reporter-output>
          </reporter-output>
        </test-method> <!-- Test_02_plaid_sameday_auth_with_empty_user_handle -->
        <test-method signature="Test_03_plaid_sameday_auth_with_empty_account_name()[pri:3, instance:sila_test_cases.Plaid_sameday_auth@64b31700]" started-at="2020-12-11T18:35:35 IST" name="Test_03_plaid_sameday_auth_with_empty_account_name" finished-at="2020-12-11T18:35:36 IST" duration-ms="401" status="PASS">
          <reporter-output>
          </reporter-output>
        </test-method> <!-- Test_03_plaid_sameday_auth_with_empty_account_name -->
        <test-method signature="Test_04_plaid_sameday_auth_with_default_account_name()[pri:4, instance:sila_test_cases.Plaid_sameday_auth@64b31700]" started-at="2020-12-11T18:35:36 IST" name="Test_04_plaid_sameday_auth_with_default_account_name" finished-at="2020-12-11T18:35:36 IST" duration-ms="553" status="PASS">
          <reporter-output>
          </reporter-output>
        </test-method> <!-- Test_04_plaid_sameday_auth_with_default_account_name -->
        <test-method signature="Test_05_plaid_sameday_auth_with_incorrect_account_name()[pri:5, instance:sila_test_cases.Plaid_sameday_auth@64b31700]" started-at="2020-12-11T18:35:36 IST" name="Test_05_plaid_sameday_auth_with_incorrect_account_name" finished-at="2020-12-11T18:35:37 IST" duration-ms="637" status="PASS">
          <reporter-output>
          </reporter-output>
        </test-method> <!-- Test_05_plaid_sameday_auth_with_incorrect_account_name -->
        <test-method signature="Test_06_plaid_sameday_auth_with_Response401()[pri:6, instance:sila_test_cases.Plaid_sameday_auth@64b31700]" started-at="2020-12-11T18:35:37 IST" name="Test_06_plaid_sameday_auth_with_Response401" finished-at="2020-12-11T18:35:37 IST" duration-ms="427" status="PASS">
          <reporter-output>
          </reporter-output>
        </test-method> <!-- Test_06_plaid_sameday_auth_with_Response401 -->
        <test-method signature="test_07_plaid_same_day_with_different_private_key()[pri:7, instance:sila_test_cases.Plaid_sameday_auth@64b31700]" started-at="2020-12-11T18:35:37 IST" name="test_07_plaid_same_day_with_different_private_key" finished-at="2020-12-11T18:35:38 IST" duration-ms="534" status="PASS">
          <reporter-output>
          </reporter-output>
        </test-method> <!-- test_07_plaid_same_day_with_different_private_key -->
        <test-method is-config="true" signature="EndClass()[pri:0, instance:sila_test_cases.Plaid_sameday_auth@64b31700]" started-at="2020-12-11T18:35:38 IST" name="EndClass" finished-at="2020-12-11T18:35:38 IST" duration-ms="0" status="PASS">
          <reporter-output>
          </reporter-output>
        </test-method> <!-- EndClass -->
      </class> <!-- sila_test_cases.Plaid_sameday_auth -->
      <class name="sila_test_cases.Get_entity">
        <test-method is-config="true" signature="StartClass()[pri:0, instance:sila_test_cases.Get_entity@5aa360ea]" started-at="2020-12-11T18:38:27 IST" name="StartClass" finished-at="2020-12-11T18:38:27 IST" duration-ms="0" status="PASS">
          <reporter-output>
          </reporter-output>
        </test-method> <!-- StartClass -->
        <test-method signature="test_01_Get_entity_for_individual_user()[pri:2, instance:sila_test_cases.Get_entity@5aa360ea]" started-at="2020-12-11T18:38:27 IST" name="test_01_Get_entity_for_individual_user" finished-at="2020-12-11T18:38:28 IST" duration-ms="819" status="PASS">
          <reporter-output>
          </reporter-output>
        </test-method> <!-- test_01_Get_entity_for_individual_user -->
        <test-method signature="test_02_Get_entity_with_empyt_user_handle()[pri:2, instance:sila_test_cases.Get_entity@5aa360ea]" started-at="2020-12-11T18:38:28 IST" name="test_02_Get_entity_with_empyt_user_handle" finished-at="2020-12-11T18:38:29 IST" duration-ms="453" status="PASS">
          <reporter-output>
          </reporter-output>
        </test-method> <!-- test_02_Get_entity_with_empyt_user_handle -->
        <test-method signature="test_03_Get_entity_with_unregistered_user_handle()[pri:3, instance:sila_test_cases.Get_entity@5aa360ea]" started-at="2020-12-11T18:38:29 IST" name="test_03_Get_entity_with_unregistered_user_handle" finished-at="2020-12-11T18:38:29 IST" duration-ms="492" status="PASS">
          <reporter-output>
          </reporter-output>
        </test-method> <!-- test_03_Get_entity_with_unregistered_user_handle -->
        <test-method signature="test_04_Get_entity_with_invalid_crypto_key()[pri:4, instance:sila_test_cases.Get_entity@5aa360ea]" started-at="2020-12-11T18:38:29 IST" name="test_04_Get_entity_with_invalid_crypto_key" finished-at="2020-12-11T18:38:30 IST" duration-ms="783" status="PASS">
          <reporter-output>
          </reporter-output>
        </test-method> <!-- test_04_Get_entity_with_invalid_crypto_key -->
        <test-method signature="test_05_Get_entity_for_business_user()[pri:5, instance:sila_test_cases.Get_entity@5aa360ea]" started-at="2020-12-11T18:38:30 IST" name="test_05_Get_entity_for_business_user" finished-at="2020-12-11T18:38:31 IST" duration-ms="789" status="PASS">
          <reporter-output>
          </reporter-output>
        </test-method> <!-- test_05_Get_entity_for_business_user -->
        <test-method is-config="true" signature="EndClass()[pri:0, instance:sila_test_cases.Get_entity@5aa360ea]" started-at="2020-12-11T18:38:31 IST" name="EndClass" finished-at="2020-12-11T18:38:31 IST" duration-ms="0" status="PASS">
          <reporter-output>
          </reporter-output>
        </test-method> <!-- EndClass -->
      </class> <!-- sila_test_cases.Get_entity -->
      <class name="sila_test_cases.Upload_document">
        <test-method is-config="true" signature="StartClass()[pri:0, instance:sila_test_cases.Upload_document@74a9c4b0]" started-at="2020-12-11T18:35:50 IST" name="StartClass" finished-at="2020-12-11T18:35:50 IST" duration-ms="0" status="PASS">
          <reporter-output>
          </reporter-output>
        </test-method> <!-- StartClass -->
        <test-method signature="Test_01_upload_document_with_png_extension_file()[pri:1, instance:sila_test_cases.Upload_document@74a9c4b0]" started-at="2020-12-11T18:35:50 IST" name="Test_01_upload_document_with_png_extension_file" finished-at="2020-12-11T18:35:56 IST" duration-ms="5645" status="PASS">
          <reporter-output>
          </reporter-output>
        </test-method> <!-- Test_01_upload_document_with_png_extension_file -->
        <test-method signature="Test_54_upload_document_with_document_type_id_passport_card()[pri:1, instance:sila_test_cases.Upload_document@74a9c4b0]" started-at="2020-12-11T18:35:56 IST" name="Test_54_upload_document_with_document_type_id_passport_card" finished-at="2020-12-11T18:35:57 IST" duration-ms="1065" status="PASS">
          <reporter-output>
          </reporter-output>
        </test-method> <!-- Test_54_upload_document_with_document_type_id_passport_card -->
        <test-method signature="Test_02_upload_document_with_jpg_extension_file()[pri:2, instance:sila_test_cases.Upload_document@74a9c4b0]" started-at="2020-12-11T18:35:57 IST" name="Test_02_upload_document_with_jpg_extension_file" finished-at="2020-12-11T18:35:58 IST" duration-ms="1273" status="PASS">
          <reporter-output>
          </reporter-output>
        </test-method> <!-- Test_02_upload_document_with_jpg_extension_file -->
        <test-method signature="Test_03_upload_document_with_pdf_extension_file()[pri:3, instance:sila_test_cases.Upload_document@74a9c4b0]" started-at="2020-12-11T18:35:58 IST" name="Test_03_upload_document_with_pdf_extension_file" finished-at="2020-12-11T18:35:59 IST" duration-ms="955" status="PASS">
          <reporter-output>
          </reporter-output>
        </test-method> <!-- Test_03_upload_document_with_pdf_extension_file -->
        <test-method signature="Test_04_upload_document_without_requested_kyc()[pri:4, instance:sila_test_cases.Upload_document@74a9c4b0]" started-at="2020-12-11T18:35:59 IST" name="Test_04_upload_document_without_requested_kyc" finished-at="2020-12-11T18:36:00 IST" duration-ms="961" status="PASS">
          <reporter-output>
          </reporter-output>
        </test-method> <!-- Test_04_upload_document_without_requested_kyc -->
        <test-method signature="Test_15_upload_document_with_empty_user_handle()[pri:15, instance:sila_test_cases.Upload_document@74a9c4b0]" started-at="2020-12-11T18:36:00 IST" name="Test_15_upload_document_with_empty_user_handle" finished-at="2020-12-11T18:36:01 IST" duration-ms="648" status="PASS">
          <reporter-output>
          </reporter-output>
        </test-method> <!-- Test_15_upload_document_with_empty_user_handle -->
        <test-method signature="Test_16_upload_document_with_empty_filename_field()[pri:16, instance:sila_test_cases.Upload_document@74a9c4b0]" started-at="2020-12-11T18:36:01 IST" name="Test_16_upload_document_with_empty_filename_field" finished-at="2020-12-11T18:36:01 IST" duration-ms="625" status="PASS">
          <reporter-output>
          </reporter-output>
        </test-method> <!-- Test_16_upload_document_with_empty_filename_field -->
        <test-method signature="Test_19_upload_document_with_empty_mime_type_field()[pri:19, instance:sila_test_cases.Upload_document@74a9c4b0]" started-at="2020-12-11T18:36:01 IST" name="Test_19_upload_document_with_empty_mime_type_field" finished-at="2020-12-11T18:36:02 IST" duration-ms="647" status="PASS">
          <reporter-output>
          </reporter-output>
        </test-method> <!-- Test_19_upload_document_with_empty_mime_type_field -->
        <test-method signature="Test_20_upload_document_with_invalid_mime_type_field()[pri:20, instance:sila_test_cases.Upload_document@74a9c4b0]" started-at="2020-12-11T18:36:02 IST" name="Test_20_upload_document_with_invalid_mime_type_field" finished-at="2020-12-11T18:36:03 IST" duration-ms="945" status="PASS">
          <reporter-output>
          </reporter-output>
        </test-method> <!-- Test_20_upload_document_with_invalid_mime_type_field -->
        <test-method signature="Test_27_upload_document_with_empty_document_type_field()[pri:27, instance:sila_test_cases.Upload_document@74a9c4b0]" started-at="2020-12-11T18:36:03 IST" name="Test_27_upload_document_with_empty_document_type_field" finished-at="2020-12-11T18:36:04 IST" duration-ms="634" status="PASS">
          <reporter-output>
          </reporter-output>
        </test-method> <!-- Test_27_upload_document_with_empty_document_type_field -->
        <test-method signature="Test_28_upload_document_with_invalid_document_type_field()[pri:28, instance:sila_test_cases.Upload_document@74a9c4b0]" started-at="2020-12-11T18:36:04 IST" name="Test_28_upload_document_with_invalid_document_type_field" finished-at="2020-12-11T18:36:04 IST" duration-ms="818" status="PASS">
          <reporter-output>
          </reporter-output>
        </test-method> <!-- Test_28_upload_document_with_invalid_document_type_field -->
        <test-method signature="Test_29_upload_document_with_document_type_tax_1040()[pri:29, instance:sila_test_cases.Upload_document@74a9c4b0]" started-at="2020-12-11T18:36:04 IST" name="Test_29_upload_document_with_document_type_tax_1040" finished-at="2020-12-11T18:36:05 IST" duration-ms="923" status="PASS">
          <reporter-output>
          </reporter-output>
        </test-method> <!-- Test_29_upload_document_with_document_type_tax_1040 -->
        <test-method signature="Test_30_upload_document_with_document_type_vtl_birth_certificate()[pri:30, instance:sila_test_cases.Upload_document@74a9c4b0]" started-at="2020-12-11T18:36:05 IST" name="Test_30_upload_document_with_document_type_vtl_birth_certificate" finished-at="2020-12-11T18:36:06 IST" duration-ms="917" status="PASS">
          <reporter-output>
          </reporter-output>
        </test-method> <!-- Test_30_upload_document_with_document_type_vtl_birth_certificate -->
        <test-method signature="Test_31_upload_document_with_document_type_doc_name_change()[pri:31, instance:sila_test_cases.Upload_document@74a9c4b0]" started-at="2020-12-11T18:36:06 IST" name="Test_31_upload_document_with_document_type_doc_name_change" finished-at="2020-12-11T18:36:07 IST" duration-ms="934" status="PASS">
          <reporter-output>
          </reporter-output>
        </test-method> <!-- Test_31_upload_document_with_document_type_doc_name_change -->
        <test-method signature="Test_32_upload_document_with_document_type_vtl_divorce()[pri:32, instance:sila_test_cases.Upload_document@74a9c4b0]" started-at="2020-12-11T18:36:07 IST" name="Test_32_upload_document_with_document_type_vtl_divorce" finished-at="2020-12-11T18:36:08 IST" duration-ms="984" status="PASS">
          <reporter-output>
          </reporter-output>
        </test-method> <!-- Test_32_upload_document_with_document_type_vtl_divorce -->
        <test-method signature="Test_33_upload_document_with_document_type_id_drivers_permit()[pri:33, instance:sila_test_cases.Upload_document@74a9c4b0]" started-at="2020-12-11T18:36:08 IST" name="Test_33_upload_document_with_document_type_id_drivers_permit" finished-at="2020-12-11T18:36:09 IST" duration-ms="906" status="PASS">
          <reporter-output>
          </reporter-output>
        </test-method> <!-- Test_33_upload_document_with_document_type_id_drivers_permit -->
        <test-method signature="Test_34_upload_document_with_document_type_tax_w2()[pri:34, instance:sila_test_cases.Upload_document@74a9c4b0]" started-at="2020-12-11T18:36:09 IST" name="Test_34_upload_document_with_document_type_tax_w2" finished-at="2020-12-11T18:36:10 IST" duration-ms="961" status="PASS">
          <reporter-output>
          </reporter-output>
        </test-method> <!-- Test_34_upload_document_with_document_type_tax_w2 -->
        <test-method signature="Test_35_upload_document_with_document_type_doc_lease()[pri:35, instance:sila_test_cases.Upload_document@74a9c4b0]" started-at="2020-12-11T18:36:10 IST" name="Test_35_upload_document_with_document_type_doc_lease" finished-at="2020-12-11T18:36:11 IST" duration-ms="937" status="PASS">
          <reporter-output>
          </reporter-output>
        </test-method> <!-- Test_35_upload_document_with_document_type_doc_lease -->
        <test-method signature="Test_36_upload_document_with_document_type_vtl_marriage()[pri:36, instance:sila_test_cases.Upload_document@74a9c4b0]" started-at="2020-12-11T18:36:11 IST" name="Test_36_upload_document_with_document_type_vtl_marriage" finished-at="2020-12-11T18:36:12 IST" duration-ms="949" status="PASS">
          <reporter-output>
          </reporter-output>
        </test-method> <!-- Test_36_upload_document_with_document_type_vtl_marriage -->
        <test-method signature="Test_37_upload_document_with_document_type_id_military_dependent()[pri:37, instance:sila_test_cases.Upload_document@74a9c4b0]" started-at="2020-12-11T18:36:12 IST" name="Test_37_upload_document_with_document_type_id_military_dependent" finished-at="2020-12-11T18:36:13 IST" duration-ms="907" status="PASS">
          <reporter-output>
          </reporter-output>
        </test-method> <!-- Test_37_upload_document_with_document_type_id_military_dependent -->
        <test-method signature="Test_38_upload_document_with_document_type_id_military()[pri:38, instance:sila_test_cases.Upload_document@74a9c4b0]" started-at="2020-12-11T18:36:13 IST" name="Test_38_upload_document_with_document_type_id_military" finished-at="2020-12-11T18:36:14 IST" duration-ms="973" status="PASS">
          <reporter-output>
          </reporter-output>
        </test-method> <!-- Test_38_upload_document_with_document_type_id_military -->
        <test-method signature="Test_39_upload_document_with_document_type_doc_mortgage()[pri:39, instance:sila_test_cases.Upload_document@74a9c4b0]" started-at="2020-12-11T18:36:14 IST" name="Test_39_upload_document_with_document_type_doc_mortgage" finished-at="2020-12-11T18:36:15 IST" duration-ms="955" status="PASS">
          <reporter-output>
          </reporter-output>
        </test-method> <!-- Test_39_upload_document_with_document_type_doc_mortgage -->
        <test-method signature="Test_40_upload_document_with_document_type_id_nyc_id()[pri:40, instance:sila_test_cases.Upload_document@74a9c4b0]" started-at="2020-12-11T18:36:15 IST" name="Test_40_upload_document_with_document_type_id_nyc_id" finished-at="2020-12-11T18:36:16 IST" duration-ms="959" status="PASS">
          <reporter-output>
          </reporter-output>
        </test-method> <!-- Test_40_upload_document_with_document_type_id_nyc_id -->
        <test-method signature="Test_41_upload_document_with_document_type_other_doc()[pri:41, instance:sila_test_cases.Upload_document@74a9c4b0]" started-at="2020-12-11T18:36:16 IST" name="Test_41_upload_document_with_document_type_other_doc" finished-at="2020-12-11T18:36:17 IST" duration-ms="981" status="PASS">
          <reporter-output>
          </reporter-output>
        </test-method> <!-- Test_41_upload_document_with_document_type_other_doc -->
        <test-method signature="Test_42_upload_document_with_document_type_other_id()[pri:42, instance:sila_test_cases.Upload_document@74a9c4b0]" started-at="2020-12-11T18:36:17 IST" name="Test_42_upload_document_with_document_type_other_id" finished-at="2020-12-11T18:36:18 IST" duration-ms="896" status="PASS">
          <reporter-output>
          </reporter-output>
        </test-method> <!-- Test_42_upload_document_with_document_type_other_id -->
[...]
at org.testng.remote.RemoteTestNG.main(RemoteTestNG.java:77)
]]>
            </full-stacktrace>
          </exception> <!-- java.lang.AssertionError -->
          <reporter-output>
          </reporter-output>
        </test-method> <!-- test_041_registration_add_address_with_empty_state -->
        <test-method signature="test_042_registration_add_adress_with_less_than_2_chars_state_field()[pri:42, instance:sila_test_cases.Register_add_registration_data@66b72664]" started-at="2020-12-11T18:33:41 IST" name="test_042_registration_add_adress_with_less_than_2_chars_state_field" finished-at="2020-12-11T18:33:43 IST" duration-ms="1280" status="PASS">
          <reporter-output>
          </reporter-output>
        </test-method> <!-- test_042_registration_add_adress_with_less_than_2_chars_state_field -->
        <test-method signature="test_043_registration_add_adress_with_more_than_2_chars_state_field()[pri:43, instance:sila_test_cases.Register_add_registration_data@66b72664]" started-at="2020-12-11T18:33:43 IST" name="test_043_registration_add_adress_with_more_than_2_chars_state_field" finished-at="2020-12-11T18:33:44 IST" duration-ms="1259" status="PASS">
          <reporter-output>
          </reporter-output>
        </test-method> <!-- test_043_registration_add_adress_with_more_than_2_chars_state_field -->
        <test-method signature="test_044_registration_add_address_with_invalid_abbreviations_for_US_states()[pri:44, instance:sila_test_cases.Register_add_registration_data@66b72664]" started-at="2020-12-11T18:33:44 IST" name="test_044_registration_add_address_with_invalid_abbreviations_for_US_states" finished-at="2020-12-11T18:33:45 IST" duration-ms="648" status="PASS">
          <reporter-output>
          </reporter-output>
        </test-method> <!-- test_044_registration_add_address_with_invalid_abbreviations_for_US_states -->
        <test-method signature="test_045_registration_add_address_with_empty_postal_code()[pri:45, instance:sila_test_cases.Register_add_registration_data@66b72664]" started-at="2020-12-11T18:33:45 IST" name="test_045_registration_add_address_with_empty_postal_code" finished-at="2020-12-11T18:33:45 IST" duration-ms="639" status="FAIL">
          <exception class="java.lang.AssertionError">
            <message>
              <![CDATA[expected [400] but found [200]]]>
            </message>
            <full-stacktrace>
              <![CDATA[java.lang.AssertionError: expected [400] but found [200]
at org.testng.Assert.fail(Assert.java:99)
at org.testng.Assert.failNotEquals(Assert.java:1037)
at org.testng.Assert.assertEqualsImpl(Assert.java:140)
at org.testng.Assert.assertEquals(Assert.java:122)
at org.testng.Assert.assertEquals(Assert.java:907)
at org.testng.Assert.assertEquals(Assert.java:917)
at sila_test_cases.Register_add_registration_data.test_045_registration_add_address_with_empty_postal_code(Register_add_registration_data.java:942)
at java.base/jdk.internal.reflect.NativeMethodAccessorImpl.invoke0(Native Method)
at java.base/jdk.internal.reflect.NativeMethodAccessorImpl.invoke(NativeMethodAccessorImpl.java:62)
at java.base/jdk.internal.reflect.DelegatingMethodAccessorImpl.invoke(DelegatingMethodAccessorImpl.java:43)
at java.base/java.lang.reflect.Method.invoke(Method.java:564)
at org.testng.internal.MethodInvocationHelper.invokeMethod(MethodInvocationHelper.java:132)
at org.testng.internal.TestInvoker.invokeMethod(TestInvoker.java:599)
at org.testng.internal.TestInvoker.invokeTestMethod(TestInvoker.java:174)
at org.testng.internal.MethodRunner.runInSequence(MethodRunner.java:46)
at org.testng.internal.TestInvoker$MethodInvocationAgent.invoke(TestInvoker.java:822)
at org.testng.internal.TestInvoker.invokeTestMethods(TestInvoker.java:147)
at org.testng.internal.TestMethodWorker.invokeTestMethods(TestMethodWorker.java:146)
at org.testng.internal.TestMethodWorker.run(TestMethodWorker.java:128)
at java.base/java.util.ArrayList.forEach(ArrayList.java:1511)
at org.testng.TestRunner.privateRun(TestRunner.java:764)
at org.testng.TestRunner.run(TestRunner.java:585)
at org.testng.SuiteRunner.runTest(SuiteRunner.java:384)
at org.testng.SuiteRunner.runSequentially(SuiteRunner.java:378)
at org.testng.SuiteRunner.privateRun(SuiteRunner.java:337)
at org.testng.SuiteRunner.run(SuiteRunner.java:286)
at org.testng.SuiteRunnerWorker.runSuite(SuiteRunnerWorker.java:53)
at org.testng.SuiteRunnerWorker.run(SuiteRunnerWorker.java:96)
at org.testng.TestNG.runSuitesSequentially(TestNG.java:1218)
at org.testng.TestNG.runSuitesLocally(TestNG.java:1140)
at org.testng.TestNG.runSuites(TestNG.java:1069)
at org.testng.TestNG.run(TestNG.java:1037)
at org.testng.remote.AbstractRemoteTestNG.run(AbstractRemoteTestNG.java:115)
at org.testng.remote.RemoteTestNG.initAndRun(RemoteTestNG.java:251)
at org.testng.remote.RemoteTestNG.main(RemoteTestNG.java:77)
]]>
            </full-stacktrace>
          </exception> <!-- java.lang.AssertionError -->
          <reporter-output>
          </reporter-output>
        </test-method> <!-- test_045_registration_add_address_with_empty_postal_code -->
        <test-method signature="test_046_registration_add_address_with_more_than_max_length_postal_code()[pri:46, instance:sila_test_cases.Register_add_registration_data@66b72664]" started-at="2020-12-11T18:33:45 IST" name="test_046_registration_add_address_with_more_than_max_length_postal_code" finished-at="2020-12-11T18:33:47 IST" duration-ms="1239" status="PASS">
          <reporter-output>
          </reporter-output>
        </test-method> <!-- test_046_registration_add_address_with_more_than_max_length_postal_code -->
        <test-method signature="test_047_registration_add_address_with_10_digitss_postal_code()[pri:47, instance:sila_test_cases.Register_add_registration_data@66b72664]" started-at="2020-12-11T18:33:47 IST" name="test_047_registration_add_address_with_10_digitss_postal_code" finished-at="2020-12-11T18:33:47 IST" duration-ms="595" status="PASS">
          <reporter-output>
          </reporter-output>
        </test-method> <!-- test_047_registration_add_address_with_10_digitss_postal_code -->
        <test-method signature="test_049_registration_add_address_with_empty_country()[pri:49, instance:sila_test_cases.Register_add_registration_data@66b72664]" started-at="2020-12-11T18:33:47 IST" name="test_049_registration_add_address_with_empty_country" finished-at="2020-12-11T18:33:48 IST" duration-ms="712" status="FAIL">
          <exception class="java.lang.AssertionError">
            <message>
              <![CDATA[expected [400] but found [200]]]>
            </message>
            <full-stacktrace>
              <![CDATA[java.lang.AssertionError: expected [400] but found [200]
at org.testng.Assert.fail(Assert.java:99)
at org.testng.Assert.failNotEquals(Assert.java:1037)
at org.testng.Assert.assertEqualsImpl(Assert.java:140)
at org.testng.Assert.assertEquals(Assert.java:122)
at org.testng.Assert.assertEquals(Assert.java:907)
at org.testng.Assert.assertEquals(Assert.java:917)
at sila_test_cases.Register_add_registration_data.test_049_registration_add_address_with_empty_country(Register_add_registration_data.java:1025)
at java.base/jdk.internal.reflect.NativeMethodAccessorImpl.invoke0(Native Method)
at java.base/jdk.internal.reflect.NativeMethodAccessorImpl.invoke(NativeMethodAccessorImpl.java:62)
at java.base/jdk.internal.reflect.DelegatingMethodAccessorImpl.invoke(DelegatingMethodAccessorImpl.java:43)
at java.base/java.lang.reflect.Method.invoke(Method.java:564)
at org.testng.internal.MethodInvocationHelper.invokeMethod(MethodInvocationHelper.java:132)
at org.testng.internal.TestInvoker.invokeMethod(TestInvoker.java:599)
at org.testng.internal.TestInvoker.invokeTestMethod(TestInvoker.java:174)
at org.testng.internal.MethodRunner.runInSequence(MethodRunner.java:46)
at org.testng.internal.TestInvoker$MethodInvocationAgent.invoke(TestInvoker.java:822)
at org.testng.internal.TestInvoker.invokeTestMethods(TestInvoker.java:147)
at org.testng.internal.TestMethodWorker.invokeTestMethods(TestMethodWorker.java:146)
at org.testng.internal.TestMethodWorker.run(TestMethodWorker.java:128)
at java.base/java.util.ArrayList.forEach(ArrayList.java:1511)
at org.testng.TestRunner.privateRun(TestRunner.java:764)
at org.testng.TestRunner.run(TestRunner.java:585)
at org.testng.SuiteRunner.runTest(SuiteRunner.java:384)
at org.testng.SuiteRunner.runSequentially(SuiteRunner.java:378)
at org.testng.SuiteRunner.privateRun(SuiteRunner.java:337)
at org.testng.SuiteRunner.run(SuiteRunner.java:286)
at org.testng.SuiteRunnerWorker.runSuite(SuiteRunnerWorker.java:53)
at org.testng.SuiteRunnerWorker.run(SuiteRunnerWorker.java:96)
at org.testng.TestNG.runSuitesSequentially(TestNG.java:1218)
at org.testng.TestNG.runSuitesLocally(TestNG.java:1140)
at org.testng.TestNG.runSuites(TestNG.java:1069)
at org.testng.TestNG.run(TestNG.java:1037)
at org.testng.remote.AbstractRemoteTestNG.run(AbstractRemoteTestNG.java:115)
at org.testng.remote.RemoteTestNG.initAndRun(RemoteTestNG.java:251)
at org.testng.remote.RemoteTestNG.main(RemoteTestNG.java:77)
]]>
            </full-stacktrace>
          </exception> <!-- java.lang.AssertionError -->
          <reporter-output>
          </reporter-output>
        </test-method> <!-- test_049_registration_add_address_with_empty_country -->
        <test-method signature="test_050_registration_add_address_with_another_country_name()[pri:50, instance:sila_test_cases.Register_add_registration_data@66b72664]" started-at="2020-12-11T18:33:48 IST" name="test_050_registration_add_address_with_another_country_name" finished-at="2020-12-11T18:33:49 IST" duration-ms="1270" status="PASS">
          <reporter-output>
          </reporter-output>
        </test-method> <!-- test_050_registration_add_address_with_another_country_name -->
        <test-method signature="test_051_registration_add_address_with_less_than_2_characters_country_name()[pri:51, instance:sila_test_cases.Register_add_registration_data@66b72664]" started-at="2020-12-11T18:33:49 IST" name="test_051_registration_add_address_with_less_than_2_characters_country_name" finished-at="2020-12-11T18:33:51 IST" duration-ms="1517" status="PASS">
          <reporter-output>
          </reporter-output>
        </test-method> <!-- test_051_registration_add_address_with_less_than_2_characters_country_name -->
        <test-method signature="test_052_registration_add_address_with_more_than_2_characters_country_name()[pri:52, instance:sila_test_cases.Register_add_registration_data@66b72664]" started-at="2020-12-11T18:33:51 IST" name="test_052_registration_add_address_with_more_than_2_characters_country_name" finished-at="2020-12-11T18:33:52 IST" duration-ms="1676" status="PASS">
          <reporter-output>
          </reporter-output>
        </test-method> <!-- test_052_registration_add_address_with_more_than_2_characters_country_name -->
        <test-method signature="test_053_registration_add_address_with_lower_case_country_name()[pri:53, instance:sila_test_cases.Register_add_registration_data@66b72664]" started-at="2020-12-11T18:33:52 IST" name="test_053_registration_add_address_with_lower_case_country_name" finished-at="2020-12-11T18:33:54 IST" duration-ms="1284" status="PASS">
          <reporter-output>
          </reporter-output>
        </test-method> <!-- test_053_registration_add_address_with_lower_case_country_name -->
        <test-method signature="test_054_registration_add_address_successfully()[pri:54, instance:sila_test_cases.Register_add_registration_data@66b72664]" started-at="2020-12-11T18:33:54 IST" name="test_054_registration_add_address_successfully" finished-at="2020-12-11T18:33:55 IST" duration-ms="1599" status="PASS">
          <reporter-output>
          </reporter-output>
        </test-method> <!-- test_054_registration_add_address_successfully -->
        <test-method is-config="true" signature="EndClass()[pri:0, instance:sila_test_cases.Register_add_registration_data@66b72664]" started-at="2020-12-11T18:33:55 IST" name="EndClass" finished-at="2020-12-11T18:33:55 IST" duration-ms="1" status="PASS">
          <reporter-output>
          </reporter-output>
        </test-method> <!-- EndClass -->
      </class> <!-- sila_test_cases.Register_add_registration_data -->
      <class name="sila_test_cases.List_document">
        <test-method is-config="true" signature="StartClass()[pri:0, instance:sila_test_cases.List_document@85ec632]" started-at="2020-12-11T18:36:41 IST" name="StartClass" finished-at="2020-12-11T18:36:41 IST" duration-ms="0" status="PASS">
          <reporter-output>
          </reporter-output>
        </test-method> <!-- StartClass -->
        <test-method signature="Test_01_get_list_document_with_fields()[pri:1, instance:sila_test_cases.List_document@85ec632]" started-at="2020-12-11T18:36:41 IST" name="Test_01_get_list_document_with_fields" finished-at="2020-12-11T18:36:42 IST" duration-ms="1266" status="PASS">
          <reporter-output>
          </reporter-output>
        </test-method> <!-- Test_01_get_list_document_with_fields -->
        <test-method signature="Test_02_get_list_document_with_empty_user_handle_field()[pri:2, instance:sila_test_cases.List_document@85ec632]" started-at="2020-12-11T18:36:42 IST" name="Test_02_get_list_document_with_empty_user_handle_field" finished-at="2020-12-11T18:36:43 IST" duration-ms="668" status="PASS">
          <reporter-output>
          </reporter-output>
        </test-method> <!-- Test_02_get_list_document_with_empty_user_handle_field -->
        <test-method signature="Test_03_get_list_document_with_unregistered_user_handle_field()[pri:3, instance:sila_test_cases.List_document@85ec632]" started-at="2020-12-11T18:36:43 IST" name="Test_03_get_list_document_with_unregistered_user_handle_field" finished-at="2020-12-11T18:36:44 IST" duration-ms="1223" status="PASS">
          <reporter-output>
          </reporter-output>
        </test-method> <!-- Test_03_get_list_document_with_unregistered_user_handle_field -->
        <test-method signature="Test_04_get_list_document_with_different_user_handle_field()[pri:4, instance:sila_test_cases.List_document@85ec632]" started-at="2020-12-11T18:36:44 IST" name="Test_04_get_list_document_with_different_user_handle_field" finished-at="2020-12-11T18:36:45 IST" duration-ms="1067" status="PASS">
          <reporter-output>
          </reporter-output>
        </test-method> <!-- Test_04_get_list_document_with_different_user_handle_field -->
        <test-method signature="Test_05_get_list_document_without_search_field()[pri:5, instance:sila_test_cases.List_document@85ec632]" started-at="2020-12-11T18:36:45 IST" name="Test_05_get_list_document_without_search_field" finished-at="2020-12-11T18:36:46 IST" duration-ms="1205" status="PASS">
          <reporter-output>
          </reporter-output>
        </test-method> <!-- Test_05_get_list_document_without_search_field -->
        <test-method signature="Test_06_get_list_document_with_empty_start_date()[pri:6, instance:sila_test_cases.List_document@85ec632]" started-at="2020-12-11T18:36:46 IST" name="Test_06_get_list_document_with_empty_start_date" finished-at="2020-12-11T18:36:47 IST" duration-ms="1261" status="PASS">
          <reporter-output>
          </reporter-output>
        </test-method> <!-- Test_06_get_list_document_with_empty_start_date -->
        <test-method signature="Test_07_get_list_document_with_empty_end_date()[pri:7, instance:sila_test_cases.List_document@85ec632]" started-at="2020-12-11T18:36:47 IST" name="Test_07_get_list_document_with_empty_end_date" finished-at="2020-12-11T18:36:48 IST" duration-ms="1043" status="PASS">
          <reporter-output>
          </reporter-output>
        </test-method> <!-- Test_07_get_list_document_with_empty_end_date -->
        <test-method signature="Test_10_get_list_document_with_same_end_date_and_start_date()[pri:10, instance:sila_test_cases.List_document@85ec632]" started-at="2020-12-11T18:36:48 IST" name="Test_10_get_list_document_with_same_end_date_and_start_date" finished-at="2020-12-11T18:36:50 IST" duration-ms="1380" status="PASS">
          <reporter-output>
          </reporter-output>
        </test-method> <!-- Test_10_get_list_document_with_same_end_date_and_start_date -->
        <test-method signature="Test_11_get_list_document_with_empty_doc_types_field()[pri:11, instance:sila_test_cases.List_document@85ec632]" started-at="2020-12-11T18:36:50 IST" name="Test_11_get_list_document_with_empty_doc_types_field" finished-at="2020-12-11T18:36:51 IST" duration-ms="1235" status="PASS">
          <reporter-output>
          </reporter-output>
        </test-method> <!-- Test_11_get_list_document_with_empty_doc_types_field -->
        <test-method signature="Test_12_get_list_document_with_unavailable_search_name_field()[pri:12, instance:sila_test_cases.List_document@85ec632]" started-at="2020-12-11T18:36:51 IST" name="Test_12_get_list_document_with_unavailable_search_name_field" finished-at="2020-12-11T18:36:52 IST" duration-ms="1038" status="PASS">
          <reporter-output>
          </reporter-output>
        </test-method> <!-- Test_12_get_list_document_with_unavailable_search_name_field -->
        <test-method signature="Test_13_get_list_document_with_partial_search_name_field()[pri:13, instance:sila_test_cases.List_document@85ec632]" started-at="2020-12-11T18:36:52 IST" name="Test_13_get_list_document_with_partial_search_name_field" finished-at="2020-12-11T18:36:53 IST" duration-ms="1367" status="PASS">
          <reporter-output>
          </reporter-output>
        </test-method> <!-- Test_13_get_list_document_with_partial_search_name_field -->
        <test-method signature="Test_14_get_list_document_with_empty_sort_by_field()[pri:14, instance:sila_test_cases.List_document@85ec632]" started-at="2020-12-11T18:36:53 IST" name="Test_14_get_list_document_with_empty_sort_by_field" finished-at="2020-12-11T18:36:55 IST" duration-ms="1277" status="PASS">
          <reporter-output>
          </reporter-output>
        </test-method> <!-- Test_14_get_list_document_with_empty_sort_by_field -->
        <test-method signature="Test_15_get_list_document_with_invalid_sort_by_field()[pri:15, instance:sila_test_cases.List_document@85ec632]" started-at="2020-12-11T18:36:55 IST" name="Test_15_get_list_document_with_invalid_sort_by_field" finished-at="2020-12-11T18:36:56 IST" duration-ms="1307" status="PASS">
          <reporter-output>
          </reporter-output>
        </test-method> <!-- Test_15_get_list_document_with_invalid_sort_by_field -->
        <test-method signature="Test_16_get_list_document_with_date_sort_by_field()[pri:16, instance:sila_test_cases.List_document@85ec632]" started-at="2020-12-11T18:36:56 IST" name="Test_16_get_list_document_with_date_sort_by_field" finished-at="2020-12-11T18:36:57 IST" duration-ms="1428" status="PASS">
          <reporter-output>
          </reporter-output>
        </test-method> <!-- Test_16_get_list_document_with_date_sort_by_field -->
        <test-method signature="Test_17_get_list_document_with_invalid_private_key_field()[pri:17, instance:sila_test_cases.List_document@85ec632]" started-at="2020-12-11T18:36:57 IST" name="Test_17_get_list_document_with_invalid_private_key_field" finished-at="2020-12-11T18:36:59 IST" duration-ms="1416" status="PASS">
          <reporter-output>
          </reporter-output>
        </test-method> <!-- Test_17_get_list_document_with_invalid_private_key_field -->
        <test-method is-config="true" signature="EndClass()[pri:0, instance:sila_test_cases.List_document@85ec632]" started-at="2020-12-11T18:36:59 IST" name="EndClass" finished-at="2020-12-11T18:36:59 IST" duration-ms="0" status="PASS">
          <reporter-output>
          </reporter-output>
        </test-method> <!-- EndClass -->
      </class> <!-- sila_test_cases.List_document -->
    </test> <!-- API -->
  </suite> <!-- Silamoney Java SDK  -->
</testng-results>
