<?xml version="1.0" encoding="UTF-8"?>
<testng-results ignored="24" total="227" passed="177" failed="26" skipped="0">
  <reporter-output>
  </reporter-output>
  <suite started-at="2020-11-13T19:25:19 IST" name="Silamoney Java SDK " finished-at="2020-11-13T19:35:37 IST" duration-ms="617846">
    <groups>
    </groups>
    <test started-at="2020-11-13T19:25:19 IST" name="API" finished-at="2020-11-13T19:35:37 IST" duration-ms="617846">
      <class name="sila_test_cases.Register_update_registration_data">
        <test-method is-config="true" signature="StartClass()[pri:0, instance:sila_test_cases.Register_update_registration_data@7ff2b8d2]" started-at="2020-11-13T19:34:38 IST" name="StartClass" finished-at="2020-11-13T19:34:38 IST" duration-ms="1" status="PASS">
          <reporter-output>
          </reporter-output>
        </test-method> <!-- StartClass -->
        <test-method signature="test_001_registration_update_email_with_empty_user_handle()[pri:1, instance:sila_test_cases.Register_update_registration_data@7ff2b8d2]" started-at="2020-11-13T19:34:38 IST" name="test_001_registration_update_email_with_empty_user_handle" finished-at="2020-11-13T19:34:39 IST" duration-ms="1345" status="PASS">
          <reporter-output>
          </reporter-output>
        </test-method> <!-- test_001_registration_update_email_with_empty_user_handle -->
        <test-method is-config="true" signature="getResult(org.testng.ITestResult)[pri:0, instance:sila_test_cases.Register_update_registration_data@7ff2b8d2]" started-at="2020-11-13T19:34:39 IST" name="getResult" finished-at="2020-11-13T19:34:39 IST" duration-ms="0" status="PASS">
          <params>
            <param index="0">
              <value>
                <![CDATA[[TestResult name=test_001_registration_update_email_with_empty_user_handle status=SUCCESS method=Register_update_registration_data.test_001_registration_update_email_with_empty_user_handle()[pri:1, instance:sila_test_cases.Register_update_registration_data@7ff2b8d2] output={null}]]]>
              </value>
            </param>
          </params>
          <reporter-output>
          </reporter-output>
        </test-method> <!-- getResult -->
        <test-method signature="test_002_registration_update_empty_email_field()[pri:2, instance:sila_test_cases.Register_update_registration_data@7ff2b8d2]" started-at="2020-11-13T19:34:39 IST" name="test_002_registration_update_empty_email_field" finished-at="2020-11-13T19:34:40 IST" duration-ms="877" status="PASS">
          <reporter-output>
          </reporter-output>
        </test-method> <!-- test_002_registration_update_empty_email_field -->
        <test-method is-config="true" signature="getResult(org.testng.ITestResult)[pri:0, instance:sila_test_cases.Register_update_registration_data@7ff2b8d2]" started-at="2020-11-13T19:34:40 IST" name="getResult" finished-at="2020-11-13T19:34:40 IST" duration-ms="0" status="PASS">
          <params>
            <param index="0">
              <value>
                <![CDATA[[TestResult name=test_002_registration_update_empty_email_field status=SUCCESS method=Register_update_registration_data.test_002_registration_update_empty_email_field()[pri:2, instance:sila_test_cases.Register_update_registration_data@7ff2b8d2] output={null}]]]>
              </value>
            </param>
          </params>
          <reporter-output>
          </reporter-output>
        </test-method> <!-- getResult -->
        <test-method signature="test_002_registration_update_invalid_email_field()[pri:3, instance:sila_test_cases.Register_update_registration_data@7ff2b8d2]" started-at="2020-11-13T19:34:40 IST" name="test_002_registration_update_invalid_email_field" finished-at="2020-11-13T19:34:40 IST" duration-ms="631" status="PASS">
          <reporter-output>
          </reporter-output>
        </test-method> <!-- test_002_registration_update_invalid_email_field -->
        <test-method is-config="true" signature="getResult(org.testng.ITestResult)[pri:0, instance:sila_test_cases.Register_update_registration_data@7ff2b8d2]" started-at="2020-11-13T19:34:40 IST" name="getResult" finished-at="2020-11-13T19:34:40 IST" duration-ms="1" status="PASS">
          <params>
            <param index="0">
              <value>
                <![CDATA[[TestResult name=test_002_registration_update_invalid_email_field status=SUCCESS method=Register_update_registration_data.test_002_registration_update_invalid_email_field()[pri:3, instance:sila_test_cases.Register_update_registration_data@7ff2b8d2] output={null}]]]>
              </value>
            </param>
          </params>
          <reporter-output>
          </reporter-output>
        </test-method> <!-- getResult -->
        <test-method signature="test_003_registration_update_email_with_invalid_private_key()[pri:4, instance:sila_test_cases.Register_update_registration_data@7ff2b8d2]" started-at="2020-11-13T19:34:40 IST" name="test_003_registration_update_email_with_invalid_private_key" finished-at="2020-11-13T19:34:41 IST" duration-ms="592" status="PASS">
          <reporter-output>
          </reporter-output>
        </test-method> <!-- test_003_registration_update_email_with_invalid_private_key -->
        <test-method is-config="true" signature="getResult(org.testng.ITestResult)[pri:0, instance:sila_test_cases.Register_update_registration_data@7ff2b8d2]" started-at="2020-11-13T19:34:41 IST" name="getResult" finished-at="2020-11-13T19:34:41 IST" duration-ms="1" status="PASS">
          <params>
            <param index="0">
              <value>
                <![CDATA[[TestResult name=test_003_registration_update_email_with_invalid_private_key status=SUCCESS method=Register_update_registration_data.test_003_registration_update_email_with_invalid_private_key()[pri:4, instance:sila_test_cases.Register_update_registration_data@7ff2b8d2] output={null}]]]>
              </value>
            </param>
          </params>
          <reporter-output>
          </reporter-output>
        </test-method> <!-- getResult -->
        <test-method signature="test_004_registration_update_email_with_not_registered_handle()[pri:5, instance:sila_test_cases.Register_update_registration_data@7ff2b8d2]" started-at="2020-11-13T19:34:41 IST" name="test_004_registration_update_email_with_not_registered_handle" finished-at="2020-11-13T19:34:41 IST" duration-ms="456" status="PASS">
          <reporter-output>
          </reporter-output>
        </test-method> <!-- test_004_registration_update_email_with_not_registered_handle -->
        <test-method is-config="true" signature="getResult(org.testng.ITestResult)[pri:0, instance:sila_test_cases.Register_update_registration_data@7ff2b8d2]" started-at="2020-11-13T19:34:41 IST" name="getResult" finished-at="2020-11-13T19:34:41 IST" duration-ms="1" status="PASS">
          <params>
            <param index="0">
              <value>
                <![CDATA[[TestResult name=test_004_registration_update_email_with_not_registered_handle status=SUCCESS method=Register_update_registration_data.test_004_registration_update_email_with_not_registered_handle()[pri:5, instance:sila_test_cases.Register_update_registration_data@7ff2b8d2] output={null}]]]>
              </value>
            </param>
          </params>
          <reporter-output>
          </reporter-output>
        </test-method> <!-- getResult -->
        <test-method signature="test_006_registration_update_email_with_more_than_max_email_length()[pri:6, instance:sila_test_cases.Register_update_registration_data@7ff2b8d2]" started-at="2020-11-13T19:34:41 IST" name="test_006_registration_update_email_with_more_than_max_email_length" finished-at="2020-11-13T19:34:42 IST" duration-ms="590" status="FAIL">
          <exception class="java.lang.AssertionError">
            <message>
              <![CDATA[expected [400] but found [500]]]>
            </message>
            <full-stacktrace>
              <![CDATA[java.lang.AssertionError: expected [400] but found [500]
at org.testng.Assert.fail(Assert.java:99)
at org.testng.Assert.failNotEquals(Assert.java:1037)
at org.testng.Assert.assertEqualsImpl(Assert.java:140)
at org.testng.Assert.assertEquals(Assert.java:122)
at org.testng.Assert.assertEquals(Assert.java:907)
at org.testng.Assert.assertEquals(Assert.java:917)
at sila_test_cases.Register_update_registration_data.test_006_registration_update_email_with_more_than_max_email_length(Register_update_registration_data.java:132)
at java.base/jdk.internal.reflect.NativeMethodAccessorImpl.invoke0(Native Method)
at java.base/jdk.internal.reflect.NativeMethodAccessorImpl.invoke(NativeMethodAccessorImpl.java:62)
at java.base/jdk.internal.reflect.DelegatingMethodAccessorImpl.invoke(DelegatingMethodAccessorImpl.java:43)
at java.base/java.lang.reflect.Method.invoke(Method.java:566)
at org.testng.internal.MethodInvocationHelper.invokeMethod(MethodInvocationHelper.java:132)
at org.testng.internal.TestInvoker.invokeMethod(TestInvoker.java:599)
at org.testng.internal.TestInvoker.invokeTestMethod(TestInvoker.java:174)
at org.testng.internal.MethodRunner.runInSequence(MethodRunner.java:46)
at org.testng.internal.TestInvoker$MethodInvocationAgent.invoke(TestInvoker.java:822)
at org.testng.internal.TestInvoker.invokeTestMethods(TestInvoker.java:147)
at org.testng.internal.TestMethodWorker.invokeTestMethods(TestMethodWorker.java:146)
at org.testng.internal.TestMethodWorker.run(TestMethodWorker.java:128)
at java.base/java.util.ArrayList.forEach(ArrayList.java:1541)
at org.testng.TestRunner.privateRun(TestRunner.java:764)
at org.testng.TestRunner.run(TestRunner.java:585)
at org.testng.SuiteRunner.runTest(SuiteRunner.java:384)
at org.testng.SuiteRunner.runSequentially(SuiteRunner.java:378)
at org.testng.SuiteRunner.privateRun(SuiteRunner.java:337)
at org.testng.SuiteRunner.run(SuiteRunner.java:286)
at org.testng.SuiteRunnerWorker.runSuite(SuiteRunnerWorker.java:53)
at org.testng.SuiteRunnerWorker.run(SuiteRunnerWorker.java:96)
at org.testng.TestNG.runSuitesSequentially(TestNG.java:1218)
at org.testng.TestNG.runSuitesLocally(TestNG.java:1140)
at org.testng.TestNG.runSuites(TestNG.java:1069)
at org.testng.TestNG.run(TestNG.java:1037)
at org.testng.remote.AbstractRemoteTestNG.run(AbstractRemoteTestNG.java:115)
at org.testng.remote.RemoteTestNG.initAndRun(RemoteTestNG.java:251)
at org.testng.remote.RemoteTestNG.main(RemoteTestNG.java:77)
]]>
            </full-stacktrace>
          </exception> <!-- java.lang.AssertionError -->
          <reporter-output>
          </reporter-output>
        </test-method> <!-- test_006_registration_update_email_with_more_than_max_email_length -->
        <test-method is-config="true" signature="getResult(org.testng.ITestResult)[pri:0, instance:sila_test_cases.Register_update_registration_data@7ff2b8d2]" started-at="2020-11-13T19:34:42 IST" name="getResult" finished-at="2020-11-13T19:34:42 IST" duration-ms="1" status="PASS">
          <params>
            <param index="0">
              <value>
                <![CDATA[[TestResult name=test_006_registration_update_email_with_more_than_max_email_length status=FAILURE method=Register_update_registration_data.test_006_registration_update_email_with_more_than_max_email_length()[pri:6, instance:sila_test_cases.Register_update_registration_data@7ff2b8d2] output={null}]]]>
              </value>
            </param>
          </params>
          <reporter-output>
          </reporter-output>
        </test-method> <!-- getResult -->
        <test-method signature="test_007_registration_update_email_with_invalid_uuid()[pri:7, instance:sila_test_cases.Register_update_registration_data@7ff2b8d2]" started-at="2020-11-13T19:34:42 IST" name="test_007_registration_update_email_with_invalid_uuid" finished-at="2020-11-13T19:34:43 IST" duration-ms="577" status="PASS">
          <reporter-output>
          </reporter-output>
        </test-method> <!-- test_007_registration_update_email_with_invalid_uuid -->
        <test-method is-config="true" signature="getResult(org.testng.ITestResult)[pri:0, instance:sila_test_cases.Register_update_registration_data@7ff2b8d2]" started-at="2020-11-13T19:34:43 IST" name="getResult" finished-at="2020-11-13T19:34:43 IST" duration-ms="0" status="PASS">
          <params>
            <param index="0">
              <value>
                <![CDATA[[TestResult name=test_007_registration_update_email_with_invalid_uuid status=SUCCESS method=Register_update_registration_data.test_007_registration_update_email_with_invalid_uuid()[pri:7, instance:sila_test_cases.Register_update_registration_data@7ff2b8d2] output={null}]]]>
              </value>
            </param>
          </params>
          <reporter-output>
          </reporter-output>
        </test-method> <!-- getResult -->
        <test-method signature="test_008_registration_update_email_successfully_with_254_characters_email()[pri:8, instance:sila_test_cases.Register_update_registration_data@7ff2b8d2]" started-at="2020-11-13T19:34:43 IST" name="test_008_registration_update_email_successfully_with_254_characters_email" finished-at="2020-11-13T19:34:43 IST" duration-ms="586" status="PASS">
          <reporter-output>
          </reporter-output>
        </test-method> <!-- test_008_registration_update_email_successfully_with_254_characters_email -->
        <test-method is-config="true" signature="getResult(org.testng.ITestResult)[pri:0, instance:sila_test_cases.Register_update_registration_data@7ff2b8d2]" started-at="2020-11-13T19:34:43 IST" name="getResult" finished-at="2020-11-13T19:34:43 IST" duration-ms="1" status="PASS">
          <params>
            <param index="0">
              <value>
                <![CDATA[[TestResult name=test_008_registration_update_email_successfully_with_254_characters_email status=SUCCESS method=Register_update_registration_data.test_008_registration_update_email_successfully_with_254_characters_email()[pri:8, instance:sila_test_cases.Register_update_registration_data@7ff2b8d2] output={null}]]]>
              </value>
            </param>
          </params>
          <reporter-output>
          </reporter-output>
        </test-method> <!-- getResult -->
        <test-method signature="test_009_registration_update_phone_num_with_empty_phone_field()[pri:9, instance:sila_test_cases.Register_update_registration_data@7ff2b8d2]" started-at="2020-11-13T19:34:43 IST" name="test_009_registration_update_phone_num_with_empty_phone_field" finished-at="2020-11-13T19:34:44 IST" duration-ms="675" status="PASS">
          <reporter-output>
          </reporter-output>
        </test-method> <!-- test_009_registration_update_phone_num_with_empty_phone_field -->
        <test-method is-config="true" signature="getResult(org.testng.ITestResult)[pri:0, instance:sila_test_cases.Register_update_registration_data@7ff2b8d2]" started-at="2020-11-13T19:34:44 IST" name="getResult" finished-at="2020-11-13T19:34:44 IST" duration-ms="0" status="PASS">
          <params>
            <param index="0">
              <value>
                <![CDATA[[TestResult name=test_009_registration_update_phone_num_with_empty_phone_field status=SUCCESS method=Register_update_registration_data.test_009_registration_update_phone_num_with_empty_phone_field()[pri:9, instance:sila_test_cases.Register_update_registration_data@7ff2b8d2] output={null}]]]>
              </value>
            </param>
          </params>
          <reporter-output>
          </reporter-output>
        </test-method> <!-- getResult -->
        <test-method signature="test_010_registration_update_invalid_phone_number()[pri:10, instance:sila_test_cases.Register_update_registration_data@7ff2b8d2]" started-at="2020-11-13T19:34:44 IST" name="test_010_registration_update_invalid_phone_number" finished-at="2020-11-13T19:34:45 IST" duration-ms="633" status="PASS">
          <reporter-output>
          </reporter-output>
        </test-method> <!-- test_010_registration_update_invalid_phone_number -->
        <test-method is-config="true" signature="getResult(org.testng.ITestResult)[pri:0, instance:sila_test_cases.Register_update_registration_data@7ff2b8d2]" started-at="2020-11-13T19:34:45 IST" name="getResult" finished-at="2020-11-13T19:34:45 IST" duration-ms="0" status="PASS">
          <params>
            <param index="0">
              <value>
                <![CDATA[[TestResult name=test_010_registration_update_invalid_phone_number status=SUCCESS method=Register_update_registration_data.test_010_registration_update_invalid_phone_number()[pri:10, instance:sila_test_cases.Register_update_registration_data@7ff2b8d2] output={null}]]]>
              </value>
            </param>
          </params>
          <reporter-output>
          </reporter-output>
        </test-method> <!-- getResult -->
        <test-method signature="test_011_registration_update_phone_number_with_less_than_10_digits()[pri:11, instance:sila_test_cases.Register_update_registration_data@7ff2b8d2]" started-at="2020-11-13T19:34:45 IST" name="test_011_registration_update_phone_number_with_less_than_10_digits" finished-at="2020-11-13T19:34:45 IST" duration-ms="577" status="PASS">
          <reporter-output>
          </reporter-output>
        </test-method> <!-- test_011_registration_update_phone_number_with_less_than_10_digits -->
        <test-method is-config="true" signature="getResult(org.testng.ITestResult)[pri:0, instance:sila_test_cases.Register_update_registration_data@7ff2b8d2]" started-at="2020-11-13T19:34:45 IST" name="getResult" finished-at="2020-11-13T19:34:45 IST" duration-ms="0" status="PASS">
          <params>
            <param index="0">
              <value>
                <![CDATA[[TestResult name=test_011_registration_update_phone_number_with_less_than_10_digits status=SUCCESS method=Register_update_registration_data.test_011_registration_update_phone_number_with_less_than_10_digits()[pri:11, instance:sila_test_cases.Register_update_registration_data@7ff2b8d2] output={null}]]]>
              </value>
            </param>
          </params>
          <reporter-output>
          </reporter-output>
        </test-method> <!-- getResult -->
        <test-method signature="test_012_registration_update_phone_number_with_more_than_10_digits()[pri:12, instance:sila_test_cases.Register_update_registration_data@7ff2b8d2]" started-at="2020-11-13T19:34:45 IST" name="test_012_registration_update_phone_number_with_more_than_10_digits" finished-at="2020-11-13T19:34:46 IST" duration-ms="689" status="PASS">
          <reporter-output>
          </reporter-output>
        </test-method> <!-- test_012_registration_update_phone_number_with_more_than_10_digits -->
        <test-method is-config="true" signature="getResult(org.testng.ITestResult)[pri:0, instance:sila_test_cases.Register_update_registration_data@7ff2b8d2]" started-at="2020-11-13T19:34:46 IST" name="getResult" finished-at="2020-11-13T19:34:46 IST" duration-ms="1" status="PASS">
          <params>
            <param index="0">
              <value>
                <![CDATA[[TestResult name=test_012_registration_update_phone_number_with_more_than_10_digits status=SUCCESS method=Register_update_registration_data.test_012_registration_update_phone_number_with_more_than_10_digits()[pri:12, instance:sila_test_cases.Register_update_registration_data@7ff2b8d2] output={null}]]]>
              </value>
            </param>
          </params>
          <reporter-output>
          </reporter-output>
        </test-method> <!-- getResult -->
        <test-method signature="test_013_registration_update_phone_number_with_invalid_uuid()[pri:13, instance:sila_test_cases.Register_update_registration_data@7ff2b8d2]" started-at="2020-11-13T19:34:46 IST" name="test_013_registration_update_phone_number_with_invalid_uuid" finished-at="2020-11-13T19:34:46 IST" duration-ms="632" status="PASS">
          <reporter-output>
          </reporter-output>
        </test-method> <!-- test_013_registration_update_phone_number_with_invalid_uuid -->
        <test-method is-config="true" signature="getResult(org.testng.ITestResult)[pri:0, instance:sila_test_cases.Register_update_registration_data@7ff2b8d2]" started-at="2020-11-13T19:34:47 IST" name="getResult" finished-at="2020-11-13T19:34:47 IST" duration-ms="1" status="PASS">
          <params>
            <param index="0">
              <value>
                <![CDATA[[TestResult name=test_013_registration_update_phone_number_with_invalid_uuid status=SUCCESS method=Register_update_registration_data.test_013_registration_update_phone_number_with_invalid_uuid()[pri:13, instance:sila_test_cases.Register_update_registration_data@7ff2b8d2] output={null}]]]>
              </value>
            </param>
          </params>
          <reporter-output>
          </reporter-output>
        </test-method> <!-- getResult -->
        <test-method signature="test_014_registration_update_10_digits_phone_number_successfully()[pri:14, instance:sila_test_cases.Register_update_registration_data@7ff2b8d2]" started-at="2020-11-13T19:34:47 IST" name="test_014_registration_update_10_digits_phone_number_successfully" finished-at="2020-11-13T19:34:47 IST" duration-ms="634" status="PASS">
          <reporter-output>
          </reporter-output>
        </test-method> <!-- test_014_registration_update_10_digits_phone_number_successfully -->
        <test-method is-config="true" signature="getResult(org.testng.ITestResult)[pri:0, instance:sila_test_cases.Register_update_registration_data@7ff2b8d2]" started-at="2020-11-13T19:34:47 IST" name="getResult" finished-at="2020-11-13T19:34:47 IST" duration-ms="1" status="PASS">
          <params>
            <param index="0">
              <value>
                <![CDATA[[TestResult name=test_014_registration_update_10_digits_phone_number_successfully status=SUCCESS method=Register_update_registration_data.test_014_registration_update_10_digits_phone_number_successfully()[pri:14, instance:sila_test_cases.Register_update_registration_data@7ff2b8d2] output={null}]]]>
              </value>
            </param>
          </params>
          <reporter-output>
          </reporter-output>
        </test-method> <!-- getResult -->
        <test-method signature="test_015_registration_update_identity_with_empty_identity_alias()[pri:15, instance:sila_test_cases.Register_update_registration_data@7ff2b8d2]" started-at="2020-11-13T19:34:47 IST" name="test_015_registration_update_identity_with_empty_identity_alias" finished-at="2020-11-13T19:34:48 IST" duration-ms="651" status="PASS">
          <reporter-output>
          </reporter-output>
        </test-method> <!-- test_015_registration_update_identity_with_empty_identity_alias -->
        <test-method is-config="true" signature="getResult(org.testng.ITestResult)[pri:0, instance:sila_test_cases.Register_update_registration_data@7ff2b8d2]" started-at="2020-11-13T19:34:48 IST" name="getResult" finished-at="2020-11-13T19:34:48 IST" duration-ms="0" status="PASS">
          <params>
            <param index="0">
              <value>
                <![CDATA[[TestResult name=test_015_registration_update_identity_with_empty_identity_alias status=SUCCESS method=Register_update_registration_data.test_015_registration_update_identity_with_empty_identity_alias()[pri:15, instance:sila_test_cases.Register_update_registration_data@7ff2b8d2] output={null}]]]>
              </value>
            </param>
          </params>
          <reporter-output>
          </reporter-output>
        </test-method> <!-- getResult -->
        <test-method signature="test_016_registration_update_identity_with_empty_identity_value()[pri:16, instance:sila_test_cases.Register_update_registration_data@7ff2b8d2]" started-at="2020-11-13T19:34:48 IST" name="test_016_registration_update_identity_with_empty_identity_value" finished-at="2020-11-13T19:34:48 IST" duration-ms="613" status="PASS">
          <reporter-output>
          </reporter-output>
        </test-method> <!-- test_016_registration_update_identity_with_empty_identity_value -->
        <test-method is-config="true" signature="getResult(org.testng.ITestResult)[pri:0, instance:sila_test_cases.Register_update_registration_data@7ff2b8d2]" started-at="2020-11-13T19:34:48 IST" name="getResult" finished-at="2020-11-13T19:34:48 IST" duration-ms="1" status="PASS">
          <params>
            <param index="0">
              <value>
                <![CDATA[[TestResult name=test_016_registration_update_identity_with_empty_identity_value status=SUCCESS method=Register_update_registration_data.test_016_registration_update_identity_with_empty_identity_value()[pri:16, instance:sila_test_cases.Register_update_registration_data@7ff2b8d2] output={null}]]]>
              </value>
            </param>
          </params>
          <reporter-output>
          </reporter-output>
        </test-method> <!-- getResult -->
        <test-method signature="test_017_registration_update_identity_with_invalid_identity_alias()[pri:17, instance:sila_test_cases.Register_update_registration_data@7ff2b8d2]" started-at="2020-11-13T19:34:48 IST" name="test_017_registration_update_identity_with_invalid_identity_alias" finished-at="2020-11-13T19:34:50 IST" duration-ms="1341" status="PASS">
          <reporter-output>
          </reporter-output>
        </test-method> <!-- test_017_registration_update_identity_with_invalid_identity_alias -->
        <test-method is-config="true" signature="getResult(org.testng.ITestResult)[pri:0, instance:sila_test_cases.Register_update_registration_data@7ff2b8d2]" started-at="2020-11-13T19:34:50 IST" name="getResult" finished-at="2020-11-13T19:34:50 IST" duration-ms="1" status="PASS">
          <params>
            <param index="0">
              <value>
                <![CDATA[[TestResult name=test_017_registration_update_identity_with_invalid_identity_alias status=SUCCESS method=Register_update_registration_data.test_017_registration_update_identity_with_invalid_identity_alias()[pri:17, instance:sila_test_cases.Register_update_registration_data@7ff2b8d2] output={null}]]]>
              </value>
            </param>
          </params>
          <reporter-output>
          </reporter-output>
        </test-method> <!-- getResult -->
        <test-method signature="test_018_registration_update_identity_alias_value_in_lowercase()[pri:18, instance:sila_test_cases.Register_update_registration_data@7ff2b8d2]" started-at="2020-11-13T19:34:50 IST" name="test_018_registration_update_identity_alias_value_in_lowercase" finished-at="2020-11-13T19:34:51 IST" duration-ms="1384" status="PASS">
          <reporter-output>
          </reporter-output>
        </test-method> <!-- test_018_registration_update_identity_alias_value_in_lowercase -->
        <test-method is-config="true" signature="getResult(org.testng.ITestResult)[pri:0, instance:sila_test_cases.Register_update_registration_data@7ff2b8d2]" started-at="2020-11-13T19:34:51 IST" name="getResult" finished-at="2020-11-13T19:34:51 IST" duration-ms="0" status="PASS">
          <params>
            <param index="0">
              <value>
                <![CDATA[[TestResult name=test_018_registration_update_identity_alias_value_in_lowercase status=SUCCESS method=Register_update_registration_data.test_018_registration_update_identity_alias_value_in_lowercase()[pri:18, instance:sila_test_cases.Register_update_registration_data@7ff2b8d2] output={null}]]]>
              </value>
            </param>
          </params>
          <reporter-output>
          </reporter-output>
        </test-method> <!-- getResult -->
        <test-method signature="test_019_registration_update_identity_alias_value_as_EIN_to_individual_user()[pri:19, instance:sila_test_cases.Register_update_registration_data@7ff2b8d2]" started-at="2020-11-13T19:34:51 IST" name="test_019_registration_update_identity_alias_value_as_EIN_to_individual_user" finished-at="2020-11-13T19:34:53 IST" duration-ms="1370" status="PASS">
          <reporter-output>
          </reporter-output>
        </test-method> <!-- test_019_registration_update_identity_alias_value_as_EIN_to_individual_user -->
        <test-method is-config="true" signature="getResult(org.testng.ITestResult)[pri:0, instance:sila_test_cases.Register_update_registration_data@7ff2b8d2]" started-at="2020-11-13T19:34:53 IST" name="getResult" finished-at="2020-11-13T19:34:53 IST" duration-ms="1" status="PASS">
          <params>
            <param index="0">
              <value>
                <![CDATA[[TestResult name=test_019_registration_update_identity_alias_value_as_EIN_to_individual_user status=SUCCESS method=Register_update_registration_data.test_019_registration_update_identity_alias_value_as_EIN_to_individual_user()[pri:19, instance:sila_test_cases.Register_update_registration_data@7ff2b8d2] output={null}]]]>
              </value>
            </param>
          </params>
          <reporter-output>
          </reporter-output>
        </test-method> <!-- getResult -->
        <test-method signature="test_020_registration_update_individual_user_identity_successfully()[pri:20, instance:sila_test_cases.Register_update_registration_data@7ff2b8d2]" started-at="2020-11-13T19:34:53 IST" name="test_020_registration_update_individual_user_identity_successfully" finished-at="2020-11-13T19:34:54 IST" duration-ms="1957" status="PASS">
          <reporter-output>
          </reporter-output>
        </test-method> <!-- test_020_registration_update_individual_user_identity_successfully -->
        <test-method is-config="true" signature="getResult(org.testng.ITestResult)[pri:0, instance:sila_test_cases.Register_update_registration_data@7ff2b8d2]" started-at="2020-11-13T19:34:55 IST" name="getResult" finished-at="2020-11-13T19:34:55 IST" duration-ms="1" status="PASS">
          <params>
            <param index="0">
              <value>
                <![CDATA[[TestResult name=test_020_registration_update_individual_user_identity_successfully status=SUCCESS method=Register_update_registration_data.test_020_registration_update_individual_user_identity_successfully()[pri:20, instance:sila_test_cases.Register_update_registration_data@7ff2b8d2] output={null}]]]>
              </value>
            </param>
          </params>
          <reporter-output>
          </reporter-output>
        </test-method> <!-- getResult -->
        <test-method signature="test_021_registration_update_address_with_empty_address_alias()[pri:21, instance:sila_test_cases.Register_update_registration_data@7ff2b8d2]" started-at="2020-11-13T19:34:55 IST" name="test_021_registration_update_address_with_empty_address_alias" finished-at="2020-11-13T19:34:56 IST" duration-ms="1305" status="FAIL">
          <exception class="java.lang.AssertionError">
            <message>
              <![CDATA[expected [400] but found [200]]]>
            </message>
            <full-stacktrace>
              <![CDATA[java.lang.AssertionError: expected [400] but found [200]
at org.testng.Assert.fail(Assert.java:99)
at org.testng.Assert.failNotEquals(Assert.java:1037)
at org.testng.Assert.assertEqualsImpl(Assert.java:140)
at org.testng.Assert.assertEquals(Assert.java:122)
at org.testng.Assert.assertEquals(Assert.java:907)
at org.testng.Assert.assertEquals(Assert.java:917)
at sila_test_cases.Register_update_registration_data.test_021_registration_update_address_with_empty_address_alias(Register_update_registration_data.java:438)
at java.base/jdk.internal.reflect.NativeMethodAccessorImpl.invoke0(Native Method)
at java.base/jdk.internal.reflect.NativeMethodAccessorImpl.invoke(NativeMethodAccessorImpl.java:62)
at java.base/jdk.internal.reflect.DelegatingMethodAccessorImpl.invoke(DelegatingMethodAccessorImpl.java:43)
at java.base/java.lang.reflect.Method.invoke(Method.java:566)
at org.testng.internal.MethodInvocationHelper.invokeMethod(MethodInvocationHelper.java:132)
at org.testng.internal.TestInvoker.invokeMethod(TestInvoker.java:599)
at org.testng.internal.TestInvoker.invokeTestMethod(TestInvoker.java:174)
at org.testng.internal.MethodRunner.runInSequence(MethodRunner.java:46)
at org.testng.internal.TestInvoker$MethodInvocationAgent.invoke(TestInvoker.java:822)
at org.testng.internal.TestInvoker.invokeTestMethods(TestInvoker.java:147)
at org.testng.internal.TestMethodWorker.invokeTestMethods(TestMethodWorker.java:146)
at org.testng.internal.TestMethodWorker.run(TestMethodWorker.java:128)
at java.base/java.util.ArrayList.forEach(ArrayList.java:1541)
at org.testng.TestRunner.privateRun(TestRunner.java:764)
at org.testng.TestRunner.run(TestRunner.java:585)
at org.testng.SuiteRunner.runTest(SuiteRunner.java:384)
at org.testng.SuiteRunner.runSequentially(SuiteRunner.java:378)
at org.testng.SuiteRunner.privateRun(SuiteRunner.java:337)
at org.testng.SuiteRunner.run(SuiteRunner.java:286)
at org.testng.SuiteRunnerWorker.runSuite(SuiteRunnerWorker.java:53)
at org.testng.SuiteRunnerWorker.run(SuiteRunnerWorker.java:96)
at org.testng.TestNG.runSuitesSequentially(TestNG.java:1218)
at org.testng.TestNG.runSuitesLocally(TestNG.java:1140)
at org.testng.TestNG.runSuites(TestNG.java:1069)
at org.testng.TestNG.run(TestNG.java:1037)
at org.testng.remote.AbstractRemoteTestNG.run(AbstractRemoteTestNG.java:115)
at org.testng.remote.RemoteTestNG.initAndRun(RemoteTestNG.java:251)
at org.testng.remote.RemoteTestNG.main(RemoteTestNG.java:77)
]]>
            </full-stacktrace>
          </exception> <!-- java.lang.AssertionError -->
          <reporter-output>
          </reporter-output>
        </test-method> <!-- test_021_registration_update_address_with_empty_address_alias -->
        <test-method is-config="true" signature="getResult(org.testng.ITestResult)[pri:0, instance:sila_test_cases.Register_update_registration_data@7ff2b8d2]" started-at="2020-11-13T19:34:56 IST" name="getResult" finished-at="2020-11-13T19:34:56 IST" duration-ms="1" status="PASS">
          <params>
            <param index="0">
              <value>
                <![CDATA[[TestResult name=test_021_registration_update_address_with_empty_address_alias status=FAILURE method=Register_update_registration_data.test_021_registration_update_address_with_empty_address_alias()[pri:21, instance:sila_test_cases.Register_update_registration_data@7ff2b8d2] output={null}]]]>
              </value>
            </param>
          </params>
          <reporter-output>
          </reporter-output>
        </test-method> <!-- getResult -->
        <test-method signature="test_022_registration_update_address_alias()[pri:22, instance:sila_test_cases.Register_update_registration_data@7ff2b8d2]" started-at="2020-11-13T19:34:56 IST" name="test_022_registration_update_address_alias" finished-at="2020-11-13T19:34:57 IST" duration-ms="1560" status="PASS">
          <reporter-output>
          </reporter-output>
        </test-method> <!-- test_022_registration_update_address_alias -->
        <test-method is-config="true" signature="getResult(org.testng.ITestResult)[pri:0, instance:sila_test_cases.Register_update_registration_data@7ff2b8d2]" started-at="2020-11-13T19:34:57 IST" name="getResult" finished-at="2020-11-13T19:34:57 IST" duration-ms="1" status="PASS">
          <params>
            <param index="0">
              <value>
                <![CDATA[[TestResult name=test_022_registration_update_address_alias status=SUCCESS method=Register_update_registration_data.test_022_registration_update_address_alias()[pri:22, instance:sila_test_cases.Register_update_registration_data@7ff2b8d2] output={null}]]]>
              </value>
            </param>
          </params>
          <reporter-output>
          </reporter-output>
        </test-method> <!-- getResult -->
        <test-method signature="test_023_registration_update_address_with_empty_street_address_1()[pri:23, instance:sila_test_cases.Register_update_registration_data@7ff2b8d2]" started-at="2020-11-13T19:34:57 IST" name="test_023_registration_update_address_with_empty_street_address_1" finished-at="2020-11-13T19:34:59 IST" duration-ms="1302" status="FAIL">
          <exception class="java.lang.AssertionError">
            <message>
              <![CDATA[expected [400] but found [200]]]>
            </message>
            <full-stacktrace>
              <![CDATA[java.lang.AssertionError: expected [400] but found [200]
at org.testng.Assert.fail(Assert.java:99)
at org.testng.Assert.failNotEquals(Assert.java:1037)
at org.testng.Assert.assertEqualsImpl(Assert.java:140)
at org.testng.Assert.assertEquals(Assert.java:122)
at org.testng.Assert.assertEquals(Assert.java:907)
at org.testng.Assert.assertEquals(Assert.java:917)
at sila_test_cases.Register_update_registration_data.test_023_registration_update_address_with_empty_street_address_1(Register_update_registration_data.java:489)
at java.base/jdk.internal.reflect.NativeMethodAccessorImpl.invoke0(Native Method)
at java.base/jdk.internal.reflect.NativeMethodAccessorImpl.invoke(NativeMethodAccessorImpl.java:62)
at java.base/jdk.internal.reflect.DelegatingMethodAccessorImpl.invoke(DelegatingMethodAccessorImpl.java:43)
at java.base/java.lang.reflect.Method.invoke(Method.java:566)
at org.testng.internal.MethodInvocationHelper.invokeMethod(MethodInvocationHelper.java:132)
at org.testng.internal.TestInvoker.invokeMethod(TestInvoker.java:599)
at org.testng.internal.TestInvoker.invokeTestMethod(TestInvoker.java:174)
at org.testng.internal.MethodRunner.runInSequence(MethodRunner.java:46)
at org.testng.internal.TestInvoker$MethodInvocationAgent.invoke(TestInvoker.java:822)
at org.testng.internal.TestInvoker.invokeTestMethods(TestInvoker.java:147)
at org.testng.internal.TestMethodWorker.invokeTestMethods(TestMethodWorker.java:146)
at org.testng.internal.TestMethodWorker.run(TestMethodWorker.java:128)
at java.base/java.util.ArrayList.forEach(ArrayList.java:1541)
at org.testng.TestRunner.privateRun(TestRunner.java:764)
at org.testng.TestRunner.run(TestRunner.java:585)
at org.testng.SuiteRunner.runTest(SuiteRunner.java:384)
at org.testng.SuiteRunner.runSequentially(SuiteRunner.java:378)
at org.testng.SuiteRunner.privateRun(SuiteRunner.java:337)
at org.testng.SuiteRunner.run(SuiteRunner.java:286)
at org.testng.SuiteRunnerWorker.runSuite(SuiteRunnerWorker.java:53)
at org.testng.SuiteRunnerWorker.run(SuiteRunnerWorker.java:96)
at org.testng.TestNG.runSuitesSequentially(TestNG.java:1218)
at org.testng.TestNG.runSuitesLocally(TestNG.java:1140)
at org.testng.TestNG.runSuites(TestNG.java:1069)
at org.testng.TestNG.run(TestNG.java:1037)
at org.testng.remote.AbstractRemoteTestNG.run(AbstractRemoteTestNG.java:115)
at org.testng.remote.RemoteTestNG.initAndRun(RemoteTestNG.java:251)
at org.testng.remote.RemoteTestNG.main(RemoteTestNG.java:77)
]]>
            </full-stacktrace>
          </exception> <!-- java.lang.AssertionError -->
          <reporter-output>
          </reporter-output>
        </test-method> <!-- test_023_registration_update_address_with_empty_street_address_1 -->
        <test-method is-config="true" signature="getResult(org.testng.ITestResult)[pri:0, instance:sila_test_cases.Register_update_registration_data@7ff2b8d2]" started-at="2020-11-13T19:34:59 IST" name="getResult" finished-at="2020-11-13T19:34:59 IST" duration-ms="0" status="PASS">
          <params>
            <param index="0">
              <value>
                <![CDATA[[TestResult name=test_023_registration_update_address_with_empty_street_address_1 status=FAILURE method=Register_update_registration_data.test_023_registration_update_address_with_empty_street_address_1()[pri:23, instance:sila_test_cases.Register_update_registration_data@7ff2b8d2] output={null}]]]>
              </value>
            </param>
          </params>
          <reporter-output>
          </reporter-output>
        </test-method> <!-- getResult -->
        <test-method signature="test_024_registration_update_street_address_1_address_with_less_than_3_characters()[pri:24, instance:sila_test_cases.Register_update_registration_data@7ff2b8d2]" started-at="2020-11-13T19:34:59 IST" name="test_024_registration_update_street_address_1_address_with_less_than_3_characters" finished-at="2020-11-13T19:35:00 IST" duration-ms="1562" status="PASS">
          <reporter-output>
          </reporter-output>
        </test-method> <!-- test_024_registration_update_street_address_1_address_with_less_than_3_characters -->
        <test-method is-config="true" signature="getResult(org.testng.ITestResult)[pri:0, instance:sila_test_cases.Register_update_registration_data@7ff2b8d2]" started-at="2020-11-13T19:35:00 IST" name="getResult" finished-at="2020-11-13T19:35:00 IST" duration-ms="0" status="PASS">
          <params>
            <param index="0">
              <value>
                <![CDATA[[TestResult name=test_024_registration_update_street_address_1_address_with_less_than_3_characters status=SUCCESS method=Register_update_registration_data.test_024_registration_update_street_address_1_address_with_less_than_3_characters()[pri:24, instance:sila_test_cases.Register_update_registration_data@7ff2b8d2] output={null}]]]>
              </value>
            </param>
          </params>
          <reporter-output>
          </reporter-output>
        </test-method> <!-- getResult -->
        <test-method signature="test_025_registration_update_street_address_1_address_with_more_than_max_character()[pri:25, instance:sila_test_cases.Register_update_registration_data@7ff2b8d2]" started-at="2020-11-13T19:35:00 IST" name="test_025_registration_update_street_address_1_address_with_more_than_max_character" finished-at="2020-11-13T19:35:02 IST" duration-ms="1315" status="PASS">
          <reporter-output>
          </reporter-output>
        </test-method> <!-- test_025_registration_update_street_address_1_address_with_more_than_max_character -->
        <test-method is-config="true" signature="getResult(org.testng.ITestResult)[pri:0, instance:sila_test_cases.Register_update_registration_data@7ff2b8d2]" started-at="2020-11-13T19:35:02 IST" name="getResult" finished-at="2020-11-13T19:35:02 IST" duration-ms="1" status="PASS">
          <params>
            <param index="0">
              <value>
                <![CDATA[[TestResult name=test_025_registration_update_street_address_1_address_with_more_than_max_character status=SUCCESS method=Register_update_registration_data.test_025_registration_update_street_address_1_address_with_more_than_max_character()[pri:25, instance:sila_test_cases.Register_update_registration_data@7ff2b8d2] output={null}]]]>
              </value>
            </param>
          </params>
          <reporter-output>
          </reporter-output>
        </test-method> <!-- getResult -->
        <test-method signature="test_026_registration_update_street_address_1_address_with_40_characters()[pri:26, instance:sila_test_cases.Register_update_registration_data@7ff2b8d2]" started-at="2020-11-13T19:35:02 IST" name="test_026_registration_update_street_address_1_address_with_40_characters" finished-at="2020-11-13T19:35:03 IST" duration-ms="1313" status="PASS">
          <reporter-output>
          </reporter-output>
        </test-method> <!-- test_026_registration_update_street_address_1_address_with_40_characters -->
        <test-method is-config="true" signature="getResult(org.testng.ITestResult)[pri:0, instance:sila_test_cases.Register_update_registration_data@7ff2b8d2]" started-at="2020-11-13T19:35:03 IST" name="getResult" finished-at="2020-11-13T19:35:03 IST" duration-ms="0" status="PASS">
          <params>
            <param index="0">
              <value>
                <![CDATA[[TestResult name=test_026_registration_update_street_address_1_address_with_40_characters status=SUCCESS method=Register_update_registration_data.test_026_registration_update_street_address_1_address_with_40_characters()[pri:26, instance:sila_test_cases.Register_update_registration_data@7ff2b8d2] output={null}]]]>
              </value>
            </param>
          </params>
          <reporter-output>
          </reporter-output>
        </test-method> <!-- getResult -->
        <test-method signature="test_027_registration_update_street_address_1_address_with_3_characters()[pri:27, instance:sila_test_cases.Register_update_registration_data@7ff2b8d2]" started-at="2020-11-13T19:35:03 IST" name="test_027_registration_update_street_address_1_address_with_3_characters" finished-at="2020-11-13T19:35:04 IST" duration-ms="1511" status="PASS">
          <reporter-output>
          </reporter-output>
        </test-method> <!-- test_027_registration_update_street_address_1_address_with_3_characters -->
        <test-method is-config="true" signature="getResult(org.testng.ITestResult)[pri:0, instance:sila_test_cases.Register_update_registration_data@7ff2b8d2]" started-at="2020-11-13T19:35:04 IST" name="getResult" finished-at="2020-11-13T19:35:04 IST" duration-ms="0" status="PASS">
          <params>
            <param index="0">
              <value>
                <![CDATA[[TestResult name=test_027_registration_update_street_address_1_address_with_3_characters status=SUCCESS method=Register_update_registration_data.test_027_registration_update_street_address_1_address_with_3_characters()[pri:27, instance:sila_test_cases.Register_update_registration_data@7ff2b8d2] output={null}]]]>
              </value>
            </param>
          </params>
          <reporter-output>
          </reporter-output>
        </test-method> <!-- getResult -->
        <test-method signature="test_028_registration_update_address_with_empty_street_address_2()[pri:28, instance:sila_test_cases.Register_update_registration_data@7ff2b8d2]" started-at="2020-11-13T19:35:04 IST" name="test_028_registration_update_address_with_empty_street_address_2" finished-at="2020-11-13T19:35:06 IST" duration-ms="1341" status="PASS">
          <reporter-output>
          </reporter-output>
        </test-method> <!-- test_028_registration_update_address_with_empty_street_address_2 -->
        <test-method is-config="true" signature="getResult(org.testng.ITestResult)[pri:0, instance:sila_test_cases.Register_update_registration_data@7ff2b8d2]" started-at="2020-11-13T19:35:06 IST" name="getResult" finished-at="2020-11-13T19:35:06 IST" duration-ms="2" status="PASS">
          <params>
            <param index="0">
              <value>
                <![CDATA[[TestResult name=test_028_registration_update_address_with_empty_street_address_2 status=SUCCESS method=Register_update_registration_data.test_028_registration_update_address_with_empty_street_address_2()[pri:28, instance:sila_test_cases.Register_update_registration_data@7ff2b8d2] output={null}]]]>
              </value>
            </param>
          </params>
          <reporter-output>
          </reporter-output>
        </test-method> <!-- getResult -->
        <test-method signature="test_029_registration_update_street_address_2_address_with_less_than_3_characters()[pri:29, instance:sila_test_cases.Register_update_registration_data@7ff2b8d2]" started-at="2020-11-13T19:35:06 IST" name="test_029_registration_update_street_address_2_address_with_less_than_3_characters" finished-at="2020-11-13T19:35:07 IST" duration-ms="1386" status="PASS">
          <reporter-output>
          </reporter-output>
        </test-method> <!-- test_029_registration_update_street_address_2_address_with_less_than_3_characters -->
        <test-method is-config="true" signature="getResult(org.testng.ITestResult)[pri:0, instance:sila_test_cases.Register_update_registration_data@7ff2b8d2]" started-at="2020-11-13T19:35:07 IST" name="getResult" finished-at="2020-11-13T19:35:07 IST" duration-ms="1" status="PASS">
          <params>
            <param index="0">
              <value>
                <![CDATA[[TestResult name=test_029_registration_update_street_address_2_address_with_less_than_3_characters status=SUCCESS method=Register_update_registration_data.test_029_registration_update_street_address_2_address_with_less_than_3_characters()[pri:29, instance:sila_test_cases.Register_update_registration_data@7ff2b8d2] output={null}]]]>
              </value>
            </param>
          </params>
          <reporter-output>
          </reporter-output>
        </test-method> <!-- getResult -->
        <test-method signature="test_030_registration_update_street_address_2_address_with_more_than_max_character()[pri:30, instance:sila_test_cases.Register_update_registration_data@7ff2b8d2]" started-at="2020-11-13T19:35:07 IST" name="test_030_registration_update_street_address_2_address_with_more_than_max_character" finished-at="2020-11-13T19:35:08 IST" duration-ms="1321" status="PASS">
          <reporter-output>
          </reporter-output>
        </test-method> <!-- test_030_registration_update_street_address_2_address_with_more_than_max_character -->
        <test-method is-config="true" signature="getResult(org.testng.ITestResult)[pri:0, instance:sila_test_cases.Register_update_registration_data@7ff2b8d2]" started-at="2020-11-13T19:35:08 IST" name="getResult" finished-at="2020-11-13T19:35:08 IST" duration-ms="0" status="PASS">
          <params>
            <param index="0">
              <value>
                <![CDATA[[TestResult name=test_030_registration_update_street_address_2_address_with_more_than_max_character status=SUCCESS method=Register_update_registration_data.test_030_registration_update_street_address_2_address_with_more_than_max_character()[pri:30, instance:sila_test_cases.Register_update_registration_data@7ff2b8d2] output={null}]]]>
              </value>
            </param>
          </params>
          <reporter-output>
          </reporter-output>
        </test-method> <!-- getResult -->
        <test-method signature="test_031_registration_update_street_address_2_address_with_40_characters()[pri:31, instance:sila_test_cases.Register_update_registration_data@7ff2b8d2]" started-at="2020-11-13T19:35:08 IST" name="test_031_registration_update_street_address_2_address_with_40_characters" finished-at="2020-11-13T19:35:10 IST" duration-ms="1363" status="PASS">
          <reporter-output>
          </reporter-output>
        </test-method> <!-- test_031_registration_update_street_address_2_address_with_40_characters -->
        <test-method is-config="true" signature="getResult(org.testng.ITestResult)[pri:0, instance:sila_test_cases.Register_update_registration_data@7ff2b8d2]" started-at="2020-11-13T19:35:10 IST" name="getResult" finished-at="2020-11-13T19:35:10 IST" duration-ms="0" status="PASS">
          <params>
            <param index="0">
              <value>
                <![CDATA[[TestResult name=test_031_registration_update_street_address_2_address_with_40_characters status=SUCCESS method=Register_update_registration_data.test_031_registration_update_street_address_2_address_with_40_characters()[pri:31, instance:sila_test_cases.Register_update_registration_data@7ff2b8d2] output={null}]]]>
              </value>
            </param>
          </params>
          <reporter-output>
          </reporter-output>
        </test-method> <!-- getResult -->
        <test-method signature="test_032_registration_update_street_address_2_address_with_3_characters()[pri:32, instance:sila_test_cases.Register_update_registration_data@7ff2b8d2]" started-at="2020-11-13T19:35:10 IST" name="test_032_registration_update_street_address_2_address_with_3_characters" finished-at="2020-11-13T19:35:11 IST" duration-ms="1395" status="PASS">
          <reporter-output>
          </reporter-output>
        </test-method> <!-- test_032_registration_update_street_address_2_address_with_3_characters -->
        <test-method is-config="true" signature="getResult(org.testng.ITestResult)[pri:0, instance:sila_test_cases.Register_update_registration_data@7ff2b8d2]" started-at="2020-11-13T19:35:11 IST" name="getResult" finished-at="2020-11-13T19:35:11 IST" duration-ms="1" status="PASS">
          <params>
            <param index="0">
              <value>
                <![CDATA[[TestResult name=test_032_registration_update_street_address_2_address_with_3_characters status=SUCCESS method=Register_update_registration_data.test_032_registration_update_street_address_2_address_with_3_characters()[pri:32, instance:sila_test_cases.Register_update_registration_data@7ff2b8d2] output={null}]]]>
              </value>
            </param>
          </params>
          <reporter-output>
          </reporter-output>
        </test-method> <!-- getResult -->
        <test-method signature="test_033_registration_update_address_with_empty_city()[pri:33, instance:sila_test_cases.Register_update_registration_data@7ff2b8d2]" started-at="2020-11-13T19:35:11 IST" name="test_033_registration_update_address_with_empty_city" finished-at="2020-11-13T19:35:13 IST" duration-ms="1473" status="FAIL">
          <exception class="java.lang.AssertionError">
            <message>
              <![CDATA[expected [400] but found [200]]]>
            </message>
            <full-stacktrace>
              <![CDATA[java.lang.AssertionError: expected [400] but found [200]
at org.testng.Assert.fail(Assert.java:99)
at org.testng.Assert.failNotEquals(Assert.java:1037)
at org.testng.Assert.assertEqualsImpl(Assert.java:140)
at org.testng.Assert.assertEquals(Assert.java:122)
at org.testng.Assert.assertEquals(Assert.java:907)
at org.testng.Assert.assertEquals(Assert.java:917)
at sila_test_cases.Register_update_registration_data.test_033_registration_update_address_with_empty_city(Register_update_registration_data.java:764)
at java.base/jdk.internal.reflect.NativeMethodAccessorImpl.invoke0(Native Method)
at java.base/jdk.internal.reflect.NativeMethodAccessorImpl.invoke(NativeMethodAccessorImpl.java:62)
at java.base/jdk.internal.reflect.DelegatingMethodAccessorImpl.invoke(DelegatingMethodAccessorImpl.java:43)
at java.base/java.lang.reflect.Method.invoke(Method.java:566)
at org.testng.internal.MethodInvocationHelper.invokeMethod(MethodInvocationHelper.java:132)
at org.testng.internal.TestInvoker.invokeMethod(TestInvoker.java:599)
at org.testng.internal.TestInvoker.invokeTestMethod(TestInvoker.java:174)
at org.testng.internal.MethodRunner.runInSequence(MethodRunner.java:46)
at org.testng.internal.TestInvoker$MethodInvocationAgent.invoke(TestInvoker.java:822)
at org.testng.internal.TestInvoker.invokeTestMethods(TestInvoker.java:147)
at org.testng.internal.TestMethodWorker.invokeTestMethods(TestMethodWorker.java:146)
at org.testng.internal.TestMethodWorker.run(TestMethodWorker.java:128)
at java.base/java.util.ArrayList.forEach(ArrayList.java:1541)
at org.testng.TestRunner.privateRun(TestRunner.java:764)
at org.testng.TestRunner.run(TestRunner.java:585)
at org.testng.SuiteRunner.runTest(SuiteRunner.java:384)
at org.testng.SuiteRunner.runSequentially(SuiteRunner.java:378)
at org.testng.SuiteRunner.privateRun(SuiteRunner.java:337)
at org.testng.SuiteRunner.run(SuiteRunner.java:286)
at org.testng.SuiteRunnerWorker.runSuite(SuiteRunnerWorker.java:53)
at org.testng.SuiteRunnerWorker.run(SuiteRunnerWorker.java:96)
at org.testng.TestNG.runSuitesSequentially(TestNG.java:1218)
at org.testng.TestNG.runSuitesLocally(TestNG.java:1140)
at org.testng.TestNG.runSuites(TestNG.java:1069)
at org.testng.TestNG.run(TestNG.java:1037)
at org.testng.remote.AbstractRemoteTestNG.run(AbstractRemoteTestNG.java:115)
at org.testng.remote.RemoteTestNG.initAndRun(RemoteTestNG.java:251)
at org.testng.remote.RemoteTestNG.main(RemoteTestNG.java:77)
]]>
            </full-stacktrace>
          </exception> <!-- java.lang.AssertionError -->
          <reporter-output>
          </reporter-output>
        </test-method> <!-- test_033_registration_update_address_with_empty_city -->
        <test-method is-config="true" signature="getResult(org.testng.ITestResult)[pri:0, instance:sila_test_cases.Register_update_registration_data@7ff2b8d2]" started-at="2020-11-13T19:35:13 IST" name="getResult" finished-at="2020-11-13T19:35:13 IST" duration-ms="1" status="PASS">
          <params>
            <param index="0">
              <value>
                <![CDATA[[TestResult name=test_033_registration_update_address_with_empty_city status=FAILURE method=Register_update_registration_data.test_033_registration_update_address_with_empty_city()[pri:33, instance:sila_test_cases.Register_update_registration_data@7ff2b8d2] output={null}]]]>
              </value>
            </param>
          </params>
          <reporter-output>
          </reporter-output>
        </test-method> <!-- getResult -->
        <test-method signature="test_034_registration_update_address_with_less_than_2_characters_city_name()[pri:34, instance:sila_test_cases.Register_update_registration_data@7ff2b8d2]" started-at="2020-11-13T19:35:13 IST" name="test_034_registration_update_address_with_less_than_2_characters_city_name" finished-at="2020-11-13T19:35:14 IST" duration-ms="1289" status="PASS">
          <reporter-output>
          </reporter-output>
        </test-method> <!-- test_034_registration_update_address_with_less_than_2_characters_city_name -->
        <test-method is-config="true" signature="getResult(org.testng.ITestResult)[pri:0, instance:sila_test_cases.Register_update_registration_data@7ff2b8d2]" started-at="2020-11-13T19:35:14 IST" name="getResult" finished-at="2020-11-13T19:35:14 IST" duration-ms="1" status="PASS">
          <params>
            <param index="0">
              <value>
                <![CDATA[[TestResult name=test_034_registration_update_address_with_less_than_2_characters_city_name status=SUCCESS method=Register_update_registration_data.test_034_registration_update_address_with_less_than_2_characters_city_name()[pri:34, instance:sila_test_cases.Register_update_registration_data@7ff2b8d2] output={null}]]]>
              </value>
            </param>
          </params>
          <reporter-output>
          </reporter-output>
        </test-method> <!-- getResult -->
        <test-method signature="test_035_registration_update_address_with_more_than_40_characters_city_name()[pri:35, instance:sila_test_cases.Register_update_registration_data@7ff2b8d2]" started-at="2020-11-13T19:35:14 IST" name="test_035_registration_update_address_with_more_than_40_characters_city_name" finished-at="2020-11-13T19:35:16 IST" duration-ms="1492" status="PASS">
          <reporter-output>
          </reporter-output>
        </test-method> <!-- test_035_registration_update_address_with_more_than_40_characters_city_name -->
        <test-method is-config="true" signature="getResult(org.testng.ITestResult)[pri:0, instance:sila_test_cases.Register_update_registration_data@7ff2b8d2]" started-at="2020-11-13T19:35:16 IST" name="getResult" finished-at="2020-11-13T19:35:16 IST" duration-ms="1" status="PASS">
          <params>
            <param index="0">
              <value>
                <![CDATA[[TestResult name=test_035_registration_update_address_with_more_than_40_characters_city_name status=SUCCESS method=Register_update_registration_data.test_035_registration_update_address_with_more_than_40_characters_city_name()[pri:35, instance:sila_test_cases.Register_update_registration_data@7ff2b8d2] output={null}]]]>
              </value>
            </param>
          </params>
          <reporter-output>
          </reporter-output>
        </test-method> <!-- getResult -->
        <test-method signature="test_36_registration_update_address_with_40_characters_city_name()[pri:36, instance:sila_test_cases.Register_update_registration_data@7ff2b8d2]" started-at="2020-11-13T19:35:16 IST" name="test_36_registration_update_address_with_40_characters_city_name" finished-at="2020-11-13T19:35:17 IST" duration-ms="1386" status="PASS">
          <reporter-output>
          </reporter-output>
        </test-method> <!-- test_36_registration_update_address_with_40_characters_city_name -->
        <test-method is-config="true" signature="getResult(org.testng.ITestResult)[pri:0, instance:sila_test_cases.Register_update_registration_data@7ff2b8d2]" started-at="2020-11-13T19:35:17 IST" name="getResult" finished-at="2020-11-13T19:35:17 IST" duration-ms="1" status="PASS">
          <params>
            <param index="0">
              <value>
                <![CDATA[[TestResult name=test_36_registration_update_address_with_40_characters_city_name status=SUCCESS method=Register_update_registration_data.test_36_registration_update_address_with_40_characters_city_name()[pri:36, instance:sila_test_cases.Register_update_registration_data@7ff2b8d2] output={null}]]]>
              </value>
            </param>
          </params>
          <reporter-output>
          </reporter-output>
        </test-method> <!-- getResult -->
        <test-method signature="test_037_registration_update_address_with_empty_state()[pri:37, instance:sila_test_cases.Register_update_registration_data@7ff2b8d2]" started-at="2020-11-13T19:35:17 IST" name="test_037_registration_update_address_with_empty_state" finished-at="2020-11-13T19:35:18 IST" duration-ms="1463" status="FAIL">
          <exception class="java.lang.AssertionError">
            <message>
              <![CDATA[expected [400] but found [200]]]>
            </message>
            <full-stacktrace>
              <![CDATA[java.lang.AssertionError: expected [400] but found [200]
at org.testng.Assert.fail(Assert.java:99)
at org.testng.Assert.failNotEquals(Assert.java:1037)
at org.testng.Assert.assertEqualsImpl(Assert.java:140)
at org.testng.Assert.assertEquals(Assert.java:122)
at org.testng.Assert.assertEquals(Assert.java:907)
at org.testng.Assert.assertEquals(Assert.java:917)
at sila_test_cases.Register_update_registration_data.test_037_registration_update_address_with_empty_state(Register_update_registration_data.java:875)
at java.base/jdk.internal.reflect.NativeMethodAccessorImpl.invoke0(Native Method)
at java.base/jdk.internal.reflect.NativeMethodAccessorImpl.invoke(NativeMethodAccessorImpl.java:62)
at java.base/jdk.internal.reflect.DelegatingMethodAccessorImpl.invoke(DelegatingMethodAccessorImpl.java:43)
at java.base/java.lang.reflect.Method.invoke(Method.java:566)
at org.testng.internal.MethodInvocationHelper.invokeMethod(MethodInvocationHelper.java:132)
at org.testng.internal.TestInvoker.invokeMethod(TestInvoker.java:599)
at org.testng.internal.TestInvoker.invokeTestMethod(TestInvoker.java:174)
at org.testng.internal.MethodRunner.runInSequence(MethodRunner.java:46)
at org.testng.internal.TestInvoker$MethodInvocationAgent.invoke(TestInvoker.java:822)
at org.testng.internal.TestInvoker.invokeTestMethods(TestInvoker.java:147)
at org.testng.internal.TestMethodWorker.invokeTestMethods(TestMethodWorker.java:146)
at org.testng.internal.TestMethodWorker.run(TestMethodWorker.java:128)
at java.base/java.util.ArrayList.forEach(ArrayList.java:1541)
at org.testng.TestRunner.privateRun(TestRunner.java:764)
at org.testng.TestRunner.run(TestRunner.java:585)
at org.testng.SuiteRunner.runTest(SuiteRunner.java:384)
at org.testng.SuiteRunner.runSequentially(SuiteRunner.java:378)
at org.testng.SuiteRunner.privateRun(SuiteRunner.java:337)
at org.testng.SuiteRunner.run(SuiteRunner.java:286)
at org.testng.SuiteRunnerWorker.runSuite(SuiteRunnerWorker.java:53)
at org.testng.SuiteRunnerWorker.run(SuiteRunnerWorker.java:96)
at org.testng.TestNG.runSuitesSequentially(TestNG.java:1218)
at org.testng.TestNG.runSuitesLocally(TestNG.java:1140)
at org.testng.TestNG.runSuites(TestNG.java:1069)
at org.testng.TestNG.run(TestNG.java:1037)
at org.testng.remote.AbstractRemoteTestNG.run(AbstractRemoteTestNG.java:115)
at org.testng.remote.RemoteTestNG.initAndRun(RemoteTestNG.java:251)
at org.testng.remote.RemoteTestNG.main(RemoteTestNG.java:77)
]]>
            </full-stacktrace>
          </exception> <!-- java.lang.AssertionError -->
          <reporter-output>
          </reporter-output>
        </test-method> <!-- test_037_registration_update_address_with_empty_state -->
        <test-method is-config="true" signature="getResult(org.testng.ITestResult)[pri:0, instance:sila_test_cases.Register_update_registration_data@7ff2b8d2]" started-at="2020-11-13T19:35:18 IST" name="getResult" finished-at="2020-11-13T19:35:18 IST" duration-ms="0" status="PASS">
          <params>
            <param index="0">
              <value>
                <![CDATA[[TestResult name=test_037_registration_update_address_with_empty_state status=FAILURE method=Register_update_registration_data.test_037_registration_update_address_with_empty_state()[pri:37, instance:sila_test_cases.Register_update_registration_data@7ff2b8d2] output={null}]]]>
              </value>
            </param>
          </params>
          <reporter-output>
          </reporter-output>
        </test-method> <!-- getResult -->
        <test-method signature="test_038_registration_update_address_with_less_than_2_characters_state_name()[pri:38, instance:sila_test_cases.Register_update_registration_data@7ff2b8d2]" started-at="2020-11-13T19:35:18 IST" name="test_038_registration_update_address_with_less_than_2_characters_state_name" finished-at="2020-11-13T19:35:20 IST" duration-ms="1368" status="PASS">
          <reporter-output>
          </reporter-output>
        </test-method> <!-- test_038_registration_update_address_with_less_than_2_characters_state_name -->
        <test-method is-config="true" signature="getResult(org.testng.ITestResult)[pri:0, instance:sila_test_cases.Register_update_registration_data@7ff2b8d2]" started-at="2020-11-13T19:35:20 IST" name="getResult" finished-at="2020-11-13T19:35:20 IST" duration-ms="1" status="PASS">
          <params>
            <param index="0">
              <value>
                <![CDATA[[TestResult name=test_038_registration_update_address_with_less_than_2_characters_state_name status=SUCCESS method=Register_update_registration_data.test_038_registration_update_address_with_less_than_2_characters_state_name()[pri:38, instance:sila_test_cases.Register_update_registration_data@7ff2b8d2] output={null}]]]>
              </value>
            </param>
          </params>
          <reporter-output>
          </reporter-output>
        </test-method> <!-- getResult -->
        <test-method signature="test_039_registration_update_address_with_more_than_40_characters_state_name()[pri:39, instance:sila_test_cases.Register_update_registration_data@7ff2b8d2]" started-at="2020-11-13T19:35:20 IST" name="test_039_registration_update_address_with_more_than_40_characters_state_name" finished-at="2020-11-13T19:35:21 IST" duration-ms="1594" status="PASS">
          <reporter-output>
          </reporter-output>
        </test-method> <!-- test_039_registration_update_address_with_more_than_40_characters_state_name -->
        <test-method is-config="true" signature="getResult(org.testng.ITestResult)[pri:0, instance:sila_test_cases.Register_update_registration_data@7ff2b8d2]" started-at="2020-11-13T19:35:21 IST" name="getResult" finished-at="2020-11-13T19:35:21 IST" duration-ms="1" status="PASS">
          <params>
            <param index="0">
              <value>
                <![CDATA[[TestResult name=test_039_registration_update_address_with_more_than_40_characters_state_name status=SUCCESS method=Register_update_registration_data.test_039_registration_update_address_with_more_than_40_characters_state_name()[pri:39, instance:sila_test_cases.Register_update_registration_data@7ff2b8d2] output={null}]]]>
              </value>
            </param>
          </params>
          <reporter-output>
          </reporter-output>
        </test-method> <!-- getResult -->
        <test-method signature="test_040_registration_update_address_with_40_characters_state_name()[pri:40, instance:sila_test_cases.Register_update_registration_data@7ff2b8d2]" started-at="2020-11-13T19:35:21 IST" name="test_040_registration_update_address_with_40_characters_state_name" finished-at="2020-11-13T19:35:23 IST" duration-ms="1592" status="PASS">
          <reporter-output>
          </reporter-output>
        </test-method> <!-- test_040_registration_update_address_with_40_characters_state_name -->
        <test-method is-config="true" signature="getResult(org.testng.ITestResult)[pri:0, instance:sila_test_cases.Register_update_registration_data@7ff2b8d2]" started-at="2020-11-13T19:35:23 IST" name="getResult" finished-at="2020-11-13T19:35:23 IST" duration-ms="0" status="PASS">
          <params>
            <param index="0">
              <value>
                <![CDATA[[TestResult name=test_040_registration_update_address_with_40_characters_state_name status=SUCCESS method=Register_update_registration_data.test_040_registration_update_address_with_40_characters_state_name()[pri:40, instance:sila_test_cases.Register_update_registration_data@7ff2b8d2] output={null}]]]>
              </value>
            </param>
          </params>
          <reporter-output>
          </reporter-output>
        </test-method> <!-- getResult -->
        <test-method signature="test_041_registration_update_address_successfully()[pri:41, instance:sila_test_cases.Register_update_registration_data@7ff2b8d2]" started-at="2020-11-13T19:35:23 IST" name="test_041_registration_update_address_successfully" finished-at="2020-11-13T19:35:24 IST" duration-ms="1369" status="PASS">
          <reporter-output>
          </reporter-output>
        </test-method> <!-- test_041_registration_update_address_successfully -->
        <test-method is-config="true" signature="getResult(org.testng.ITestResult)[pri:0, instance:sila_test_cases.Register_update_registration_data@7ff2b8d2]" started-at="2020-11-13T19:35:24 IST" name="getResult" finished-at="2020-11-13T19:35:24 IST" duration-ms="1" status="PASS">
          <params>
            <param index="0">
              <value>
                <![CDATA[[TestResult name=test_041_registration_update_address_successfully status=SUCCESS method=Register_update_registration_data.test_041_registration_update_address_successfully()[pri:41, instance:sila_test_cases.Register_update_registration_data@7ff2b8d2] output={null}]]]>
              </value>
            </param>
          </params>
          <reporter-output>
          </reporter-output>
        </test-method> <!-- getResult -->
        <test-method signature="test_042_registration_update_address_with_another_uuid()[pri:42, instance:sila_test_cases.Register_update_registration_data@7ff2b8d2]" started-at="2020-11-13T19:35:24 IST" name="test_042_registration_update_address_with_another_uuid" finished-at="2020-11-13T19:35:26 IST" duration-ms="1313" status="PASS">
          <reporter-output>
          </reporter-output>
        </test-method> <!-- test_042_registration_update_address_with_another_uuid -->
        <test-method is-config="true" signature="getResult(org.testng.ITestResult)[pri:0, instance:sila_test_cases.Register_update_registration_data@7ff2b8d2]" started-at="2020-11-13T19:35:26 IST" name="getResult" finished-at="2020-11-13T19:35:26 IST" duration-ms="0" status="PASS">
          <params>
            <param index="0">
              <value>
                <![CDATA[[TestResult name=test_042_registration_update_address_with_another_uuid status=SUCCESS method=Register_update_registration_data.test_042_registration_update_address_with_another_uuid()[pri:42, instance:sila_test_cases.Register_update_registration_data@7ff2b8d2] output={null}]]]>
              </value>
            </param>
          </params>
          <reporter-output>
          </reporter-output>
        </test-method> <!-- getResult -->
        <test-method signature="test_043_registration_update_address_with_invalid_uuid()[pri:43, instance:sila_test_cases.Register_update_registration_data@7ff2b8d2]" started-at="2020-11-13T19:35:26 IST" name="test_043_registration_update_address_with_invalid_uuid" finished-at="2020-11-13T19:35:27 IST" duration-ms="1283" status="PASS">
          <reporter-output>
          </reporter-output>
        </test-method> <!-- test_043_registration_update_address_with_invalid_uuid -->
        <test-method is-config="true" signature="getResult(org.testng.ITestResult)[pri:0, instance:sila_test_cases.Register_update_registration_data@7ff2b8d2]" started-at="2020-11-13T19:35:27 IST" name="getResult" finished-at="2020-11-13T19:35:27 IST" duration-ms="2" status="PASS">
          <params>
            <param index="0">
              <value>
                <![CDATA[[TestResult name=test_043_registration_update_address_with_invalid_uuid status=SUCCESS method=Register_update_registration_data.test_043_registration_update_address_with_invalid_uuid()[pri:43, instance:sila_test_cases.Register_update_registration_data@7ff2b8d2] output={null}]]]>
              </value>
            </param>
          </params>
          <reporter-output>
          </reporter-output>
        </test-method> <!-- getResult -->
        <test-method signature="test_044_registration_update_empty_first_name()[pri:44, instance:sila_test_cases.Register_update_registration_data@7ff2b8d2]" started-at="2020-11-13T19:35:27 IST" name="test_044_registration_update_empty_first_name" finished-at="2020-11-13T19:35:28 IST" duration-ms="794" status="PASS">
          <reporter-output>
          </reporter-output>
        </test-method> <!-- test_044_registration_update_empty_first_name -->
        <test-method is-config="true" signature="getResult(org.testng.ITestResult)[pri:0, instance:sila_test_cases.Register_update_registration_data@7ff2b8d2]" started-at="2020-11-13T19:35:28 IST" name="getResult" finished-at="2020-11-13T19:35:28 IST" duration-ms="1" status="PASS">
          <params>
            <param index="0">
              <value>
                <![CDATA[[TestResult name=test_044_registration_update_empty_first_name status=SUCCESS method=Register_update_registration_data.test_044_registration_update_empty_first_name()[pri:44, instance:sila_test_cases.Register_update_registration_data@7ff2b8d2] output={null}]]]>
              </value>
            </param>
          </params>
          <reporter-output>
          </reporter-output>
        </test-method> <!-- getResult -->
        <test-method signature="test_045_registration_update_empty_first_name()[pri:45, instance:sila_test_cases.Register_update_registration_data@7ff2b8d2]" started-at="2020-11-13T19:35:28 IST" name="test_045_registration_update_empty_first_name" finished-at="2020-11-13T19:35:28 IST" duration-ms="629" status="PASS">
          <reporter-output>
          </reporter-output>
        </test-method> <!-- test_045_registration_update_empty_first_name -->
        <test-method is-config="true" signature="getResult(org.testng.ITestResult)[pri:0, instance:sila_test_cases.Register_update_registration_data@7ff2b8d2]" started-at="2020-11-13T19:35:28 IST" name="getResult" finished-at="2020-11-13T19:35:28 IST" duration-ms="2" status="PASS">
          <params>
            <param index="0">
              <value>
                <![CDATA[[TestResult name=test_045_registration_update_empty_first_name status=SUCCESS method=Register_update_registration_data.test_045_registration_update_empty_first_name()[pri:45, instance:sila_test_cases.Register_update_registration_data@7ff2b8d2] output={null}]]]>
              </value>
            </param>
          </params>
          <reporter-output>
          </reporter-output>
        </test-method> <!-- getResult -->
        <test-method signature="test_046_registration_update_first_name_with_min_character()[pri:46, instance:sila_test_cases.Register_update_registration_data@7ff2b8d2]" started-at="2020-11-13T19:35:28 IST" name="test_046_registration_update_first_name_with_min_character" finished-at="2020-11-13T19:35:29 IST" duration-ms="639" status="PASS">
          <reporter-output>
          </reporter-output>
        </test-method> <!-- test_046_registration_update_first_name_with_min_character -->
        <test-method is-config="true" signature="getResult(org.testng.ITestResult)[pri:0, instance:sila_test_cases.Register_update_registration_data@7ff2b8d2]" started-at="2020-11-13T19:35:29 IST" name="getResult" finished-at="2020-11-13T19:35:29 IST" duration-ms="1" status="PASS">
          <params>
            <param index="0">
              <value>
                <![CDATA[[TestResult name=test_046_registration_update_first_name_with_min_character status=SUCCESS method=Register_update_registration_data.test_046_registration_update_first_name_with_min_character()[pri:46, instance:sila_test_cases.Register_update_registration_data@7ff2b8d2] output={null}]]]>
              </value>
            </param>
          </params>
          <reporter-output>
          </reporter-output>
        </test-method> <!-- getResult -->
        <test-method signature="test_047_registration_update_first_name_with_max_character()[pri:47, instance:sila_test_cases.Register_update_registration_data@7ff2b8d2]" started-at="2020-11-13T19:35:29 IST" name="test_047_registration_update_first_name_with_max_character" finished-at="2020-11-13T19:35:30 IST" duration-ms="622" status="PASS">
          <reporter-output>
          </reporter-output>
        </test-method> <!-- test_047_registration_update_first_name_with_max_character -->
        <test-method is-config="true" signature="getResult(org.testng.ITestResult)[pri:0, instance:sila_test_cases.Register_update_registration_data@7ff2b8d2]" started-at="2020-11-13T19:35:30 IST" name="getResult" finished-at="2020-11-13T19:35:30 IST" duration-ms="0" status="PASS">
          <params>
            <param index="0">
              <value>
                <![CDATA[[TestResult name=test_047_registration_update_first_name_with_max_character status=SUCCESS method=Register_update_registration_data.test_047_registration_update_first_name_with_max_character()[pri:47, instance:sila_test_cases.Register_update_registration_data@7ff2b8d2] output={null}]]]>
              </value>
            </param>
          </params>
          <reporter-output>
          </reporter-output>
        </test-method> <!-- getResult -->
        <test-method signature="test_048_registration_update_first_name_with_more_than_40_character()[pri:48, instance:sila_test_cases.Register_update_registration_data@7ff2b8d2]" started-at="2020-11-13T19:35:30 IST" name="test_048_registration_update_first_name_with_more_than_40_character" finished-at="2020-11-13T19:35:30 IST" duration-ms="656" status="PASS">
          <reporter-output>
          </reporter-output>
        </test-method> <!-- test_048_registration_update_first_name_with_more_than_40_character -->
        <test-method is-config="true" signature="getResult(org.testng.ITestResult)[pri:0, instance:sila_test_cases.Register_update_registration_data@7ff2b8d2]" started-at="2020-11-13T19:35:30 IST" name="getResult" finished-at="2020-11-13T19:35:30 IST" duration-ms="0" status="PASS">
          <params>
            <param index="0">
              <value>
                <![CDATA[[TestResult name=test_048_registration_update_first_name_with_more_than_40_character status=SUCCESS method=Register_update_registration_data.test_048_registration_update_first_name_with_more_than_40_character()[pri:48, instance:sila_test_cases.Register_update_registration_data@7ff2b8d2] output={null}]]]>
              </value>
            </param>
          </params>
          <reporter-output>
          </reporter-output>
        </test-method> <!-- getResult -->
        <test-method signature="test_049_registration_update_empty_last_name()[pri:49, instance:sila_test_cases.Register_update_registration_data@7ff2b8d2]" started-at="2020-11-13T19:35:30 IST" name="test_049_registration_update_empty_last_name" finished-at="2020-11-13T19:35:31 IST" duration-ms="666" status="PASS">
          <reporter-output>
          </reporter-output>
        </test-method> <!-- test_049_registration_update_empty_last_name -->
[...]
at org.testng.TestRunner.privateRun(TestRunner.java:764)
at org.testng.TestRunner.run(TestRunner.java:585)
at org.testng.SuiteRunner.runTest(SuiteRunner.java:384)
at org.testng.SuiteRunner.runSequentially(SuiteRunner.java:378)
at org.testng.SuiteRunner.privateRun(SuiteRunner.java:337)
at org.testng.SuiteRunner.run(SuiteRunner.java:286)
at org.testng.SuiteRunnerWorker.runSuite(SuiteRunnerWorker.java:53)
at org.testng.SuiteRunnerWorker.run(SuiteRunnerWorker.java:96)
at org.testng.TestNG.runSuitesSequentially(TestNG.java:1218)
at org.testng.TestNG.runSuitesLocally(TestNG.java:1140)
at org.testng.TestNG.runSuites(TestNG.java:1069)
at org.testng.TestNG.run(TestNG.java:1037)
at org.testng.remote.AbstractRemoteTestNG.run(AbstractRemoteTestNG.java:115)
at org.testng.remote.RemoteTestNG.initAndRun(RemoteTestNG.java:251)
at org.testng.remote.RemoteTestNG.main(RemoteTestNG.java:77)
]]>
            </full-stacktrace>
          </exception> <!-- java.lang.AssertionError -->
          <reporter-output>
          </reporter-output>
        </test-method> <!-- test_044_registration_add_address_with_invalid_abbreviations_for_US_states -->
        <test-method is-config="true" signature="getResult(org.testng.ITestResult)[pri:0, instance:sila_test_cases.Register_add_registration_data@14faa38c]" started-at="2020-11-13T19:34:27 IST" name="getResult" finished-at="2020-11-13T19:34:27 IST" duration-ms="0" status="PASS">
          <params>
            <param index="0">
              <value>
                <![CDATA[[TestResult name=test_044_registration_add_address_with_invalid_abbreviations_for_US_states status=FAILURE method=Register_add_registration_data.test_044_registration_add_address_with_invalid_abbreviations_for_US_states()[pri:44, instance:sila_test_cases.Register_add_registration_data@14faa38c] output={null}]]]>
              </value>
            </param>
          </params>
          <reporter-output>
          </reporter-output>
        </test-method> <!-- getResult -->
        <test-method signature="test_045_registration_add_address_with_empty_postal_code()[pri:45, instance:sila_test_cases.Register_add_registration_data@14faa38c]" started-at="2020-11-13T19:34:27 IST" name="test_045_registration_add_address_with_empty_postal_code" finished-at="2020-11-13T19:34:28 IST" duration-ms="590" status="FAIL">
          <exception class="java.lang.AssertionError">
            <message>
              <![CDATA[expected [400] but found [200]]]>
            </message>
            <full-stacktrace>
              <![CDATA[java.lang.AssertionError: expected [400] but found [200]
at org.testng.Assert.fail(Assert.java:99)
at org.testng.Assert.failNotEquals(Assert.java:1037)
at org.testng.Assert.assertEqualsImpl(Assert.java:140)
at org.testng.Assert.assertEquals(Assert.java:122)
at org.testng.Assert.assertEquals(Assert.java:907)
at org.testng.Assert.assertEquals(Assert.java:917)
at sila_test_cases.Register_add_registration_data.test_045_registration_add_address_with_empty_postal_code(Register_add_registration_data.java:973)
at java.base/jdk.internal.reflect.NativeMethodAccessorImpl.invoke0(Native Method)
at java.base/jdk.internal.reflect.NativeMethodAccessorImpl.invoke(NativeMethodAccessorImpl.java:62)
at java.base/jdk.internal.reflect.DelegatingMethodAccessorImpl.invoke(DelegatingMethodAccessorImpl.java:43)
at java.base/java.lang.reflect.Method.invoke(Method.java:566)
at org.testng.internal.MethodInvocationHelper.invokeMethod(MethodInvocationHelper.java:132)
at org.testng.internal.TestInvoker.invokeMethod(TestInvoker.java:599)
at org.testng.internal.TestInvoker.invokeTestMethod(TestInvoker.java:174)
at org.testng.internal.MethodRunner.runInSequence(MethodRunner.java:46)
at org.testng.internal.TestInvoker$MethodInvocationAgent.invoke(TestInvoker.java:822)
at org.testng.internal.TestInvoker.invokeTestMethods(TestInvoker.java:147)
at org.testng.internal.TestMethodWorker.invokeTestMethods(TestMethodWorker.java:146)
at org.testng.internal.TestMethodWorker.run(TestMethodWorker.java:128)
at java.base/java.util.ArrayList.forEach(ArrayList.java:1541)
at org.testng.TestRunner.privateRun(TestRunner.java:764)
at org.testng.TestRunner.run(TestRunner.java:585)
at org.testng.SuiteRunner.runTest(SuiteRunner.java:384)
at org.testng.SuiteRunner.runSequentially(SuiteRunner.java:378)
at org.testng.SuiteRunner.privateRun(SuiteRunner.java:337)
at org.testng.SuiteRunner.run(SuiteRunner.java:286)
at org.testng.SuiteRunnerWorker.runSuite(SuiteRunnerWorker.java:53)
at org.testng.SuiteRunnerWorker.run(SuiteRunnerWorker.java:96)
at org.testng.TestNG.runSuitesSequentially(TestNG.java:1218)
at org.testng.TestNG.runSuitesLocally(TestNG.java:1140)
at org.testng.TestNG.runSuites(TestNG.java:1069)
at org.testng.TestNG.run(TestNG.java:1037)
at org.testng.remote.AbstractRemoteTestNG.run(AbstractRemoteTestNG.java:115)
at org.testng.remote.RemoteTestNG.initAndRun(RemoteTestNG.java:251)
at org.testng.remote.RemoteTestNG.main(RemoteTestNG.java:77)
]]>
            </full-stacktrace>
          </exception> <!-- java.lang.AssertionError -->
          <reporter-output>
          </reporter-output>
        </test-method> <!-- test_045_registration_add_address_with_empty_postal_code -->
        <test-method is-config="true" signature="getResult(org.testng.ITestResult)[pri:0, instance:sila_test_cases.Register_add_registration_data@14faa38c]" started-at="2020-11-13T19:34:28 IST" name="getResult" finished-at="2020-11-13T19:34:28 IST" duration-ms="1" status="PASS">
          <params>
            <param index="0">
              <value>
                <![CDATA[[TestResult name=test_045_registration_add_address_with_empty_postal_code status=FAILURE method=Register_add_registration_data.test_045_registration_add_address_with_empty_postal_code()[pri:45, instance:sila_test_cases.Register_add_registration_data@14faa38c] output={null}]]]>
              </value>
            </param>
          </params>
          <reporter-output>
          </reporter-output>
        </test-method> <!-- getResult -->
        <test-method signature="test_046_registration_add_address_with_more_than_max_length_postal_code()[pri:46, instance:sila_test_cases.Register_add_registration_data@14faa38c]" started-at="2020-11-13T19:34:28 IST" name="test_046_registration_add_address_with_more_than_max_length_postal_code" finished-at="2020-11-13T19:34:29 IST" duration-ms="1122" status="PASS">
          <reporter-output>
          </reporter-output>
        </test-method> <!-- test_046_registration_add_address_with_more_than_max_length_postal_code -->
        <test-method is-config="true" signature="getResult(org.testng.ITestResult)[pri:0, instance:sila_test_cases.Register_add_registration_data@14faa38c]" started-at="2020-11-13T19:34:29 IST" name="getResult" finished-at="2020-11-13T19:34:29 IST" duration-ms="1" status="PASS">
          <params>
            <param index="0">
              <value>
                <![CDATA[[TestResult name=test_046_registration_add_address_with_more_than_max_length_postal_code status=SUCCESS method=Register_add_registration_data.test_046_registration_add_address_with_more_than_max_length_postal_code()[pri:46, instance:sila_test_cases.Register_add_registration_data@14faa38c] output={null}]]]>
              </value>
            </param>
          </params>
          <reporter-output>
          </reporter-output>
        </test-method> <!-- getResult -->
        <test-method signature="test_047_registration_add_address_with_10_digitss_postal_code()[pri:47, instance:sila_test_cases.Register_add_registration_data@14faa38c]" started-at="2020-11-13T19:34:29 IST" name="test_047_registration_add_address_with_10_digitss_postal_code" finished-at="2020-11-13T19:34:30 IST" duration-ms="558" status="PASS">
          <reporter-output>
          </reporter-output>
        </test-method> <!-- test_047_registration_add_address_with_10_digitss_postal_code -->
        <test-method is-config="true" signature="getResult(org.testng.ITestResult)[pri:0, instance:sila_test_cases.Register_add_registration_data@14faa38c]" started-at="2020-11-13T19:34:30 IST" name="getResult" finished-at="2020-11-13T19:34:30 IST" duration-ms="1" status="PASS">
          <params>
            <param index="0">
              <value>
                <![CDATA[[TestResult name=test_047_registration_add_address_with_10_digitss_postal_code status=SUCCESS method=Register_add_registration_data.test_047_registration_add_address_with_10_digitss_postal_code()[pri:47, instance:sila_test_cases.Register_add_registration_data@14faa38c] output={null}]]]>
              </value>
            </param>
          </params>
          <reporter-output>
          </reporter-output>
        </test-method> <!-- getResult -->
        <test-method signature="test_049_registration_add_address_with_empty_country()[pri:49, instance:sila_test_cases.Register_add_registration_data@14faa38c]" started-at="2020-11-13T19:34:30 IST" name="test_049_registration_add_address_with_empty_country" finished-at="2020-11-13T19:34:30 IST" duration-ms="602" status="FAIL">
          <exception class="java.lang.AssertionError">
            <message>
              <![CDATA[expected [400] but found [200]]]>
            </message>
            <full-stacktrace>
              <![CDATA[java.lang.AssertionError: expected [400] but found [200]
at org.testng.Assert.fail(Assert.java:99)
at org.testng.Assert.failNotEquals(Assert.java:1037)
at org.testng.Assert.assertEqualsImpl(Assert.java:140)
at org.testng.Assert.assertEquals(Assert.java:122)
at org.testng.Assert.assertEquals(Assert.java:907)
at org.testng.Assert.assertEquals(Assert.java:917)
at sila_test_cases.Register_add_registration_data.test_049_registration_add_address_with_empty_country(Register_add_registration_data.java:1060)
at java.base/jdk.internal.reflect.NativeMethodAccessorImpl.invoke0(Native Method)
at java.base/jdk.internal.reflect.NativeMethodAccessorImpl.invoke(NativeMethodAccessorImpl.java:62)
at java.base/jdk.internal.reflect.DelegatingMethodAccessorImpl.invoke(DelegatingMethodAccessorImpl.java:43)
at java.base/java.lang.reflect.Method.invoke(Method.java:566)
at org.testng.internal.MethodInvocationHelper.invokeMethod(MethodInvocationHelper.java:132)
at org.testng.internal.TestInvoker.invokeMethod(TestInvoker.java:599)
at org.testng.internal.TestInvoker.invokeTestMethod(TestInvoker.java:174)
at org.testng.internal.MethodRunner.runInSequence(MethodRunner.java:46)
at org.testng.internal.TestInvoker$MethodInvocationAgent.invoke(TestInvoker.java:822)
at org.testng.internal.TestInvoker.invokeTestMethods(TestInvoker.java:147)
at org.testng.internal.TestMethodWorker.invokeTestMethods(TestMethodWorker.java:146)
at org.testng.internal.TestMethodWorker.run(TestMethodWorker.java:128)
at java.base/java.util.ArrayList.forEach(ArrayList.java:1541)
at org.testng.TestRunner.privateRun(TestRunner.java:764)
at org.testng.TestRunner.run(TestRunner.java:585)
at org.testng.SuiteRunner.runTest(SuiteRunner.java:384)
at org.testng.SuiteRunner.runSequentially(SuiteRunner.java:378)
at org.testng.SuiteRunner.privateRun(SuiteRunner.java:337)
at org.testng.SuiteRunner.run(SuiteRunner.java:286)
at org.testng.SuiteRunnerWorker.runSuite(SuiteRunnerWorker.java:53)
at org.testng.SuiteRunnerWorker.run(SuiteRunnerWorker.java:96)
at org.testng.TestNG.runSuitesSequentially(TestNG.java:1218)
at org.testng.TestNG.runSuitesLocally(TestNG.java:1140)
at org.testng.TestNG.runSuites(TestNG.java:1069)
at org.testng.TestNG.run(TestNG.java:1037)
at org.testng.remote.AbstractRemoteTestNG.run(AbstractRemoteTestNG.java:115)
at org.testng.remote.RemoteTestNG.initAndRun(RemoteTestNG.java:251)
at org.testng.remote.RemoteTestNG.main(RemoteTestNG.java:77)
]]>
            </full-stacktrace>
          </exception> <!-- java.lang.AssertionError -->
          <reporter-output>
          </reporter-output>
        </test-method> <!-- test_049_registration_add_address_with_empty_country -->
        <test-method is-config="true" signature="getResult(org.testng.ITestResult)[pri:0, instance:sila_test_cases.Register_add_registration_data@14faa38c]" started-at="2020-11-13T19:34:30 IST" name="getResult" finished-at="2020-11-13T19:34:30 IST" duration-ms="0" status="PASS">
          <params>
            <param index="0">
              <value>
                <![CDATA[[TestResult name=test_049_registration_add_address_with_empty_country status=FAILURE method=Register_add_registration_data.test_049_registration_add_address_with_empty_country()[pri:49, instance:sila_test_cases.Register_add_registration_data@14faa38c] output={null}]]]>
              </value>
            </param>
          </params>
          <reporter-output>
          </reporter-output>
        </test-method> <!-- getResult -->
        <test-method signature="test_050_registration_add_address_with_another_country_name()[pri:50, instance:sila_test_cases.Register_add_registration_data@14faa38c]" started-at="2020-11-13T19:34:30 IST" name="test_050_registration_add_address_with_another_country_name" finished-at="2020-11-13T19:34:32 IST" duration-ms="2203" status="PASS">
          <reporter-output>
          </reporter-output>
        </test-method> <!-- test_050_registration_add_address_with_another_country_name -->
        <test-method is-config="true" signature="getResult(org.testng.ITestResult)[pri:0, instance:sila_test_cases.Register_add_registration_data@14faa38c]" started-at="2020-11-13T19:34:32 IST" name="getResult" finished-at="2020-11-13T19:34:32 IST" duration-ms="0" status="PASS">
          <params>
            <param index="0">
              <value>
                <![CDATA[[TestResult name=test_050_registration_add_address_with_another_country_name status=SUCCESS method=Register_add_registration_data.test_050_registration_add_address_with_another_country_name()[pri:50, instance:sila_test_cases.Register_add_registration_data@14faa38c] output={null}]]]>
              </value>
            </param>
          </params>
          <reporter-output>
          </reporter-output>
        </test-method> <!-- getResult -->
        <test-method signature="test_051_registration_add_address_with_less_than_2_characters_country_name()[pri:51, instance:sila_test_cases.Register_add_registration_data@14faa38c]" started-at="2020-11-13T19:34:32 IST" name="test_051_registration_add_address_with_less_than_2_characters_country_name" finished-at="2020-11-13T19:34:34 IST" duration-ms="1338" status="PASS">
          <reporter-output>
          </reporter-output>
        </test-method> <!-- test_051_registration_add_address_with_less_than_2_characters_country_name -->
        <test-method is-config="true" signature="getResult(org.testng.ITestResult)[pri:0, instance:sila_test_cases.Register_add_registration_data@14faa38c]" started-at="2020-11-13T19:34:34 IST" name="getResult" finished-at="2020-11-13T19:34:34 IST" duration-ms="0" status="PASS">
          <params>
            <param index="0">
              <value>
                <![CDATA[[TestResult name=test_051_registration_add_address_with_less_than_2_characters_country_name status=SUCCESS method=Register_add_registration_data.test_051_registration_add_address_with_less_than_2_characters_country_name()[pri:51, instance:sila_test_cases.Register_add_registration_data@14faa38c] output={null}]]]>
              </value>
            </param>
          </params>
          <reporter-output>
          </reporter-output>
        </test-method> <!-- getResult -->
        <test-method signature="test_052_registration_add_address_with_more_than_2_characters_country_name()[pri:52, instance:sila_test_cases.Register_add_registration_data@14faa38c]" started-at="2020-11-13T19:34:34 IST" name="test_052_registration_add_address_with_more_than_2_characters_country_name" finished-at="2020-11-13T19:34:35 IST" duration-ms="1178" status="PASS">
          <reporter-output>
          </reporter-output>
        </test-method> <!-- test_052_registration_add_address_with_more_than_2_characters_country_name -->
        <test-method is-config="true" signature="getResult(org.testng.ITestResult)[pri:0, instance:sila_test_cases.Register_add_registration_data@14faa38c]" started-at="2020-11-13T19:34:35 IST" name="getResult" finished-at="2020-11-13T19:34:35 IST" duration-ms="1" status="PASS">
          <params>
            <param index="0">
              <value>
                <![CDATA[[TestResult name=test_052_registration_add_address_with_more_than_2_characters_country_name status=SUCCESS method=Register_add_registration_data.test_052_registration_add_address_with_more_than_2_characters_country_name()[pri:52, instance:sila_test_cases.Register_add_registration_data@14faa38c] output={null}]]]>
              </value>
            </param>
          </params>
          <reporter-output>
          </reporter-output>
        </test-method> <!-- getResult -->
        <test-method signature="test_053_registration_add_address_with_lower_case_country_name()[pri:53, instance:sila_test_cases.Register_add_registration_data@14faa38c]" started-at="2020-11-13T19:34:35 IST" name="test_053_registration_add_address_with_lower_case_country_name" finished-at="2020-11-13T19:34:36 IST" duration-ms="1366" status="PASS">
          <reporter-output>
          </reporter-output>
        </test-method> <!-- test_053_registration_add_address_with_lower_case_country_name -->
        <test-method is-config="true" signature="getResult(org.testng.ITestResult)[pri:0, instance:sila_test_cases.Register_add_registration_data@14faa38c]" started-at="2020-11-13T19:34:36 IST" name="getResult" finished-at="2020-11-13T19:34:36 IST" duration-ms="2" status="PASS">
          <params>
            <param index="0">
              <value>
                <![CDATA[[TestResult name=test_053_registration_add_address_with_lower_case_country_name status=SUCCESS method=Register_add_registration_data.test_053_registration_add_address_with_lower_case_country_name()[pri:53, instance:sila_test_cases.Register_add_registration_data@14faa38c] output={null}]]]>
              </value>
            </param>
          </params>
          <reporter-output>
          </reporter-output>
        </test-method> <!-- getResult -->
        <test-method signature="test_054_registration_add_address_successfully()[pri:54, instance:sila_test_cases.Register_add_registration_data@14faa38c]" started-at="2020-11-13T19:34:36 IST" name="test_054_registration_add_address_successfully" finished-at="2020-11-13T19:34:38 IST" duration-ms="1273" status="PASS">
          <reporter-output>
          </reporter-output>
        </test-method> <!-- test_054_registration_add_address_successfully -->
        <test-method is-config="true" signature="getResult(org.testng.ITestResult)[pri:0, instance:sila_test_cases.Register_add_registration_data@14faa38c]" started-at="2020-11-13T19:34:38 IST" name="getResult" finished-at="2020-11-13T19:34:38 IST" duration-ms="1" status="PASS">
          <params>
            <param index="0">
              <value>
                <![CDATA[[TestResult name=test_054_registration_add_address_successfully status=SUCCESS method=Register_add_registration_data.test_054_registration_add_address_successfully()[pri:54, instance:sila_test_cases.Register_add_registration_data@14faa38c] output={null}]]]>
              </value>
            </param>
          </params>
          <reporter-output>
          </reporter-output>
        </test-method> <!-- getResult -->
        <test-method is-config="true" signature="CloseClass()[pri:0, instance:sila_test_cases.Register_add_registration_data@14faa38c]" started-at="2020-11-13T19:34:38 IST" name="CloseClass" finished-at="2020-11-13T19:34:38 IST" duration-ms="0" status="PASS">
          <reporter-output>
          </reporter-output>
        </test-method> <!-- CloseClass -->
      </class> <!-- sila_test_cases.Register_add_registration_data -->
    </test> <!-- API -->
  </suite> <!-- Silamoney Java SDK  -->
</testng-results>
