<?xml version="1.0" encoding="UTF-8"?>
<testng-results ignored="128" total="628" passed="479" failed="21" skipped="0">
  <reporter-output>
  </reporter-output>
  <suite started-at="2021-01-05T11:11:39 IST" name="Silamoney Java SDK " finished-at="2021-01-05T11:29:10 IST" duration-ms="1050147">
    <groups>
    </groups>
    <test started-at="2021-01-05T11:11:39 IST" name="API" finished-at="2021-01-05T11:29:10 IST" duration-ms="1050147">
      <class name="sila_test_cases.Test08_Get_entity">
        <test-method is-config="true" signature="StartClass()[pri:0, instance:sila_test_cases.Test08_Get_entity@20765ed5]" started-at="2021-01-05T11:17:48 IST" name="StartClass" finished-at="2021-01-05T11:17:48 IST" duration-ms="1" status="PASS">
          <reporter-output>
          </reporter-output>
        </test-method> <!-- StartClass -->
        <test-method signature="test_01_Get_entity_for_individual_user()[pri:1, instance:sila_test_cases.Test08_Get_entity@20765ed5]" started-at="2021-01-05T11:17:48 IST" name="test_01_Get_entity_for_individual_user" finished-at="2021-01-05T11:17:49 IST" duration-ms="871" status="PASS">
          <reporter-output>
          </reporter-output>
        </test-method> <!-- test_01_Get_entity_for_individual_user -->
        <test-method signature="test_02_Get_entity_with_empyt_user_handle()[pri:2, instance:sila_test_cases.Test08_Get_entity@20765ed5]" started-at="2021-01-05T11:17:49 IST" name="test_02_Get_entity_with_empyt_user_handle" finished-at="2021-01-05T11:17:49 IST" duration-ms="404" status="PASS">
          <reporter-output>
          </reporter-output>
        </test-method> <!-- test_02_Get_entity_with_empyt_user_handle -->
        <test-method signature="test_03_Get_entity_with_unregistered_user_handle()[pri:3, instance:sila_test_cases.Test08_Get_entity@20765ed5]" started-at="2021-01-05T11:17:49 IST" name="test_03_Get_entity_with_unregistered_user_handle" finished-at="2021-01-05T11:17:50 IST" duration-ms="499" status="PASS">
          <reporter-output>
          </reporter-output>
        </test-method> <!-- test_03_Get_entity_with_unregistered_user_handle -->
        <test-method signature="test_04_Get_entity_with_invalid_crypto_key()[pri:4, instance:sila_test_cases.Test08_Get_entity@20765ed5]" started-at="2021-01-05T11:17:50 IST" name="test_04_Get_entity_with_invalid_crypto_key" finished-at="2021-01-05T11:17:50 IST" duration-ms="580" status="PASS">
          <reporter-output>
          </reporter-output>
        </test-method> <!-- test_04_Get_entity_with_invalid_crypto_key -->
        <test-method signature="test_05_Get_entity_for_business_user()[pri:5, instance:sila_test_cases.Test08_Get_entity@20765ed5]" started-at="2021-01-05T11:17:50 IST" name="test_05_Get_entity_for_business_user" finished-at="2021-01-05T11:17:51 IST" duration-ms="854" status="PASS">
          <reporter-output>
          </reporter-output>
        </test-method> <!-- test_05_Get_entity_for_business_user -->
        <test-method is-config="true" signature="EndClass()[pri:0, instance:sila_test_cases.Test08_Get_entity@20765ed5]" started-at="2021-01-05T11:17:51 IST" name="EndClass" finished-at="2021-01-05T11:17:51 IST" duration-ms="0" status="PASS">
          <reporter-output>
          </reporter-output>
        </test-method> <!-- EndClass -->
      </class> <!-- sila_test_cases.Test08_Get_entity -->
      <class name="sila_test_cases.Test17_Get_document">
        <test-method signature="Test_01_get_document_with_valid_fields()[pri:1, instance:sila_test_cases.Test17_Get_document@6105f8a3]" started-at="2021-01-05T11:23:32 IST" name="Test_01_get_document_with_valid_fields" finished-at="2021-01-05T11:23:34 IST" duration-ms="1615" status="PASS">
          <reporter-output>
          </reporter-output>
        </test-method> <!-- Test_01_get_document_with_valid_fields -->
        <test-method is-config="true" signature="StartClass()[pri:0, instance:sila_test_cases.Test17_Get_document@6105f8a3]" started-at="2021-01-05T11:23:32 IST" name="StartClass" finished-at="2021-01-05T11:23:32 IST" duration-ms="0" status="PASS">
          <reporter-output>
          </reporter-output>
        </test-method> <!-- StartClass -->
        <test-method signature="Test_02_get_document_with_empty_user_handle_fields()[pri:2, instance:sila_test_cases.Test17_Get_document@6105f8a3]" started-at="2021-01-05T11:23:34 IST" name="Test_02_get_document_with_empty_user_handle_fields" finished-at="2021-01-05T11:23:34 IST" duration-ms="614" status="PASS">
          <reporter-output>
          </reporter-output>
        </test-method> <!-- Test_02_get_document_with_empty_user_handle_fields -->
        <test-method signature="Test_03_get_document_with_unregistereduser_handle_fields()[pri:3, instance:sila_test_cases.Test17_Get_document@6105f8a3]" started-at="2021-01-05T11:23:34 IST" name="Test_03_get_document_with_unregistereduser_handle_fields" finished-at="2021-01-05T11:23:35 IST" duration-ms="377" status="PASS">
          <reporter-output>
          </reporter-output>
        </test-method> <!-- Test_03_get_document_with_unregistereduser_handle_fields -->
        <test-method signature="Test_04_get_document_with_different_user_handle_field()[pri:4, instance:sila_test_cases.Test17_Get_document@6105f8a3]" started-at="2021-01-05T11:23:35 IST" name="Test_04_get_document_with_different_user_handle_field" finished-at="2021-01-05T11:23:35 IST" duration-ms="580" status="PASS">
          <reporter-output>
          </reporter-output>
        </test-method> <!-- Test_04_get_document_with_different_user_handle_field -->
        <test-method signature="Test_05_get_document_with_empty_document_id_field()[pri:5, instance:sila_test_cases.Test17_Get_document@6105f8a3]" started-at="2021-01-05T11:23:35 IST" name="Test_05_get_document_with_empty_document_id_field" finished-at="2021-01-05T11:23:36 IST" duration-ms="637" status="PASS">
          <reporter-output>
          </reporter-output>
        </test-method> <!-- Test_05_get_document_with_empty_document_id_field -->
        <test-method signature="Test_05_get_document_with_invalid_private_key()[pri:6, instance:sila_test_cases.Test17_Get_document@6105f8a3]" started-at="2021-01-05T11:23:36 IST" name="Test_05_get_document_with_invalid_private_key" finished-at="2021-01-05T11:23:37 IST" duration-ms="569" status="PASS">
          <reporter-output>
          </reporter-output>
        </test-method> <!-- Test_05_get_document_with_invalid_private_key -->
        <test-method signature="Test_06_get_document_with_invalid_document_id_field()[pri:7, instance:sila_test_cases.Test17_Get_document@6105f8a3]" started-at="2021-01-05T11:23:37 IST" name="Test_06_get_document_with_invalid_document_id_field" finished-at="2021-01-05T11:23:37 IST" duration-ms="382" status="PASS">
          <reporter-output>
          </reporter-output>
        </test-method> <!-- Test_06_get_document_with_invalid_document_id_field -->
        <test-method is-config="true" signature="EndClass()[pri:0, instance:sila_test_cases.Test17_Get_document@6105f8a3]" started-at="2021-01-05T11:23:37 IST" name="EndClass" finished-at="2021-01-05T11:23:37 IST" duration-ms="1" status="PASS">
          <reporter-output>
          </reporter-output>
        </test-method> <!-- EndClass -->
      </class> <!-- sila_test_cases.Test17_Get_document -->
      <class name="sila_test_cases.Test32_Transfer_sila">
        <test-method is-config="true" signature="StartClass()[pri:0, instance:sila_test_cases.Test32_Transfer_sila@1b70203f]" started-at="2021-01-05T11:28:49 IST" name="StartClass" finished-at="2021-01-05T11:28:49 IST" duration-ms="0" status="PASS">
          <reporter-output>
          </reporter-output>
        </test-method> <!-- StartClass -->
        <test-method signature="test_01_transfer_sila_with_valid_required_details()[pri:1, instance:sila_test_cases.Test32_Transfer_sila@1b70203f]" started-at="2021-01-05T11:28:49 IST" name="test_01_transfer_sila_with_valid_required_details" finished-at="2021-01-05T11:28:50 IST" duration-ms="1602" status="PASS">
          <reporter-output>
          </reporter-output>
        </test-method> <!-- test_01_transfer_sila_with_valid_required_details -->
        <test-method signature="test_02_transfer_sila_with_empty_user_handle_field()[pri:2, instance:sila_test_cases.Test32_Transfer_sila@1b70203f]" started-at="2021-01-05T11:28:50 IST" name="test_02_transfer_sila_with_empty_user_handle_field" finished-at="2021-01-05T11:28:52 IST" duration-ms="1457" status="PASS">
          <reporter-output>
          </reporter-output>
        </test-method> <!-- test_02_transfer_sila_with_empty_user_handle_field -->
        <test-method signature="test_03_transfer_sila_with_0_amount()[pri:3, instance:sila_test_cases.Test32_Transfer_sila@1b70203f]" started-at="2021-01-05T11:28:52 IST" name="test_03_transfer_sila_with_0_amount" finished-at="2021-01-05T11:28:53 IST" duration-ms="1095" status="PASS">
          <reporter-output>
          </reporter-output>
        </test-method> <!-- test_03_transfer_sila_with_0_amount -->
        <test-method signature="test_04_transfer_sila_with_max_descriptor_characters_field()[pri:4, instance:sila_test_cases.Test32_Transfer_sila@1b70203f]" started-at="2021-01-05T11:28:53 IST" name="test_04_transfer_sila_with_max_descriptor_characters_field" finished-at="2021-01-05T11:28:53 IST" duration-ms="407" status="PASS">
          <reporter-output>
          </reporter-output>
        </test-method> <!-- test_04_transfer_sila_with_max_descriptor_characters_field -->
        <test-method signature="test_05_transfer_sila_with_empty_descriptor_field()[pri:5, instance:sila_test_cases.Test32_Transfer_sila@1b70203f]" started-at="2021-01-05T11:28:53 IST" name="test_05_transfer_sila_with_empty_descriptor_field" finished-at="2021-01-05T11:28:55 IST" duration-ms="1602" status="FAIL">
          <exception class="java.lang.AssertionError">
            <message>
              <![CDATA[expected [200] but found [400]]]>
            </message>
            <full-stacktrace>
              <![CDATA[java.lang.AssertionError: expected [200] but found [400]
at org.testng.Assert.fail(Assert.java:99)
at org.testng.Assert.failNotEquals(Assert.java:1037)
at org.testng.Assert.assertEqualsImpl(Assert.java:140)
at org.testng.Assert.assertEquals(Assert.java:122)
at org.testng.Assert.assertEquals(Assert.java:907)
at org.testng.Assert.assertEquals(Assert.java:917)
at sila_test_cases.Test32_Transfer_sila.test_05_transfer_sila_with_empty_descriptor_field(Test32_Transfer_sila.java:210)
at java.base/jdk.internal.reflect.NativeMethodAccessorImpl.invoke0(Native Method)
at java.base/jdk.internal.reflect.NativeMethodAccessorImpl.invoke(NativeMethodAccessorImpl.java:62)
at java.base/jdk.internal.reflect.DelegatingMethodAccessorImpl.invoke(DelegatingMethodAccessorImpl.java:43)
at java.base/java.lang.reflect.Method.invoke(Method.java:564)
at org.testng.internal.MethodInvocationHelper.invokeMethod(MethodInvocationHelper.java:132)
at org.testng.internal.TestInvoker.invokeMethod(TestInvoker.java:599)
at org.testng.internal.TestInvoker.invokeTestMethod(TestInvoker.java:174)
at org.testng.internal.MethodRunner.runInSequence(MethodRunner.java:46)
at org.testng.internal.TestInvoker$MethodInvocationAgent.invoke(TestInvoker.java:822)
at org.testng.internal.TestInvoker.invokeTestMethods(TestInvoker.java:147)
at org.testng.internal.TestMethodWorker.invokeTestMethods(TestMethodWorker.java:146)
at org.testng.internal.TestMethodWorker.run(TestMethodWorker.java:128)
at java.base/java.util.ArrayList.forEach(ArrayList.java:1511)
at org.testng.TestRunner.privateRun(TestRunner.java:764)
at org.testng.TestRunner.run(TestRunner.java:585)
at org.testng.SuiteRunner.runTest(SuiteRunner.java:384)
at org.testng.SuiteRunner.runSequentially(SuiteRunner.java:378)
at org.testng.SuiteRunner.privateRun(SuiteRunner.java:337)
at org.testng.SuiteRunner.run(SuiteRunner.java:286)
at org.testng.SuiteRunnerWorker.runSuite(SuiteRunnerWorker.java:53)
at org.testng.SuiteRunnerWorker.run(SuiteRunnerWorker.java:96)
at org.testng.TestNG.runSuitesSequentially(TestNG.java:1218)
at org.testng.TestNG.runSuitesLocally(TestNG.java:1140)
at org.testng.TestNG.runSuites(TestNG.java:1069)
at org.testng.TestNG.run(TestNG.java:1037)
at org.testng.remote.AbstractRemoteTestNG.run(AbstractRemoteTestNG.java:115)
at org.testng.remote.RemoteTestNG.initAndRun(RemoteTestNG.java:251)
at org.testng.remote.RemoteTestNG.main(RemoteTestNG.java:77)
]]>
            </full-stacktrace>
          </exception> <!-- java.lang.AssertionError -->
          <reporter-output>
          </reporter-output>
        </test-method> <!-- test_05_transfer_sila_with_empty_descriptor_field -->
        <test-method signature="test_06_transfer_sila_with_amount_more_than_issued_amount()[pri:6, instance:sila_test_cases.Test32_Transfer_sila@1b70203f]" started-at="2021-01-05T11:28:55 IST" name="test_06_transfer_sila_with_amount_more_than_issued_amount" finished-at="2021-01-05T11:28:57 IST" duration-ms="2027" status="PASS">
          <reporter-output>
          </reporter-output>
        </test-method> <!-- test_06_transfer_sila_with_amount_more_than_issued_amount -->
        <test-method signature="test_07_transfer_sila_unregistered_destination_handle()[pri:7, instance:sila_test_cases.Test32_Transfer_sila@1b70203f]" started-at="2021-01-05T11:28:57 IST" name="test_07_transfer_sila_unregistered_destination_handle" finished-at="2021-01-05T11:28:58 IST" duration-ms="921" status="PASS">
          <reporter-output>
          </reporter-output>
        </test-method> <!-- test_07_transfer_sila_unregistered_destination_handle -->
        <test-method signature="test_08_transfer_sila_to_unlinked_Account()[pri:8, instance:sila_test_cases.Test32_Transfer_sila@1b70203f]" started-at="2021-01-05T11:28:58 IST" name="test_08_transfer_sila_to_unlinked_Account" finished-at="2021-01-05T11:28:59 IST" duration-ms="1279" status="PASS">
          <reporter-output>
          </reporter-output>
        </test-method> <!-- test_08_transfer_sila_to_unlinked_Account -->
        <test-method signature="test_09_transfer_sila_with_valid_unregistered_user_handle()[pri:9, instance:sila_test_cases.Test32_Transfer_sila@1b70203f]" started-at="2021-01-05T11:28:59 IST" name="test_09_transfer_sila_with_valid_unregistered_user_handle" finished-at="2021-01-05T11:29:00 IST" duration-ms="457" status="PASS">
          <reporter-output>
          </reporter-output>
        </test-method> <!-- test_09_transfer_sila_with_valid_unregistered_user_handle -->
        <test-method signature="test_010_transfer_sila_with_valid_not_linked_account_user_handle()[pri:10, instance:sila_test_cases.Test32_Transfer_sila@1b70203f]" started-at="2021-01-05T11:29:00 IST" name="test_010_transfer_sila_with_valid_not_linked_account_user_handle" finished-at="2021-01-05T11:29:00 IST" duration-ms="586" status="PASS">
          <reporter-output>
          </reporter-output>
        </test-method> <!-- test_010_transfer_sila_with_valid_not_linked_account_user_handle -->
        <test-method is-config="true" signature="EndClass()[pri:0, instance:sila_test_cases.Test32_Transfer_sila@1b70203f]" started-at="2021-01-05T11:29:00 IST" name="EndClass" finished-at="2021-01-05T11:29:00 IST" duration-ms="0" status="PASS">
          <reporter-output>
          </reporter-output>
        </test-method> <!-- EndClass -->
      </class> <!-- sila_test_cases.Test32_Transfer_sila -->
      <class name="sila_test_cases.Test33_Redeem_sila">
        <test-method is-config="true" signature="StartClass()[pri:0, instance:sila_test_cases.Test33_Redeem_sila@51671b08]" started-at="2021-01-05T11:29:00 IST" name="StartClass" finished-at="2021-01-05T11:29:00 IST" duration-ms="0" status="PASS">
          <reporter-output>
          </reporter-output>
        </test-method> <!-- StartClass -->
        <test-method signature="test_01_redeem_sila_with_all_valid_data()[pri:1, instance:sila_test_cases.Test33_Redeem_sila@51671b08]" started-at="2021-01-05T11:29:00 IST" name="test_01_redeem_sila_with_all_valid_data" finished-at="2021-01-05T11:29:01 IST" duration-ms="1188" status="PASS">
          <reporter-output>
          </reporter-output>
        </test-method> <!-- test_01_redeem_sila_with_all_valid_data -->
        <test-method signature="test_02_redeem_sila_with_invalid_account_name()[pri:2, instance:sila_test_cases.Test33_Redeem_sila@51671b08]" started-at="2021-01-05T11:29:01 IST" name="test_02_redeem_sila_with_invalid_account_name" finished-at="2021-01-05T11:29:02 IST" duration-ms="970" status="PASS">
          <reporter-output>
          </reporter-output>
        </test-method> <!-- test_02_redeem_sila_with_invalid_account_name -->
        <test-method signature="test_03_redeem_sila_with_empty_account_name()[pri:3, instance:sila_test_cases.Test33_Redeem_sila@51671b08]" started-at="2021-01-05T11:29:02 IST" name="test_03_redeem_sila_with_empty_account_name" finished-at="2021-01-05T11:29:03 IST" duration-ms="629" status="PASS">
          <reporter-output>
          </reporter-output>
        </test-method> <!-- test_03_redeem_sila_with_empty_account_name -->
        <test-method signature="test_04redeem_sila_zero_amount()[pri:4, instance:sila_test_cases.Test33_Redeem_sila@51671b08]" started-at="2021-01-05T11:29:03 IST" name="test_04redeem_sila_zero_amount" finished-at="2021-01-05T11:29:04 IST" duration-ms="1272" status="FAIL">
          <exception class="java.lang.AssertionError">
            <message>
              <![CDATA[expected [400] but found [200]]]>
            </message>
            <full-stacktrace>
              <![CDATA[java.lang.AssertionError: expected [400] but found [200]
at org.testng.Assert.fail(Assert.java:99)
at org.testng.Assert.failNotEquals(Assert.java:1037)
at org.testng.Assert.assertEqualsImpl(Assert.java:140)
at org.testng.Assert.assertEquals(Assert.java:122)
at org.testng.Assert.assertEquals(Assert.java:907)
at org.testng.Assert.assertEquals(Assert.java:917)
at sila_test_cases.Test33_Redeem_sila.test_04redeem_sila_zero_amount(Test33_Redeem_sila.java:72)
at java.base/jdk.internal.reflect.NativeMethodAccessorImpl.invoke0(Native Method)
at java.base/jdk.internal.reflect.NativeMethodAccessorImpl.invoke(NativeMethodAccessorImpl.java:62)
at java.base/jdk.internal.reflect.DelegatingMethodAccessorImpl.invoke(DelegatingMethodAccessorImpl.java:43)
at java.base/java.lang.reflect.Method.invoke(Method.java:564)
at org.testng.internal.MethodInvocationHelper.invokeMethod(MethodInvocationHelper.java:132)
at org.testng.internal.TestInvoker.invokeMethod(TestInvoker.java:599)
at org.testng.internal.TestInvoker.invokeTestMethod(TestInvoker.java:174)
at org.testng.internal.MethodRunner.runInSequence(MethodRunner.java:46)
at org.testng.internal.TestInvoker$MethodInvocationAgent.invoke(TestInvoker.java:822)
at org.testng.internal.TestInvoker.invokeTestMethods(TestInvoker.java:147)
at org.testng.internal.TestMethodWorker.invokeTestMethods(TestMethodWorker.java:146)
at org.testng.internal.TestMethodWorker.run(TestMethodWorker.java:128)
at java.base/java.util.ArrayList.forEach(ArrayList.java:1511)
at org.testng.TestRunner.privateRun(TestRunner.java:764)
at org.testng.TestRunner.run(TestRunner.java:585)
at org.testng.SuiteRunner.runTest(SuiteRunner.java:384)
at org.testng.SuiteRunner.runSequentially(SuiteRunner.java:378)
at org.testng.SuiteRunner.privateRun(SuiteRunner.java:337)
at org.testng.SuiteRunner.run(SuiteRunner.java:286)
at org.testng.SuiteRunnerWorker.runSuite(SuiteRunnerWorker.java:53)
at org.testng.SuiteRunnerWorker.run(SuiteRunnerWorker.java:96)
at org.testng.TestNG.runSuitesSequentially(TestNG.java:1218)
at org.testng.TestNG.runSuitesLocally(TestNG.java:1140)
at org.testng.TestNG.runSuites(TestNG.java:1069)
at org.testng.TestNG.run(TestNG.java:1037)
at org.testng.remote.AbstractRemoteTestNG.run(AbstractRemoteTestNG.java:115)
at org.testng.remote.RemoteTestNG.initAndRun(RemoteTestNG.java:251)
at org.testng.remote.RemoteTestNG.main(RemoteTestNG.java:77)
]]>
            </full-stacktrace>
          </exception> <!-- java.lang.AssertionError -->
          <reporter-output>
          </reporter-output>
        </test-method> <!-- test_04redeem_sila_zero_amount -->
        <test-method signature="test_05_redeem_sila_empty_handle()[pri:5, instance:sila_test_cases.Test33_Redeem_sila@51671b08]" started-at="2021-01-05T11:29:04 IST" name="test_05_redeem_sila_empty_handle" finished-at="2021-01-05T11:29:05 IST" duration-ms="355" status="PASS">
          <reporter-output>
          </reporter-output>
        </test-method> <!-- test_05_redeem_sila_empty_handle -->
        <test-method signature="test_06_redeem_sila_negative_amount()[pri:6, instance:sila_test_cases.Test33_Redeem_sila@51671b08]" started-at="2021-01-05T11:29:05 IST" name="test_06_redeem_sila_negative_amount" finished-at="2021-01-05T11:29:05 IST" duration-ms="425" status="PASS">
          <reporter-output>
          </reporter-output>
        </test-method> <!-- test_06_redeem_sila_negative_amount -->
        <test-method signature="test_07_redeem_sila_max_descriptor_characters()[pri:7, instance:sila_test_cases.Test33_Redeem_sila@51671b08]" started-at="2021-01-05T11:29:05 IST" name="test_07_redeem_sila_max_descriptor_characters" finished-at="2021-01-05T11:29:06 IST" duration-ms="493" status="PASS">
          <reporter-output>
          </reporter-output>
        </test-method> <!-- test_07_redeem_sila_max_descriptor_characters -->
        <test-method signature="test_08_redeem_sila_with_empty_descriptor_field()[pri:8, instance:sila_test_cases.Test33_Redeem_sila@51671b08]" started-at="2021-01-05T11:29:06 IST" name="test_08_redeem_sila_with_empty_descriptor_field" finished-at="2021-01-05T11:29:06 IST" duration-ms="402" status="FAIL">
          <exception class="java.lang.AssertionError">
            <message>
              <![CDATA[expected [200] but found [400]]]>
            </message>
            <full-stacktrace>
              <![CDATA[java.lang.AssertionError: expected [200] but found [400]
at org.testng.Assert.fail(Assert.java:99)
at org.testng.Assert.failNotEquals(Assert.java:1037)
at org.testng.Assert.assertEqualsImpl(Assert.java:140)
at org.testng.Assert.assertEquals(Assert.java:122)
at org.testng.Assert.assertEquals(Assert.java:907)
at org.testng.Assert.assertEquals(Assert.java:917)
at sila_test_cases.Test33_Redeem_sila.test_08_redeem_sila_with_empty_descriptor_field(Test33_Redeem_sila.java:154)
at java.base/jdk.internal.reflect.NativeMethodAccessorImpl.invoke0(Native Method)
at java.base/jdk.internal.reflect.NativeMethodAccessorImpl.invoke(NativeMethodAccessorImpl.java:62)
at java.base/jdk.internal.reflect.DelegatingMethodAccessorImpl.invoke(DelegatingMethodAccessorImpl.java:43)
at java.base/java.lang.reflect.Method.invoke(Method.java:564)
at org.testng.internal.MethodInvocationHelper.invokeMethod(MethodInvocationHelper.java:132)
at org.testng.internal.TestInvoker.invokeMethod(TestInvoker.java:599)
at org.testng.internal.TestInvoker.invokeTestMethod(TestInvoker.java:174)
at org.testng.internal.MethodRunner.runInSequence(MethodRunner.java:46)
at org.testng.internal.TestInvoker$MethodInvocationAgent.invoke(TestInvoker.java:822)
at org.testng.internal.TestInvoker.invokeTestMethods(TestInvoker.java:147)
at org.testng.internal.TestMethodWorker.invokeTestMethods(TestMethodWorker.java:146)
at org.testng.internal.TestMethodWorker.run(TestMethodWorker.java:128)
at java.base/java.util.ArrayList.forEach(ArrayList.java:1511)
at org.testng.TestRunner.privateRun(TestRunner.java:764)
at org.testng.TestRunner.run(TestRunner.java:585)
at org.testng.SuiteRunner.runTest(SuiteRunner.java:384)
at org.testng.SuiteRunner.runSequentially(SuiteRunner.java:378)
at org.testng.SuiteRunner.privateRun(SuiteRunner.java:337)
at org.testng.SuiteRunner.run(SuiteRunner.java:286)
at org.testng.SuiteRunnerWorker.runSuite(SuiteRunnerWorker.java:53)
at org.testng.SuiteRunnerWorker.run(SuiteRunnerWorker.java:96)
at org.testng.TestNG.runSuitesSequentially(TestNG.java:1218)
at org.testng.TestNG.runSuitesLocally(TestNG.java:1140)
at org.testng.TestNG.runSuites(TestNG.java:1069)
at org.testng.TestNG.run(TestNG.java:1037)
at org.testng.remote.AbstractRemoteTestNG.run(AbstractRemoteTestNG.java:115)
at org.testng.remote.RemoteTestNG.initAndRun(RemoteTestNG.java:251)
at org.testng.remote.RemoteTestNG.main(RemoteTestNG.java:77)
]]>
            </full-stacktrace>
          </exception> <!-- java.lang.AssertionError -->
          <reporter-output>
          </reporter-output>
        </test-method> <!-- test_08_redeem_sila_with_empty_descriptor_field -->
        <test-method signature="test_09_redeem_sila_with_invalid_business_uuid()[pri:9, instance:sila_test_cases.Test33_Redeem_sila@51671b08]" started-at="2021-01-05T11:29:06 IST" name="test_09_redeem_sila_with_invalid_business_uuid" finished-at="2021-01-05T11:29:07 IST" duration-ms="702" status="PASS">
          <reporter-output>
          </reporter-output>
        </test-method> <!-- test_09_redeem_sila_with_invalid_business_uuid -->
        <test-method signature="test_10_redeem_sila_with_more_than_max_length_account_name()[pri:10, instance:sila_test_cases.Test33_Redeem_sila@51671b08]" started-at="2021-01-05T11:29:07 IST" name="test_10_redeem_sila_with_more_than_max_length_account_name" finished-at="2021-01-05T11:29:08 IST" duration-ms="1500" status="PASS">
          <reporter-output>
          </reporter-output>
        </test-method> <!-- test_10_redeem_sila_with_more_than_max_length_account_name -->
        <test-method signature="test_011_redeem_sila_with_invalid_private_key()[pri:11, instance:sila_test_cases.Test33_Redeem_sila@51671b08]" started-at="2021-01-05T11:29:08 IST" name="test_011_redeem_sila_with_invalid_private_key" finished-at="2021-01-05T11:29:09 IST" duration-ms="910" status="PASS">
          <reporter-output>
          </reporter-output>
        </test-method> <!-- test_011_redeem_sila_with_invalid_private_key -->
        <test-method signature="test_012_redeem_sila_with_unregistered_user_handle()[pri:12, instance:sila_test_cases.Test33_Redeem_sila@51671b08]" started-at="2021-01-05T11:29:09 IST" name="test_012_redeem_sila_with_unregistered_user_handle" finished-at="2021-01-05T11:29:10 IST" duration-ms="454" status="PASS">
          <reporter-output>
          </reporter-output>
        </test-method> <!-- test_012_redeem_sila_with_unregistered_user_handle -->
        <test-method is-config="true" signature="EndClass()[pri:0, instance:sila_test_cases.Test33_Redeem_sila@51671b08]" started-at="2021-01-05T11:29:10 IST" name="EndClass" finished-at="2021-01-05T11:29:10 IST" duration-ms="0" status="PASS">
          <reporter-output>
          </reporter-output>
        </test-method> <!-- EndClass -->
      </class> <!-- sila_test_cases.Test33_Redeem_sila -->
      <class name="sila_test_cases.Test18_Link_account">
        <test-method is-config="true" signature="StartClass()[pri:0, instance:sila_test_cases.Test18_Link_account@2237bada]" started-at="2021-01-05T11:23:37 IST" name="StartClass" finished-at="2021-01-05T11:23:37 IST" duration-ms="0" status="PASS">
          <reporter-output>
          </reporter-output>
        </test-method> <!-- StartClass -->
        <test-method signature="Test_01_Link_account_with_all_valid_data()[pri:1, instance:sila_test_cases.Test18_Link_account@2237bada]" started-at="2021-01-05T11:23:37 IST" name="Test_01_Link_account_with_all_valid_data" finished-at="2021-01-05T11:23:40 IST" duration-ms="2753" status="PASS">
          <reporter-output>
          </reporter-output>
        </test-method> <!-- Test_01_Link_account_with_all_valid_data -->
        <test-method signature="Test_02_Link_account_with_empty_user_handle()[pri:2, instance:sila_test_cases.Test18_Link_account@2237bada]" started-at="2021-01-05T11:23:40 IST" name="Test_02_Link_account_with_empty_user_handle" finished-at="2021-01-05T11:23:40 IST" duration-ms="674" status="PASS">
          <reporter-output>
          </reporter-output>
        </test-method> <!-- Test_02_Link_account_with_empty_user_handle -->
        <test-method signature="Test_03_Link_account_with_unregistered_user_handle()[pri:3, instance:sila_test_cases.Test18_Link_account@2237bada]" started-at="2021-01-05T11:23:40 IST" name="Test_03_Link_account_with_unregistered_user_handle" finished-at="2021-01-05T11:23:42 IST" duration-ms="1313" status="PASS">
          <reporter-output>
          </reporter-output>
        </test-method> <!-- Test_03_Link_account_with_unregistered_user_handle -->
        <test-method signature="Test_04_Link_account_with_empty_Public_Token()[pri:4, instance:sila_test_cases.Test18_Link_account@2237bada]" started-at="2021-01-05T11:23:42 IST" name="Test_04_Link_account_with_empty_Public_Token" finished-at="2021-01-05T11:23:42 IST" duration-ms="386" status="PASS">
          <reporter-output>
          </reporter-output>
        </test-method> <!-- Test_04_Link_account_with_empty_Public_Token -->
        <test-method signature="Test_05_Link_plaid_account_with_empty_account_name()[pri:5, instance:sila_test_cases.Test18_Link_account@2237bada]" started-at="2021-01-05T11:23:42 IST" name="Test_05_Link_plaid_account_with_empty_account_name" finished-at="2021-01-05T11:23:43 IST" duration-ms="443" status="FAIL">
          <exception class="java.lang.AssertionError">
            <message>
              <![CDATA[expected [200] but found [400]]]>
            </message>
            <full-stacktrace>
              <![CDATA[java.lang.AssertionError: expected [200] but found [400]
at org.testng.Assert.fail(Assert.java:99)
at org.testng.Assert.failNotEquals(Assert.java:1037)
at org.testng.Assert.assertEqualsImpl(Assert.java:140)
at org.testng.Assert.assertEquals(Assert.java:122)
at org.testng.Assert.assertEquals(Assert.java:907)
at org.testng.Assert.assertEquals(Assert.java:917)
at sila_test_cases.Test18_Link_account.Test_05_Link_plaid_account_with_empty_account_name(Test18_Link_account.java:85)
at java.base/jdk.internal.reflect.NativeMethodAccessorImpl.invoke0(Native Method)
at java.base/jdk.internal.reflect.NativeMethodAccessorImpl.invoke(NativeMethodAccessorImpl.java:62)
at java.base/jdk.internal.reflect.DelegatingMethodAccessorImpl.invoke(DelegatingMethodAccessorImpl.java:43)
at java.base/java.lang.reflect.Method.invoke(Method.java:564)
at org.testng.internal.MethodInvocationHelper.invokeMethod(MethodInvocationHelper.java:132)
at org.testng.internal.TestInvoker.invokeMethod(TestInvoker.java:599)
at org.testng.internal.TestInvoker.invokeTestMethod(TestInvoker.java:174)
at org.testng.internal.MethodRunner.runInSequence(MethodRunner.java:46)
at org.testng.internal.TestInvoker$MethodInvocationAgent.invoke(TestInvoker.java:822)
at org.testng.internal.TestInvoker.invokeTestMethods(TestInvoker.java:147)
at org.testng.internal.TestMethodWorker.invokeTestMethods(TestMethodWorker.java:146)
at org.testng.internal.TestMethodWorker.run(TestMethodWorker.java:128)
at java.base/java.util.ArrayList.forEach(ArrayList.java:1511)
at org.testng.TestRunner.privateRun(TestRunner.java:764)
at org.testng.TestRunner.run(TestRunner.java:585)
at org.testng.SuiteRunner.runTest(SuiteRunner.java:384)
at org.testng.SuiteRunner.runSequentially(SuiteRunner.java:378)
at org.testng.SuiteRunner.privateRun(SuiteRunner.java:337)
at org.testng.SuiteRunner.run(SuiteRunner.java:286)
at org.testng.SuiteRunnerWorker.runSuite(SuiteRunnerWorker.java:53)
at org.testng.SuiteRunnerWorker.run(SuiteRunnerWorker.java:96)
at org.testng.TestNG.runSuitesSequentially(TestNG.java:1218)
at org.testng.TestNG.runSuitesLocally(TestNG.java:1140)
at org.testng.TestNG.runSuites(TestNG.java:1069)
at org.testng.TestNG.run(TestNG.java:1037)
at org.testng.remote.AbstractRemoteTestNG.run(AbstractRemoteTestNG.java:115)
at org.testng.remote.RemoteTestNG.initAndRun(RemoteTestNG.java:251)
at org.testng.remote.RemoteTestNG.main(RemoteTestNG.java:77)
]]>
            </full-stacktrace>
          </exception> <!-- java.lang.AssertionError -->
          <reporter-output>
          </reporter-output>
        </test-method> <!-- Test_05_Link_plaid_account_with_empty_account_name -->
        <test-method signature="Test_06_Link_account_with_1_char_account_name()[pri:6, instance:sila_test_cases.Test18_Link_account@2237bada]" started-at="2021-01-05T11:23:43 IST" name="Test_06_Link_account_with_1_char_account_name" finished-at="2021-01-05T11:23:44 IST" duration-ms="1453" status="PASS">
          <reporter-output>
          </reporter-output>
        </test-method> <!-- Test_06_Link_account_with_1_char_account_name -->
        <test-method signature="Test_07_Link_account_with_41_chars_account_name()[pri:7, instance:sila_test_cases.Test18_Link_account@2237bada]" started-at="2021-01-05T11:23:44 IST" name="Test_07_Link_account_with_41_chars_account_name" finished-at="2021-01-05T11:23:45 IST" duration-ms="633" status="PASS">
          <reporter-output>
          </reporter-output>
        </test-method> <!-- Test_07_Link_account_with_41_chars_account_name -->
        <test-method signature="Test_08_Link_account_with_40_chars_account_name()[pri:8, instance:sila_test_cases.Test18_Link_account@2237bada]" started-at="2021-01-05T11:23:45 IST" name="Test_08_Link_account_with_40_chars_account_name" finished-at="2021-01-05T11:23:46 IST" duration-ms="1601" status="PASS">
          <reporter-output>
          </reporter-output>
        </test-method> <!-- Test_08_Link_account_with_40_chars_account_name -->
        <test-method signature="Test_09_Link_account_with_invalid_signature()[pri:9, instance:sila_test_cases.Test18_Link_account@2237bada]" started-at="2021-01-05T11:23:46 IST" name="Test_09_Link_account_with_invalid_signature" finished-at="2021-01-05T11:23:47 IST" duration-ms="633" status="PASS">
          <reporter-output>
          </reporter-output>
        </test-method> <!-- Test_09_Link_account_with_invalid_signature -->
        <test-method signature="Test_10_Link_account_with_invalid_Public_Token()[pri:10, instance:sila_test_cases.Test18_Link_account@2237bada]" started-at="2021-01-05T11:23:47 IST" name="Test_10_Link_account_with_invalid_Public_Token" finished-at="2021-01-05T11:23:48 IST" duration-ms="1149" status="PASS">
          <reporter-output>
          </reporter-output>
        </test-method> <!-- Test_10_Link_account_with_invalid_Public_Token -->
        <test-method signature="Test_11_Link_account_with_direct_link_account_success()[pri:11, instance:sila_test_cases.Test18_Link_account@2237bada]" started-at="2021-01-05T11:23:48 IST" name="Test_11_Link_account_with_direct_link_account_success" finished-at="2021-01-05T11:23:49 IST" duration-ms="652" status="PASS">
          <reporter-output>
          </reporter-output>
        </test-method> <!-- Test_11_Link_account_with_direct_link_account_success -->
        <test-method signature="Test_12_Link_direct_link_account_with_empty_user_handle()[pri:12, instance:sila_test_cases.Test18_Link_account@2237bada]" started-at="2021-01-05T11:23:49 IST" name="Test_12_Link_direct_link_account_with_empty_user_handle" finished-at="2021-01-05T11:23:49 IST" duration-ms="454" status="PASS">
          <reporter-output>
          </reporter-output>
        </test-method> <!-- Test_12_Link_direct_link_account_with_empty_user_handle -->
        <test-method signature="Test_13_Link_direct_link_account_with_unregistered_user_handle()[pri:13, instance:sila_test_cases.Test18_Link_account@2237bada]" started-at="2021-01-05T11:23:49 IST" name="Test_13_Link_direct_link_account_with_unregistered_user_handle" finished-at="2021-01-05T11:23:50 IST" duration-ms="616" status="PASS">
          <reporter-output>
          </reporter-output>
        </test-method> <!-- Test_13_Link_direct_link_account_with_unregistered_user_handle -->
        <test-method signature="link_direct_link_account_with_empty_account_name()[pri:14, instance:sila_test_cases.Test18_Link_account@2237bada]" started-at="2021-01-05T11:23:50 IST" name="link_direct_link_account_with_empty_account_name" finished-at="2021-01-05T11:23:50 IST" duration-ms="361" status="FAIL">
          <exception class="java.lang.AssertionError">
            <message>
              <![CDATA[expected [200] but found [400]]]>
            </message>
            <full-stacktrace>
              <![CDATA[java.lang.AssertionError: expected [200] but found [400]
at org.testng.Assert.fail(Assert.java:99)
at org.testng.Assert.failNotEquals(Assert.java:1037)
at org.testng.Assert.assertEqualsImpl(Assert.java:140)
at org.testng.Assert.assertEquals(Assert.java:122)
at org.testng.Assert.assertEquals(Assert.java:907)
at org.testng.Assert.assertEquals(Assert.java:917)
at sila_test_cases.Test18_Link_account.link_direct_link_account_with_empty_account_name(Test18_Link_account.java:221)
at java.base/jdk.internal.reflect.NativeMethodAccessorImpl.invoke0(Native Method)
at java.base/jdk.internal.reflect.NativeMethodAccessorImpl.invoke(NativeMethodAccessorImpl.java:62)
at java.base/jdk.internal.reflect.DelegatingMethodAccessorImpl.invoke(DelegatingMethodAccessorImpl.java:43)
at java.base/java.lang.reflect.Method.invoke(Method.java:564)
at org.testng.internal.MethodInvocationHelper.invokeMethod(MethodInvocationHelper.java:132)
at org.testng.internal.TestInvoker.invokeMethod(TestInvoker.java:599)
at org.testng.internal.TestInvoker.invokeTestMethod(TestInvoker.java:174)
at org.testng.internal.MethodRunner.runInSequence(MethodRunner.java:46)
at org.testng.internal.TestInvoker$MethodInvocationAgent.invoke(TestInvoker.java:822)
at org.testng.internal.TestInvoker.invokeTestMethods(TestInvoker.java:147)
at org.testng.internal.TestMethodWorker.invokeTestMethods(TestMethodWorker.java:146)
at org.testng.internal.TestMethodWorker.run(TestMethodWorker.java:128)
at java.base/java.util.ArrayList.forEach(ArrayList.java:1511)
at org.testng.TestRunner.privateRun(TestRunner.java:764)
at org.testng.TestRunner.run(TestRunner.java:585)
at org.testng.SuiteRunner.runTest(SuiteRunner.java:384)
at org.testng.SuiteRunner.runSequentially(SuiteRunner.java:378)
at org.testng.SuiteRunner.privateRun(SuiteRunner.java:337)
at org.testng.SuiteRunner.run(SuiteRunner.java:286)
at org.testng.SuiteRunnerWorker.runSuite(SuiteRunnerWorker.java:53)
at org.testng.SuiteRunnerWorker.run(SuiteRunnerWorker.java:96)
at org.testng.TestNG.runSuitesSequentially(TestNG.java:1218)
at org.testng.TestNG.runSuitesLocally(TestNG.java:1140)
at org.testng.TestNG.runSuites(TestNG.java:1069)
at org.testng.TestNG.run(TestNG.java:1037)
at org.testng.remote.AbstractRemoteTestNG.run(AbstractRemoteTestNG.java:115)
at org.testng.remote.RemoteTestNG.initAndRun(RemoteTestNG.java:251)
at org.testng.remote.RemoteTestNG.main(RemoteTestNG.java:77)
]]>
            </full-stacktrace>
          </exception> <!-- java.lang.AssertionError -->
          <reporter-output>
          </reporter-output>
        </test-method> <!-- link_direct_link_account_with_empty_account_name -->
        <test-method signature="link_direct_link_account_with_40Characters_account_name()[pri:15, instance:sila_test_cases.Test18_Link_account@2237bada]" started-at="2021-01-05T11:23:50 IST" name="link_direct_link_account_with_40Characters_account_name" finished-at="2021-01-05T11:23:51 IST" duration-ms="644" status="PASS">
          <reporter-output>
          </reporter-output>
        </test-method> <!-- link_direct_link_account_with_40Characters_account_name -->
        <test-method signature="link_direct_link_account_with_41Characters_account_name()[pri:16, instance:sila_test_cases.Test18_Link_account@2237bada]" started-at="2021-01-05T11:23:51 IST" name="link_direct_link_account_with_41Characters_account_name" finished-at="2021-01-05T11:23:51 IST" duration-ms="597" status="PASS">
          <reporter-output>
          </reporter-output>
        </test-method> <!-- link_direct_link_account_with_41Characters_account_name -->
        <test-method signature="link_direct_link_account_with_empty_account_number()[pri:17, instance:sila_test_cases.Test18_Link_account@2237bada]" started-at="2021-01-05T11:23:51 IST" name="link_direct_link_account_with_empty_account_number" finished-at="2021-01-05T11:23:52 IST" duration-ms="627" status="PASS">
          <reporter-output>
          </reporter-output>
        </test-method> <!-- link_direct_link_account_with_empty_account_number -->
        <test-method signature="link_direct_link_account_with_1_digit_account_number()[pri:18, instance:sila_test_cases.Test18_Link_account@2237bada]" started-at="2021-01-05T11:23:52 IST" name="link_direct_link_account_with_1_digit_account_number" finished-at="2021-01-05T11:23:53 IST" duration-ms="741" status="PASS">
          <reporter-output>
          </reporter-output>
        </test-method> <!-- link_direct_link_account_with_1_digit_account_number -->
        <test-method signature="link_direct_link_account_with_17_digit_account_number()[pri:19, instance:sila_test_cases.Test18_Link_account@2237bada]" started-at="2021-01-05T11:23:53 IST" name="link_direct_link_account_with_17_digit_account_number" finished-at="2021-01-05T11:23:53 IST" duration-ms="656" status="PASS">
          <reporter-output>
          </reporter-output>
        </test-method> <!-- link_direct_link_account_with_17_digit_account_number -->
        <test-method signature="link_direct_link_account_with_18_digit_account_number()[pri:20, instance:sila_test_cases.Test18_Link_account@2237bada]" started-at="2021-01-05T11:23:53 IST" name="link_direct_link_account_with_18_digit_account_number" finished-at="2021-01-05T11:23:54 IST" duration-ms="520" status="PASS">
          <reporter-output>
          </reporter-output>
        </test-method> <!-- link_direct_link_account_with_18_digit_account_number -->
        <test-method signature="link_direct_link_account_with_invalid_format_account_number()[pri:21, instance:sila_test_cases.Test18_Link_account@2237bada]" started-at="2021-01-05T11:23:54 IST" name="link_direct_link_account_with_invalid_format_account_number" finished-at="2021-01-05T11:23:54 IST" duration-ms="391" status="PASS">
          <reporter-output>
          </reporter-output>
        </test-method> <!-- link_direct_link_account_with_invalid_format_account_number -->
        <test-method signature="link_direct_link_account_with_empty_routing_number()[pri:22, instance:sila_test_cases.Test18_Link_account@2237bada]" started-at="2021-01-05T11:23:54 IST" name="link_direct_link_account_with_empty_routing_number" finished-at="2021-01-05T11:23:55 IST" duration-ms="438" status="PASS">
          <reporter-output>
          </reporter-output>
        </test-method> <!-- link_direct_link_account_with_empty_routing_number -->
        <test-method signature="link_direct_link_account_with_8_digits_routing_number()[pri:23, instance:sila_test_cases.Test18_Link_account@2237bada]" started-at="2021-01-05T11:23:55 IST" name="link_direct_link_account_with_8_digits_routing_number" finished-at="2021-01-05T11:23:55 IST" duration-ms="423" status="PASS">
          <reporter-output>
          </reporter-output>
        </test-method> <!-- link_direct_link_account_with_8_digits_routing_number -->
        <test-method signature="link_direct_link_account_with_10_digits_routing_number()[pri:24, instance:sila_test_cases.Test18_Link_account@2237bada]" started-at="2021-01-05T11:23:55 IST" name="link_direct_link_account_with_10_digits_routing_number" finished-at="2021-01-05T11:23:56 IST" duration-ms="1144" status="PASS">
          <reporter-output>
          </reporter-output>
        </test-method> <!-- link_direct_link_account_with_10_digits_routing_number -->
        <test-method signature="link_direct_link_account_with_invalid_format_routing_number()[pri:25, instance:sila_test_cases.Test18_Link_account@2237bada]" started-at="2021-01-05T11:23:56 IST" name="link_direct_link_account_with_invalid_format_routing_number" finished-at="2021-01-05T11:23:57 IST" duration-ms="378" status="PASS">
          <reporter-output>
          </reporter-output>
        </test-method> <!-- link_direct_link_account_with_invalid_format_routing_number -->
        <test-method signature="link_direct_link_account_with_empty_account_type()[pri:26, instance:sila_test_cases.Test18_Link_account@2237bada]" started-at="2021-01-05T11:23:57 IST" name="link_direct_link_account_with_empty_account_type" finished-at="2021-01-05T11:23:57 IST" duration-ms="399" status="FAIL">
          <exception class="java.lang.AssertionError">
            <message>
              <![CDATA[expected [200] but found [400]]]>
            </message>
            <full-stacktrace>
              <![CDATA[java.lang.AssertionError: expected [200] but found [400]
at org.testng.Assert.fail(Assert.java:99)
at org.testng.Assert.failNotEquals(Assert.java:1037)
at org.testng.Assert.assertEqualsImpl(Assert.java:140)
at org.testng.Assert.assertEquals(Assert.java:122)
at org.testng.Assert.assertEquals(Assert.java:907)
at org.testng.Assert.assertEquals(Assert.java:917)
at sila_test_cases.Test18_Link_account.link_direct_link_account_with_empty_account_type(Test18_Link_account.java:383)
at java.base/jdk.internal.reflect.NativeMethodAccessorImpl.invoke0(Native Method)
at java.base/jdk.internal.reflect.NativeMethodAccessorImpl.invoke(NativeMethodAccessorImpl.java:62)
at java.base/jdk.internal.reflect.DelegatingMethodAccessorImpl.invoke(DelegatingMethodAccessorImpl.java:43)
at java.base/java.lang.reflect.Method.invoke(Method.java:564)
at org.testng.internal.MethodInvocationHelper.invokeMethod(MethodInvocationHelper.java:132)
at org.testng.internal.TestInvoker.invokeMethod(TestInvoker.java:599)
at org.testng.internal.TestInvoker.invokeTestMethod(TestInvoker.java:174)
at org.testng.internal.MethodRunner.runInSequence(MethodRunner.java:46)
at org.testng.internal.TestInvoker$MethodInvocationAgent.invoke(TestInvoker.java:822)
at org.testng.internal.TestInvoker.invokeTestMethods(TestInvoker.java:147)
at org.testng.internal.TestMethodWorker.invokeTestMethods(TestMethodWorker.java:146)
at org.testng.internal.TestMethodWorker.run(TestMethodWorker.java:128)
at java.base/java.util.ArrayList.forEach(ArrayList.java:1511)
at org.testng.TestRunner.privateRun(TestRunner.java:764)
at org.testng.TestRunner.run(TestRunner.java:585)
at org.testng.SuiteRunner.runTest(SuiteRunner.java:384)
at org.testng.SuiteRunner.runSequentially(SuiteRunner.java:378)
at org.testng.SuiteRunner.privateRun(SuiteRunner.java:337)
at org.testng.SuiteRunner.run(SuiteRunner.java:286)
at org.testng.SuiteRunnerWorker.runSuite(SuiteRunnerWorker.java:53)
at org.testng.SuiteRunnerWorker.run(SuiteRunnerWorker.java:96)
at org.testng.TestNG.runSuitesSequentially(TestNG.java:1218)
at org.testng.TestNG.runSuitesLocally(TestNG.java:1140)
at org.testng.TestNG.runSuites(TestNG.java:1069)
at org.testng.TestNG.run(TestNG.java:1037)
at org.testng.remote.AbstractRemoteTestNG.run(AbstractRemoteTestNG.java:115)
at org.testng.remote.RemoteTestNG.initAndRun(RemoteTestNG.java:251)
at org.testng.remote.RemoteTestNG.main(RemoteTestNG.java:77)
]]>
            </full-stacktrace>
          </exception> <!-- java.lang.AssertionError -->
          <reporter-output>
          </reporter-output>
        </test-method> <!-- link_direct_link_account_with_empty_account_type -->
        <test-method signature="link_direct_link_account_with_lower_case_account_type()[pri:27, instance:sila_test_cases.Test18_Link_account@2237bada]" started-at="2021-01-05T11:23:57 IST" name="link_direct_link_account_with_lower_case_account_type" finished-at="2021-01-05T11:23:57 IST" duration-ms="360" status="PASS">
          <reporter-output>
          </reporter-output>
        </test-method> <!-- link_direct_link_account_with_lower_case_account_type -->
        <test-method signature="link_direct_link_account_with_10_characters_account_type()[pri:28, instance:sila_test_cases.Test18_Link_account@2237bada]" started-at="2021-01-05T11:23:57 IST" name="link_direct_link_account_with_10_characters_account_type" finished-at="2021-01-05T11:23:58 IST" duration-ms="577" status="FAIL">
          <exception class="java.lang.AssertionError">
            <message>
              <![CDATA[expected [200] but found [400]]]>
            </message>
            <full-stacktrace>
              <![CDATA[java.lang.AssertionError: expected [200] but found [400]
at org.testng.Assert.fail(Assert.java:99)
at org.testng.Assert.failNotEquals(Assert.java:1037)
at org.testng.Assert.assertEqualsImpl(Assert.java:140)
at org.testng.Assert.assertEquals(Assert.java:122)
at org.testng.Assert.assertEquals(Assert.java:907)
at org.testng.Assert.assertEquals(Assert.java:917)
at sila_test_cases.Test18_Link_account.link_direct_link_account_with_10_characters_account_type(Test18_Link_account.java:409)
at java.base/jdk.internal.reflect.NativeMethodAccessorImpl.invoke0(Native Method)
at java.base/jdk.internal.reflect.NativeMethodAccessorImpl.invoke(NativeMethodAccessorImpl.java:62)
at java.base/jdk.internal.reflect.DelegatingMethodAccessorImpl.invoke(DelegatingMethodAccessorImpl.java:43)
at java.base/java.lang.reflect.Method.invoke(Method.java:564)
at org.testng.internal.MethodInvocationHelper.invokeMethod(MethodInvocationHelper.java:132)
at org.testng.internal.TestInvoker.invokeMethod(TestInvoker.java:599)
at org.testng.internal.TestInvoker.invokeTestMethod(TestInvoker.java:174)
at org.testng.internal.MethodRunner.runInSequence(MethodRunner.java:46)
at org.testng.internal.TestInvoker$MethodInvocationAgent.invoke(TestInvoker.java:822)
at org.testng.internal.TestInvoker.invokeTestMethods(TestInvoker.java:147)
at org.testng.internal.TestMethodWorker.invokeTestMethods(TestMethodWorker.java:146)
at org.testng.internal.TestMethodWorker.run(TestMethodWorker.java:128)
at java.base/java.util.ArrayList.forEach(ArrayList.java:1511)
at org.testng.TestRunner.privateRun(TestRunner.java:764)
at org.testng.TestRunner.run(TestRunner.java:585)
at org.testng.SuiteRunner.runTest(SuiteRunner.java:384)
at org.testng.SuiteRunner.runSequentially(SuiteRunner.java:378)
at org.testng.SuiteRunner.privateRun(SuiteRunner.java:337)
at org.testng.SuiteRunner.run(SuiteRunner.java:286)
at org.testng.SuiteRunnerWorker.runSuite(SuiteRunnerWorker.java:53)
at org.testng.SuiteRunnerWorker.run(SuiteRunnerWorker.java:96)
at org.testng.TestNG.runSuitesSequentially(TestNG.java:1218)
at org.testng.TestNG.runSuitesLocally(TestNG.java:1140)
at org.testng.TestNG.runSuites(TestNG.java:1069)
at org.testng.TestNG.run(TestNG.java:1037)
at org.testng.remote.AbstractRemoteTestNG.run(AbstractRemoteTestNG.java:115)
at org.testng.remote.RemoteTestNG.initAndRun(RemoteTestNG.java:251)
at org.testng.remote.RemoteTestNG.main(RemoteTestNG.java:77)
]]>
            </full-stacktrace>
          </exception> <!-- java.lang.AssertionError -->
          <reporter-output>
          </reporter-output>
        </test-method> <!-- link_direct_link_account_with_10_characters_account_type -->
        <test-method signature="link_direct_link_account_with_11_characters_account_type()[pri:29, instance:sila_test_cases.Test18_Link_account@2237bada]" started-at="2021-01-05T11:23:58 IST" name="link_direct_link_account_with_11_characters_account_type" finished-at="2021-01-05T11:23:58 IST" duration-ms="382" status="PASS">
          <reporter-output>
          </reporter-output>
        </test-method> <!-- link_direct_link_account_with_11_characters_account_type -->
        <test-method is-config="true" signature="EndClass()[pri:0, instance:sila_test_cases.Test18_Link_account@2237bada]" started-at="2021-01-05T11:23:58 IST" name="EndClass" finished-at="2021-01-05T11:23:58 IST" duration-ms="1" status="PASS">
          <reporter-output>
          </reporter-output>
        </test-method> <!-- EndClass -->
      </class> <!-- sila_test_cases.Test18_Link_account -->
      <class name="sila_test_cases.Test20_Get_account">
        <test-method signature="Test_01_Get_account_with_empty_user_handle()[pri:1, instance:sila_test_cases.Test20_Get_account@5710768a]" started-at="2021-01-05T11:24:02 IST" name="Test_01_Get_account_with_empty_user_handle" finished-at="2021-01-05T11:24:02 IST" duration-ms="369" status="PASS">
          <reporter-output>
          </reporter-output>
        </test-method> <!-- Test_01_Get_account_with_empty_user_handle -->
        <test-method is-config="true" signature="StartClass()[pri:0, instance:sila_test_cases.Test20_Get_account@5710768a]" started-at="2021-01-05T11:24:02 IST" name="StartClass" finished-at="2021-01-05T11:24:02 IST" duration-ms="0" status="PASS">
          <reporter-output>
          </reporter-output>
        </test-method> <!-- StartClass -->
        <test-method signature="Test_02_Get_account_with_unregistered_user_handle()[pri:2, instance:sila_test_cases.Test20_Get_account@5710768a]" started-at="2021-01-05T11:24:02 IST" name="Test_02_Get_account_with_unregistered_user_handle" finished-at="2021-01-05T11:24:03 IST" duration-ms="478" status="PASS">
          <reporter-output>
          </reporter-output>
        </test-method> <!-- Test_02_Get_account_with_unregistered_user_handle -->
        <test-method signature="Test_03_Get_account_with_another_private_key()[pri:3, instance:sila_test_cases.Test20_Get_account@5710768a]" started-at="2021-01-05T11:24:03 IST" name="Test_03_Get_account_with_another_private_key" finished-at="2021-01-05T11:24:04 IST" duration-ms="655" status="FAIL">
          <exception class="java.lang.AssertionError">
            <message>
              <![CDATA[expected [false] but found [true]]]>
            </message>
            <full-stacktrace>
              <![CDATA[java.lang.AssertionError: expected [false] but found [true]
at org.testng.Assert.fail(Assert.java:99)
at org.testng.Assert.failNotEquals(Assert.java:1037)
at org.testng.Assert.assertEqualsImpl(Assert.java:140)
at org.testng.Assert.assertEquals(Assert.java:122)
at org.testng.Assert.assertEquals(Assert.java:819)
at org.testng.Assert.assertEquals(Assert.java:829)
at sila_test_cases.Test20_Get_account.Test_03_Get_account_with_another_private_key(Test20_Get_account.java:49)
at java.base/jdk.internal.reflect.NativeMethodAccessorImpl.invoke0(Native Method)
at java.base/jdk.internal.reflect.NativeMethodAccessorImpl.invoke(NativeMethodAccessorImpl.java:62)
at java.base/jdk.internal.reflect.DelegatingMethodAccessorImpl.invoke(DelegatingMethodAccessorImpl.java:43)
at java.base/java.lang.reflect.Method.invoke(Method.java:564)
at org.testng.internal.MethodInvocationHelper.invokeMethod(MethodInvocationHelper.java:132)
at org.testng.internal.TestInvoker.invokeMethod(TestInvoker.java:599)
at org.testng.internal.TestInvoker.invokeTestMethod(TestInvoker.java:174)
at org.testng.internal.MethodRunner.runInSequence(MethodRunner.java:46)
at org.testng.internal.TestInvoker$MethodInvocationAgent.invoke(TestInvoker.java:822)
at org.testng.internal.TestInvoker.invokeTestMethods(TestInvoker.java:147)
at org.testng.internal.TestMethodWorker.invokeTestMethods(TestMethodWorker.java:146)
at org.testng.internal.TestMethodWorker.run(TestMethodWorker.java:128)
at java.base/java.util.ArrayList.forEach(ArrayList.java:1511)
at org.testng.TestRunner.privateRun(TestRunner.java:764)
at org.testng.TestRunner.run(TestRunner.java:585)
at org.testng.SuiteRunner.runTest(SuiteRunner.java:384)
at org.testng.SuiteRunner.runSequentially(SuiteRunner.java:378)
at org.testng.SuiteRunner.privateRun(SuiteRunner.java:337)
at org.testng.SuiteRunner.run(SuiteRunner.java:286)
at org.testng.SuiteRunnerWorker.runSuite(SuiteRunnerWorker.java:53)
at org.testng.SuiteRunnerWorker.run(SuiteRunnerWorker.java:96)
at org.testng.TestNG.runSuitesSequentially(TestNG.java:1218)
at org.testng.TestNG.runSuitesLocally(TestNG.java:1140)
at org.testng.TestNG.runSuites(TestNG.java:1069)
at org.testng.TestNG.run(TestNG.java:1037)
at org.testng.remote.AbstractRemoteTestNG.run(AbstractRemoteTestNG.java:115)
at org.testng.remote.RemoteTestNG.initAndRun(RemoteTestNG.java:251)
at org.testng.remote.RemoteTestNG.main(RemoteTestNG.java:77)
]]>
            </full-stacktrace>
          </exception> <!-- java.lang.AssertionError -->
          <reporter-output>
          </reporter-output>
        </test-method> <!-- Test_03_Get_account_with_another_private_key -->
        <test-method signature="Test_04_Get_account_with_invalid_auth_sign()[pri:4, instance:sila_test_cases.Test20_Get_account@5710768a]" started-at="2021-01-05T11:24:04 IST" name="Test_04_Get_account_with_invalid_auth_sign" finished-at="2021-01-05T11:24:04 IST" duration-ms="452" status="PASS">
          <reporter-output>
          </reporter-output>
        </test-method> <!-- Test_04_Get_account_with_invalid_auth_sign -->
        <test-method signature="Test_05_Get_account_with_all_valid_data()[pri:5, instance:sila_test_cases.Test20_Get_account@5710768a]" started-at="2021-01-05T11:24:04 IST" name="Test_05_Get_account_with_all_valid_data" finished-at="2021-01-05T11:24:05 IST" duration-ms="627" status="PASS">
          <reporter-output>
          </reporter-output>
        </test-method> <!-- Test_05_Get_account_with_all_valid_data -->
        <test-method signature="Test_06_Get_account_with_empty_user_handle()[pri:6, instance:sila_test_cases.Test20_Get_account@5710768a]" started-at="2021-01-05T11:24:05 IST" name="Test_06_Get_account_with_empty_user_handle" finished-at="2021-01-05T11:24:05 IST" duration-ms="450" status="PASS">
          <reporter-output>
          </reporter-output>
        </test-method> <!-- Test_06_Get_account_with_empty_user_handle -->
        <test-method signature="Test_07_Get_account_with_unregistered_user_handle()[pri:7, instance:sila_test_cases.Test20_Get_account@5710768a]" started-at="2021-01-05T11:24:05 IST" name="Test_07_Get_account_with_unregistered_user_handle" finished-at="2021-01-05T11:24:06 IST" duration-ms="467" status="PASS">
          <reporter-output>
          </reporter-output>
        </test-method> <!-- Test_07_Get_account_with_unregistered_user_handle -->
        <test-method signature="Test_08_Get_account_with_another_private_key()[pri:8, instance:sila_test_cases.Test20_Get_account@5710768a]" started-at="2021-01-05T11:24:06 IST" name="Test_08_Get_account_with_another_private_key" finished-at="2021-01-05T11:24:06 IST" duration-ms="638" status="FAIL">
          <exception class="java.lang.AssertionError">
            <message>
              <![CDATA[expected [false] but found [true]]]>
            </message>
            <full-stacktrace>
              <![CDATA[java.lang.AssertionError: expected [false] but found [true]
at org.testng.Assert.fail(Assert.java:99)
at org.testng.Assert.failNotEquals(Assert.java:1037)
at org.testng.Assert.assertEqualsImpl(Assert.java:140)
at org.testng.Assert.assertEquals(Assert.java:122)
at org.testng.Assert.assertEquals(Assert.java:819)
at org.testng.Assert.assertEquals(Assert.java:829)
at sila_test_cases.Test20_Get_account.Test_08_Get_account_with_another_private_key(Test20_Get_account.java:118)
at java.base/jdk.internal.reflect.NativeMethodAccessorImpl.invoke0(Native Method)
at java.base/jdk.internal.reflect.NativeMethodAccessorImpl.invoke(NativeMethodAccessorImpl.java:62)
at java.base/jdk.internal.reflect.DelegatingMethodAccessorImpl.invoke(DelegatingMethodAccessorImpl.java:43)
at java.base/java.lang.reflect.Method.invoke(Method.java:564)
at org.testng.internal.MethodInvocationHelper.invokeMethod(MethodInvocationHelper.java:132)
at org.testng.internal.TestInvoker.invokeMethod(TestInvoker.java:599)
at org.testng.internal.TestInvoker.invokeTestMethod(TestInvoker.java:174)
at org.testng.internal.MethodRunner.runInSequence(MethodRunner.java:46)
at org.testng.internal.TestInvoker$MethodInvocationAgent.invoke(TestInvoker.java:822)
at org.testng.internal.TestInvoker.invokeTestMethods(TestInvoker.java:147)
at org.testng.internal.TestMethodWorker.invokeTestMethods(TestMethodWorker.java:146)
at org.testng.internal.TestMethodWorker.run(TestMethodWorker.java:128)
at java.base/java.util.ArrayList.forEach(ArrayList.java:1511)
at org.testng.TestRunner.privateRun(TestRunner.java:764)
at org.testng.TestRunner.run(TestRunner.java:585)
at org.testng.SuiteRunner.runTest(SuiteRunner.java:384)
at org.testng.SuiteRunner.runSequentially(SuiteRunner.java:378)
at org.testng.SuiteRunner.privateRun(SuiteRunner.java:337)
at org.testng.SuiteRunner.run(SuiteRunner.java:286)
at org.testng.SuiteRunnerWorker.runSuite(SuiteRunnerWorker.java:53)
at org.testng.SuiteRunnerWorker.run(SuiteRunnerWorker.java:96)
at org.testng.TestNG.runSuitesSequentially(TestNG.java:1218)
at org.testng.TestNG.runSuitesLocally(TestNG.java:1140)
at org.testng.TestNG.runSuites(TestNG.java:1069)
at org.testng.TestNG.run(TestNG.java:1037)
at org.testng.remote.AbstractRemoteTestNG.run(AbstractRemoteTestNG.java:115)
at org.testng.remote.RemoteTestNG.initAndRun(RemoteTestNG.java:251)
at org.testng.remote.RemoteTestNG.main(RemoteTestNG.java:77)
]]>
            </full-stacktrace>
          </exception> <!-- java.lang.AssertionError -->
          <reporter-output>
          </reporter-output>
        </test-method> <!-- Test_08_Get_account_with_another_private_key -->
        <test-method signature="Test_09_Get_account_with_invalid_auth_sign()[pri:9, instance:sila_test_cases.Test20_Get_account@5710768a]" started-at="2021-01-05T11:24:06 IST" name="Test_09_Get_account_with_invalid_auth_sign" finished-at="2021-01-05T11:24:07 IST" duration-ms="490" status="PASS">
          <reporter-output>
          </reporter-output>
        </test-method> <!-- Test_09_Get_account_with_invalid_auth_sign -->
        <test-method signature="Test_10_Get_account_with_all_valid_data()[pri:10, instance:sila_test_cases.Test20_Get_account@5710768a]" started-at="2021-01-05T11:24:07 IST" name="Test_10_Get_account_with_all_valid_data" finished-at="2021-01-05T11:24:07 IST" duration-ms="668" status="PASS">
          <reporter-output>
          </reporter-output>
        </test-method> <!-- Test_10_Get_account_with_all_valid_data -->
        <test-method is-config="true" signature="EndClass()[pri:0, instance:sila_test_cases.Test20_Get_account@5710768a]" started-at="2021-01-05T11:24:07 IST" name="EndClass" finished-at="2021-01-05T11:24:07 IST" duration-ms="1" status="PASS">
          <reporter-output>
          </reporter-output>
        </test-method> <!-- EndClass -->
      </class> <!-- sila_test_cases.Test20_Get_account -->
      <class name="sila_test_cases.Test25_Update_wallet">
        <test-method is-config="true" signature="StartClass()[pri:0, instance:sila_test_cases.Test25_Update_wallet@5bb3d42d]" started-at="2021-01-05T11:24:37 IST" name="StartClass" finished-at="2021-01-05T11:24:37 IST" duration-ms="0" status="PASS">
          <reporter-output>
          </reporter-output>
        </test-method> <!-- StartClass -->
        <test-method signature="test_01_update_wallet()[pri:1, instance:sila_test_cases.Test25_Update_wallet@5bb3d42d]" started-at="2021-01-05T11:24:37 IST" name="test_01_update_wallet" finished-at="2021-01-05T11:24:38 IST" duration-ms="716" status="PASS">
          <reporter-output>
          </reporter-output>
        </test-method> <!-- test_01_update_wallet -->
        <test-method signature="test_02_update_wallet_with_nickname_already_in_use()[pri:2, instance:sila_test_cases.Test25_Update_wallet@5bb3d42d]" started-at="2021-01-05T11:24:38 IST" name="test_02_update_wallet_with_nickname_already_in_use" finished-at="2021-01-05T11:24:39 IST" duration-ms="878" status="PASS">
          <reporter-output>
          </reporter-output>
        </test-method> <!-- test_02_update_wallet_with_nickname_already_in_use -->
        <test-method signature="test_03_update_wallet_with_empty_user_handle()[pri:3, instance:sila_test_cases.Test25_Update_wallet@5bb3d42d]" started-at="2021-01-05T11:24:39 IST" name="test_03_update_wallet_with_empty_user_handle" finished-at="2021-01-05T11:24:39 IST" duration-ms="380" status="PASS">
          <reporter-output>
          </reporter-output>
        </test-method> <!-- test_03_update_wallet_with_empty_user_handle -->
        <test-method signature="test_04_update_wallet_with_unregistered__user_handle()[pri:4, instance:sila_test_cases.Test25_Update_wallet@5bb3d42d]" started-at="2021-01-05T11:24:39 IST" name="test_04_update_wallet_with_unregistered__user_handle" finished-at="2021-01-05T11:24:40 IST" duration-ms="570" status="PASS">
          <reporter-output>
          </reporter-output>
        </test-method> <!-- test_04_update_wallet_with_unregistered__user_handle -->
        <test-method signature="test_05_update_wallet_invalid_key()[pri:5, instance:sila_test_cases.Test25_Update_wallet@5bb3d42d]" started-at="2021-01-05T11:24:40 IST" name="test_05_update_wallet_invalid_key" finished-at="2021-01-05T11:24:41 IST" duration-ms="917" status="PASS">
          <reporter-output>
          </reporter-output>
        </test-method> <!-- test_05_update_wallet_invalid_key -->
        <test-method signature="test_06_update_wallet_empty_nickname()[pri:6, instance:sila_test_cases.Test25_Update_wallet@5bb3d42d]" started-at="2021-01-05T11:24:41 IST" name="test_06_update_wallet_empty_nickname" finished-at="2021-01-05T11:24:42 IST" duration-ms="891" status="PASS">
          <reporter-output>
          </reporter-output>
        </test-method> <!-- test_06_update_wallet_empty_nickname -->
        <test-method signature="test_07_update_wallet_with_40_characters_nickname()[pri:7, instance:sila_test_cases.Test25_Update_wallet@5bb3d42d]" started-at="2021-01-05T11:24:42 IST" name="test_07_update_wallet_with_40_characters_nickname" finished-at="2021-01-05T11:24:43 IST" duration-ms="1091" status="PASS">
          <reporter-output>
          </reporter-output>
        </test-method> <!-- test_07_update_wallet_with_40_characters_nickname -->
        <test-method signature="test_08_update_wallet_with_1_character_nickname()[pri:8, instance:sila_test_cases.Test25_Update_wallet@5bb3d42d]" started-at="2021-01-05T11:24:43 IST" name="test_08_update_wallet_with_1_character_nickname" finished-at="2021-01-05T11:24:44 IST" duration-ms="853" status="PASS">
          <reporter-output>
          </reporter-output>
        </test-method> <!-- test_08_update_wallet_with_1_character_nickname -->
        <test-method signature="test_09_update_wallet_with_41_character_nickname()[pri:9, instance:sila_test_cases.Test25_Update_wallet@5bb3d42d]" started-at="2021-01-05T11:24:44 IST" name="test_09_update_wallet_with_41_character_nickname" finished-at="2021-01-05T11:24:45 IST" duration-ms="859" status="PASS">
          <reporter-output>
          </reporter-output>
        </test-method> <!-- test_09_update_wallet_with_41_character_nickname -->
        <test-method signature="test_10_update_wallet_default_true()[pri:10, instance:sila_test_cases.Test25_Update_wallet@5bb3d42d]" started-at="2021-01-05T11:24:45 IST" name="test_10_update_wallet_default_true" finished-at="2021-01-05T11:24:45 IST" duration-ms="695" status="PASS">
          <reporter-output>
          </reporter-output>
        </test-method> <!-- test_10_update_wallet_default_true -->
        <test-method is-config="true" signature="EndClass()[pri:0, instance:sila_test_cases.Test25_Update_wallet@5bb3d42d]" started-at="2021-01-05T11:24:45 IST" name="EndClass" finished-at="2021-01-05T11:24:45 IST" duration-ms="0" status="PASS">
          <reporter-output>
          </reporter-output>
        </test-method> <!-- EndClass -->
      </class> <!-- sila_test_cases.Test25_Update_wallet -->
      <class name="sila_test_cases.Test22_Register_wallet">
        <test-method is-config="true" signature="StartClass()[pri:0, instance:sila_test_cases.Test22_Register_wallet@6e0d4a8]" started-at="2021-01-05T11:24:17 IST" name="StartClass" finished-at="2021-01-05T11:24:17 IST" duration-ms="0" status="PASS">
          <reporter-output>
          </reporter-output>
        </test-method> <!-- StartClass -->
        <test-method signature="Test_01_Regiter_wallet_with_all_valid_data()[pri:1, instance:sila_test_cases.Test22_Register_wallet@6e0d4a8]" started-at="2021-01-05T11:24:17 IST" name="Test_01_Regiter_wallet_with_all_valid_data" finished-at="2021-01-05T11:24:18 IST" duration-ms="1056" status="PASS">
          <reporter-output>
          </reporter-output>
        </test-method> <!-- Test_01_Regiter_wallet_with_all_valid_data -->
        <test-method signature="Test_02_Regiter_wallet_with_empty_user_handle()[pri:2, instance:sila_test_cases.Test22_Register_wallet@6e0d4a8]" started-at="2021-01-05T11:24:18 IST" name="Test_02_Regiter_wallet_with_empty_user_handle" finished-at="2021-01-05T11:24:18 IST" duration-ms="506" status="PASS">
          <reporter-output>
          </reporter-output>
        </test-method> <!-- Test_02_Regiter_wallet_with_empty_user_handle -->
        <test-method signature="Test_03_Regiter_wallet_with_unregistered_user_handle()[pri:3, instance:sila_test_cases.Test22_Register_wallet@6e0d4a8]" started-at="2021-01-05T11:24:18 IST" name="Test_03_Regiter_wallet_with_unregistered_user_handle" finished-at="2021-01-05T11:24:19 IST" duration-ms="709" status="PASS">
          <reporter-output>
          </reporter-output>
        </test-method> <!-- Test_03_Regiter_wallet_with_unregistered_user_handle -->
        <test-method signature="Test_04_Regiter_wallet_with_empty_wallet_verification_signature()[pri:4, instance:sila_test_cases.Test22_Register_wallet@6e0d4a8]" started-at="2021-01-05T11:24:19 IST" name="Test_04_Regiter_wallet_with_empty_wallet_verification_signature" finished-at="2021-01-05T11:24:19 IST" duration-ms="470" status="PASS">
          <reporter-output>
          </reporter-output>
        </test-method> <!-- Test_04_Regiter_wallet_with_empty_wallet_verification_signature -->
        <test-method signature="Test_05_Regiter_wallet_with_invalid_wallet_verification_signature()[pri:5, instance:sila_test_cases.Test22_Register_wallet@6e0d4a8]" started-at="2021-01-05T11:24:19 IST" name="Test_05_Regiter_wallet_with_invalid_wallet_verification_signature" finished-at="2021-01-05T11:24:20 IST" duration-ms="488" status="PASS">
          <reporter-output>
          </reporter-output>
        </test-method> <!-- Test_05_Regiter_wallet_with_invalid_wallet_verification_signature -->
        <test-method signature="Test_06_Regiter_wallet_with_invalid_private_key()[pri:6, instance:sila_test_cases.Test22_Register_wallet@6e0d4a8]" started-at="2021-01-05T11:24:20 IST" name="Test_06_Regiter_wallet_with_invalid_private_key" finished-at="2021-01-05T11:24:21 IST" duration-ms="712" status="PASS">
          <reporter-output>
          </reporter-output>
        </test-method> <!-- Test_06_Regiter_wallet_with_invalid_private_key -->
        <test-method signature="test_07_register_wallet_with_empty_block_chain_network()[pri:7, instance:sila_test_cases.Test22_Register_wallet@6e0d4a8]" started-at="2021-01-05T11:24:21 IST" name="test_07_register_wallet_with_empty_block_chain_network" finished-at="2021-01-05T11:24:21 IST" duration-ms="477" status="PASS">
          <reporter-output>
          </reporter-output>
        </test-method> <!-- test_07_register_wallet_with_empty_block_chain_network -->
        <test-method signature="test_008_register_wallet_with_another_block_chain_network()[pri:8, instance:sila_test_cases.Test22_Register_wallet@6e0d4a8]" started-at="2021-01-05T11:24:21 IST" name="test_008_register_wallet_with_another_block_chain_network" finished-at="2021-01-05T11:24:22 IST" duration-ms="497" status="PASS">
          <reporter-output>
          </reporter-output>
        </test-method> <!-- test_008_register_wallet_with_another_block_chain_network -->
        <test-method signature="test_09_register_wallet_with_empty_block_chain_address()[pri:9, instance:sila_test_cases.Test22_Register_wallet@6e0d4a8]" started-at="2021-01-05T11:24:22 IST" name="test_09_register_wallet_with_empty_block_chain_address" finished-at="2021-01-05T11:24:22 IST" duration-ms="411" status="PASS">
          <reporter-output>
          </reporter-output>
        </test-method> <!-- test_09_register_wallet_with_empty_block_chain_address -->
        <test-method signature="test_010_register_wallet_with_empty_nick_namek()[pri:10, instance:sila_test_cases.Test22_Register_wallet@6e0d4a8]" started-at="2021-01-05T11:24:22 IST" name="test_010_register_wallet_with_empty_nick_namek" finished-at="2021-01-05T11:24:23 IST" duration-ms="1132" status="PASS">
          <reporter-output>
          </reporter-output>
        </test-method> <!-- test_010_register_wallet_with_empty_nick_namek -->
        <test-method signature="test_11_register_wallet_with_40_characters_nick_namek()[pri:11, instance:sila_test_cases.Test22_Register_wallet@6e0d4a8]" started-at="2021-01-05T11:24:23 IST" name="test_11_register_wallet_with_40_characters_nick_namek" finished-at="2021-01-05T11:24:24 IST" duration-ms="1191" status="PASS">
          <reporter-output>
          </reporter-output>
        </test-method> <!-- test_11_register_wallet_with_40_characters_nick_namek -->
        <test-method signature="test_12_register_wallet_with_41_characters_nick_namek()[pri:12, instance:sila_test_cases.Test22_Register_wallet@6e0d4a8]" started-at="2021-01-05T11:24:24 IST" name="test_12_register_wallet_with_41_characters_nick_namek" finished-at="2021-01-05T11:24:25 IST" duration-ms="488" status="PASS">
          <reporter-output>
          </reporter-output>
        </test-method> <!-- test_12_register_wallet_with_41_characters_nick_namek -->
        <test-method is-config="true" signature="EndClass()[pri:0, instance:sila_test_cases.Test22_Register_wallet@6e0d4a8]" started-at="2021-01-05T11:24:25 IST" name="EndClass" finished-at="2021-01-05T11:24:25 IST" duration-ms="1" status="PASS">
          <reporter-output>
          </reporter-output>
        </test-method> <!-- EndClass -->
      </class> <!-- sila_test_cases.Test22_Register_wallet -->
      <class name="sila_test_cases.Test28_Get_naics_categories">
        <test-method signature="test_01_Get_naics_categories()[pri:1, instance:sila_test_cases.Test28_Get_naics_categories@b273a59]" started-at="2021-01-05T11:24:52 IST" name="test_01_Get_naics_categories" finished-at="2021-01-05T11:24:53 IST" duration-ms="899" status="PASS">
          <reporter-output>
          </reporter-output>
        </test-method> <!-- test_01_Get_naics_categories -->
        <test-method is-config="true" signature="StartClass()[pri:0, instance:sila_test_cases.Test28_Get_naics_categories@b273a59]" started-at="2021-01-05T11:24:52 IST" name="StartClass" finished-at="2021-01-05T11:24:52 IST" duration-ms="0" status="PASS">
          <reporter-output>
          </reporter-output>
        </test-method> <!-- StartClass -->
        <test-method signature="test_02_Get_response_403()[pri:2, instance:sila_test_cases.Test28_Get_naics_categories@b273a59]" started-at="2021-01-05T11:24:53 IST" name="test_02_Get_response_403" finished-at="2021-01-05T11:24:54 IST" duration-ms="982" status="PASS">
          <reporter-output>
          </reporter-output>
        </test-method> <!-- test_02_Get_response_403 -->
        <test-method signature="test_03_Get_response_400()[pri:3, instance:sila_test_cases.Test28_Get_naics_categories@b273a59]" started-at="2021-01-05T11:24:54 IST" name="test_03_Get_response_400" finished-at="2021-01-05T11:24:55 IST" duration-ms="1709" status="PASS">
          <reporter-output>
          </reporter-output>
        </test-method> <!-- test_03_Get_response_400 -->
        <test-method is-config="true" signature="EndClass()[pri:0, instance:sila_test_cases.Test28_Get_naics_categories@b273a59]" started-at="2021-01-05T11:24:55 IST" name="EndClass" finished-at="2021-01-05T11:24:55 IST" duration-ms="1" status="PASS">
          <reporter-output>
          </reporter-output>
        </test-method> <!-- EndClass -->
      </class> <!-- sila_test_cases.Test28_Get_naics_categories -->
      <class name="sila_test_cases.Test26_Get_business_types">
        <test-method is-config="true" signature="StartClass()[pri:0, instance:sila_test_cases.Test26_Get_business_types@5bf61e67]" started-at="2021-01-05T11:24:45 IST" name="StartClass" finished-at="2021-01-05T11:24:45 IST" duration-ms="1" status="PASS">
          <reporter-output>
          </reporter-output>
        </test-method> <!-- StartClass -->
        <test-method signature="test_01_Get_business_types()[pri:1, instance:sila_test_cases.Test26_Get_business_types@5bf61e67]" started-at="2021-01-05T11:24:45 IST" name="test_01_Get_business_types" finished-at="2021-01-05T11:24:46 IST" duration-ms="829" status="PASS">
          <reporter-output>
          </reporter-output>
        </test-method> <!-- test_01_Get_business_types -->
        <test-method signature="test_02_Get_response_403()[pri:2, instance:sila_test_cases.Test26_Get_business_types@5bf61e67]" started-at="2021-01-05T11:24:46 IST" name="test_02_Get_response_403" finished-at="2021-01-05T11:24:47 IST" duration-ms="1102" status="PASS">
          <reporter-output>
          </reporter-output>
        </test-method> <!-- test_02_Get_response_403 -->
        <test-method signature="test_03_Get_response_400()[pri:3, instance:sila_test_cases.Test26_Get_business_types@5bf61e67]" started-at="2021-01-05T11:24:47 IST" name="test_03_Get_response_400" finished-at="2021-01-05T11:24:49 IST" duration-ms="1682" status="PASS">
          <reporter-output>
          </reporter-output>
        </test-method> <!-- test_03_Get_response_400 -->
        <test-method is-config="true" signature="EndClass()[pri:0, instance:sila_test_cases.Test26_Get_business_types@5bf61e67]" started-at="2021-01-05T11:24:49 IST" name="EndClass" finished-at="2021-01-05T11:24:49 IST" duration-ms="1" status="PASS">
          <reporter-output>
          </reporter-output>
        </test-method> <!-- EndClass -->
      </class> <!-- sila_test_cases.Test26_Get_business_types -->
      <class name="sila_test_cases.Test09_Get_entities">
        <test-method is-config="true" signature="StartClass()[pri:0, instance:sila_test_cases.Test09_Get_entities@3b582111]" started-at="2021-01-05T11:17:51 IST" name="StartClass" finished-at="2021-01-05T11:17:51 IST" duration-ms="0" status="PASS">
          <reporter-output>
          </reporter-output>
        </test-method> <!-- StartClass -->
        <test-method signature="test_01_Get_entities_with_valid_details()[pri:1, instance:sila_test_cases.Test09_Get_entities@3b582111]" started-at="2021-01-05T11:17:51 IST" name="test_01_Get_entities_with_valid_details" finished-at="2021-01-05T11:17:52 IST" duration-ms="470" status="PASS">
          <reporter-output>
          </reporter-output>
        </test-method> <!-- test_01_Get_entities_with_valid_details -->
        <test-method signature="test_02_Get_entity_for_individual_user_with_page_value_0()[pri:2, instance:sila_test_cases.Test09_Get_entities@3b582111]" started-at="2021-01-05T11:17:52 IST" name="test_02_Get_entity_for_individual_user_with_page_value_0" finished-at="2021-01-05T11:17:52 IST" duration-ms="474" status="PASS">
          <reporter-output>
          </reporter-output>
        </test-method> <!-- test_02_Get_entity_for_individual_user_with_page_value_0 -->
        <test-method signature="test_03_Get_entity_for_individual_user_without_page_value()[pri:3, instance:sila_test_cases.Test09_Get_entities@3b582111]" started-at="2021-01-05T11:17:52 IST" name="test_03_Get_entity_for_individual_user_without_page_value" finished-at="2021-01-05T11:17:53 IST" duration-ms="624" status="PASS">
          <reporter-output>
          </reporter-output>
        </test-method> <!-- test_03_Get_entity_for_individual_user_without_page_value -->
        <test-method signature="test_04_Get_entities_with_perPage_page_value_0()[pri:4, instance:sila_test_cases.Test09_Get_entities@3b582111]" started-at="2021-01-05T11:17:53 IST" name="test_04_Get_entities_with_perPage_page_value_0" finished-at="2021-01-05T11:17:53 IST" duration-ms="635" status="PASS">
          <reporter-output>
          </reporter-output>
        </test-method> <!-- test_04_Get_entities_with_perPage_page_value_0 -->
[...]
at org.testng.remote.AbstractRemoteTestNG.run(AbstractRemoteTestNG.java:115)
at org.testng.remote.RemoteTestNG.initAndRun(RemoteTestNG.java:251)
at org.testng.remote.RemoteTestNG.main(RemoteTestNG.java:77)
]]>
            </full-stacktrace>
          </exception> <!-- java.lang.AssertionError -->
          <reporter-output>
          </reporter-output>
        </test-method> <!-- test_09_issue_sila_with_empty_descriptor_field -->
        <test-method signature="test_10_issue_sila_more_than_allowed_descriptor_characters()[pri:10, instance:sila_test_cases.Test30_Issue_sila@251ebf23]" started-at="2021-01-05T11:25:04 IST" name="test_10_issue_sila_more_than_allowed_descriptor_characters" finished-at="2021-01-05T11:25:04 IST" duration-ms="507" status="PASS">
          <reporter-output>
          </reporter-output>
        </test-method> <!-- test_10_issue_sila_more_than_allowed_descriptor_characters -->
        <test-method signature="test_11_issue_sila_with_invalid_business_uuid()[pri:11, instance:sila_test_cases.Test30_Issue_sila@251ebf23]" started-at="2021-01-05T11:25:04 IST" name="test_11_issue_sila_with_invalid_business_uuid" finished-at="2021-01-05T11:25:05 IST" duration-ms="366" status="PASS">
          <reporter-output>
          </reporter-output>
        </test-method> <!-- test_11_issue_sila_with_invalid_business_uuid -->
        <test-method signature="test_12_issue_sila_with_empty_business_uuid()[pri:12, instance:sila_test_cases.Test30_Issue_sila@251ebf23]" started-at="2021-01-05T11:25:05 IST" name="test_12_issue_sila_with_empty_business_uuid" finished-at="2021-01-05T11:25:05 IST" duration-ms="593" status="FAIL">
          <exception class="java.lang.AssertionError">
            <message>
              <![CDATA[expected [200] but found [400]]]>
            </message>
            <full-stacktrace>
              <![CDATA[java.lang.AssertionError: expected [200] but found [400]
at org.testng.Assert.fail(Assert.java:99)
at org.testng.Assert.failNotEquals(Assert.java:1037)
at org.testng.Assert.assertEqualsImpl(Assert.java:140)
at org.testng.Assert.assertEquals(Assert.java:122)
at org.testng.Assert.assertEquals(Assert.java:907)
at org.testng.Assert.assertEquals(Assert.java:917)
at sila_test_cases.Test30_Issue_sila.test_12_issue_sila_with_empty_business_uuid(Test30_Issue_sila.java:279)
at java.base/jdk.internal.reflect.NativeMethodAccessorImpl.invoke0(Native Method)
at java.base/jdk.internal.reflect.NativeMethodAccessorImpl.invoke(NativeMethodAccessorImpl.java:62)
at java.base/jdk.internal.reflect.DelegatingMethodAccessorImpl.invoke(DelegatingMethodAccessorImpl.java:43)
at java.base/java.lang.reflect.Method.invoke(Method.java:564)
at org.testng.internal.MethodInvocationHelper.invokeMethod(MethodInvocationHelper.java:132)
at org.testng.internal.TestInvoker.invokeMethod(TestInvoker.java:599)
at org.testng.internal.TestInvoker.invokeTestMethod(TestInvoker.java:174)
at org.testng.internal.MethodRunner.runInSequence(MethodRunner.java:46)
at org.testng.internal.TestInvoker$MethodInvocationAgent.invoke(TestInvoker.java:822)
at org.testng.internal.TestInvoker.invokeTestMethods(TestInvoker.java:147)
at org.testng.internal.TestMethodWorker.invokeTestMethods(TestMethodWorker.java:146)
at org.testng.internal.TestMethodWorker.run(TestMethodWorker.java:128)
at java.base/java.util.ArrayList.forEach(ArrayList.java:1511)
at org.testng.TestRunner.privateRun(TestRunner.java:764)
at org.testng.TestRunner.run(TestRunner.java:585)
at org.testng.SuiteRunner.runTest(SuiteRunner.java:384)
at org.testng.SuiteRunner.runSequentially(SuiteRunner.java:378)
at org.testng.SuiteRunner.privateRun(SuiteRunner.java:337)
at org.testng.SuiteRunner.run(SuiteRunner.java:286)
at org.testng.SuiteRunnerWorker.runSuite(SuiteRunnerWorker.java:53)
at org.testng.SuiteRunnerWorker.run(SuiteRunnerWorker.java:96)
at org.testng.TestNG.runSuitesSequentially(TestNG.java:1218)
at org.testng.TestNG.runSuitesLocally(TestNG.java:1140)
at org.testng.TestNG.runSuites(TestNG.java:1069)
at org.testng.TestNG.run(TestNG.java:1037)
at org.testng.remote.AbstractRemoteTestNG.run(AbstractRemoteTestNG.java:115)
at org.testng.remote.RemoteTestNG.initAndRun(RemoteTestNG.java:251)
at org.testng.remote.RemoteTestNG.main(RemoteTestNG.java:77)
]]>
            </full-stacktrace>
          </exception> <!-- java.lang.AssertionError -->
          <reporter-output>
          </reporter-output>
        </test-method> <!-- test_12_issue_sila_with_empty_business_uuid -->
        <test-method signature="test_13_issue_sila_with_more_than_max_length_account_name()[pri:13, instance:sila_test_cases.Test30_Issue_sila@251ebf23]" started-at="2021-01-05T11:25:05 IST" name="test_13_issue_sila_with_more_than_max_length_account_name" finished-at="2021-01-05T11:25:06 IST" duration-ms="861" status="PASS">
          <reporter-output>
          </reporter-output>
        </test-method> <!-- test_13_issue_sila_with_more_than_max_length_account_name -->
        <test-method signature="test_14_issue_sila_with_invalid_private_key()[pri:14, instance:sila_test_cases.Test30_Issue_sila@251ebf23]" started-at="2021-01-05T11:25:06 IST" name="test_14_issue_sila_with_invalid_private_key" finished-at="2021-01-05T11:25:07 IST" duration-ms="611" status="PASS">
          <reporter-output>
          </reporter-output>
        </test-method> <!-- test_14_issue_sila_with_invalid_private_key -->
        <test-method signature="Test_15_Issue_sila_with_all_valid_data()[pri:15, instance:sila_test_cases.Test30_Issue_sila@251ebf23]" started-at="2021-01-05T11:25:07 IST" name="Test_15_Issue_sila_with_all_valid_data" finished-at="2021-01-05T11:28:28 IST" duration-ms="201720" status="PASS">
          <reporter-output>
          </reporter-output>
        </test-method> <!-- Test_15_Issue_sila_with_all_valid_data -->
        <test-method signature="Test_16_Issue_sila_with_empty_processingType_field()[pri:16, instance:sila_test_cases.Test30_Issue_sila@251ebf23]" started-at="2021-01-05T11:28:28 IST" name="Test_16_Issue_sila_with_empty_processingType_field" finished-at="2021-01-05T11:28:32 IST" duration-ms="3461" status="PASS">
          <reporter-output>
          </reporter-output>
        </test-method> <!-- Test_16_Issue_sila_with_empty_processingType_field -->
        <test-method is-config="true" signature="EndClass()[pri:0, instance:sila_test_cases.Test30_Issue_sila@251ebf23]" started-at="2021-01-05T11:28:32 IST" name="EndClass" finished-at="2021-01-05T11:28:32 IST" duration-ms="1" status="PASS">
          <reporter-output>
          </reporter-output>
        </test-method> <!-- EndClass -->
      </class> <!-- sila_test_cases.Test30_Issue_sila -->
      <class name="sila_test_cases.Test05_Unlink_business_member">
        <test-method signature="test_01_Unlink_business_memeber_with_empty_user_handle()[pri:1, instance:sila_test_cases.Test05_Unlink_business_member@30457e14]" started-at="2021-01-05T11:16:18 IST" name="test_01_Unlink_business_memeber_with_empty_user_handle" finished-at="2021-01-05T11:16:19 IST" duration-ms="1645" status="PASS">
          <reporter-output>
          </reporter-output>
        </test-method> <!-- test_01_Unlink_business_memeber_with_empty_user_handle -->
        <test-method is-config="true" signature="StartClass()[pri:0, instance:sila_test_cases.Test05_Unlink_business_member@30457e14]" started-at="2021-01-05T11:16:18 IST" name="StartClass" finished-at="2021-01-05T11:16:18 IST" duration-ms="0" status="PASS">
          <reporter-output>
          </reporter-output>
        </test-method> <!-- StartClass -->
        <test-method signature="test_02_Unlink_business_memeber_with_empty_business_handle()[pri:2, instance:sila_test_cases.Test05_Unlink_business_member@30457e14]" started-at="2021-01-05T11:16:19 IST" name="test_02_Unlink_business_memeber_with_empty_business_handle" finished-at="2021-01-05T11:16:20 IST" duration-ms="958" status="PASS">
          <reporter-output>
          </reporter-output>
        </test-method> <!-- test_02_Unlink_business_memeber_with_empty_business_handle -->
        <test-method signature="test_03_Unlink_business_memeber_with_invalid_user_private_key()[pri:3, instance:sila_test_cases.Test05_Unlink_business_member@30457e14]" started-at="2021-01-05T11:16:20 IST" name="test_03_Unlink_business_memeber_with_invalid_user_private_key" finished-at="2021-01-05T11:16:22 IST" duration-ms="2101" status="PASS">
          <reporter-output>
          </reporter-output>
        </test-method> <!-- test_03_Unlink_business_memeber_with_invalid_user_private_key -->
        <test-method signature="test_04_Unlink_business_memeber_with_invalid_business_private_key()[pri:4, instance:sila_test_cases.Test05_Unlink_business_member@30457e14]" started-at="2021-01-05T11:16:22 IST" name="test_04_Unlink_business_memeber_with_invalid_business_private_key" finished-at="2021-01-05T11:16:24 IST" duration-ms="1370" status="PASS">
          <reporter-output>
          </reporter-output>
        </test-method> <!-- test_04_Unlink_business_memeber_with_invalid_business_private_key -->
        <test-method signature="test_05_Unlink_business_memeber_when_not_linked_as_controlOfficer()[pri:5, instance:sila_test_cases.Test05_Unlink_business_member@30457e14]" started-at="2021-01-05T11:16:24 IST" name="test_05_Unlink_business_memeber_when_not_linked_as_controlOfficer" finished-at="2021-01-05T11:16:25 IST" duration-ms="1276" status="PASS">
          <reporter-output>
          </reporter-output>
        </test-method> <!-- test_05_Unlink_business_memeber_when_not_linked_as_controlOfficer -->
        <test-method signature="test_06_Unlink_business_memeber_when_linked_as_controlOfficer()[pri:6, instance:sila_test_cases.Test05_Unlink_business_member@30457e14]" started-at="2021-01-05T11:16:25 IST" name="test_06_Unlink_business_memeber_when_linked_as_controlOfficer" finished-at="2021-01-05T11:16:27 IST" duration-ms="2243" status="PASS">
          <reporter-output>
          </reporter-output>
        </test-method> <!-- test_06_Unlink_business_memeber_when_linked_as_controlOfficer -->
        <test-method signature="test_07_Unlink_business_memeber_when_linked_as_administrator()[pri:7, instance:sila_test_cases.Test05_Unlink_business_member@30457e14]" started-at="2021-01-05T11:16:27 IST" name="test_07_Unlink_business_memeber_when_linked_as_administrator" finished-at="2021-01-05T11:16:29 IST" duration-ms="1598" status="PASS">
          <reporter-output>
          </reporter-output>
        </test-method> <!-- test_07_Unlink_business_memeber_when_linked_as_administrator -->
        <test-method signature="test_08_Unlink_business_memeber_when_not_linked_as_administrator()[pri:8, instance:sila_test_cases.Test05_Unlink_business_member@30457e14]" started-at="2021-01-05T11:16:29 IST" name="test_08_Unlink_business_memeber_when_not_linked_as_administrator" finished-at="2021-01-05T11:16:30 IST" duration-ms="1279" status="PASS">
          <reporter-output>
          </reporter-output>
        </test-method> <!-- test_08_Unlink_business_memeber_when_not_linked_as_administrator -->
        <test-method signature="test_09_Unlink_business_memeber_when_linked_as_beneficial_owner()[pri:9, instance:sila_test_cases.Test05_Unlink_business_member@30457e14]" started-at="2021-01-05T11:16:30 IST" name="test_09_Unlink_business_memeber_when_linked_as_beneficial_owner" finished-at="2021-01-05T11:16:33 IST" duration-ms="2561" status="PASS">
          <reporter-output>
          </reporter-output>
        </test-method> <!-- test_09_Unlink_business_memeber_when_linked_as_beneficial_owner -->
        <test-method signature="test_10_Unlink_business_memeber_when_not_linked_as_beneficial_owner()[pri:10, instance:sila_test_cases.Test05_Unlink_business_member@30457e14]" started-at="2021-01-05T11:16:33 IST" name="test_10_Unlink_business_memeber_when_not_linked_as_beneficial_owner" finished-at="2021-01-05T11:16:34 IST" duration-ms="1595" status="PASS">
          <reporter-output>
          </reporter-output>
        </test-method> <!-- test_10_Unlink_business_memeber_when_not_linked_as_beneficial_owner -->
        <test-method is-config="true" signature="EndClass()[pri:0, instance:sila_test_cases.Test05_Unlink_business_member@30457e14]" started-at="2021-01-05T11:16:34 IST" name="EndClass" finished-at="2021-01-05T11:16:34 IST" duration-ms="1" status="PASS">
          <reporter-output>
          </reporter-output>
        </test-method> <!-- EndClass -->
      </class> <!-- sila_test_cases.Test05_Unlink_business_member -->
      <class name="sila_test_cases.Test19_Plaid_sameday_auth">
        <test-method is-config="true" signature="StartClass()[pri:0, instance:sila_test_cases.Test19_Plaid_sameday_auth@77e2a6e2]" started-at="2021-01-05T11:23:58 IST" name="StartClass" finished-at="2021-01-05T11:23:58 IST" duration-ms="0" status="PASS">
          <reporter-output>
          </reporter-output>
        </test-method> <!-- StartClass -->
        <test-method signature="Test_01_plaid_sameday_auth_with_unregistered_user_handle()[pri:1, instance:sila_test_cases.Test19_Plaid_sameday_auth@77e2a6e2]" started-at="2021-01-05T11:23:58 IST" name="Test_01_plaid_sameday_auth_with_unregistered_user_handle" finished-at="2021-01-05T11:23:59 IST" duration-ms="537" status="PASS">
          <reporter-output>
          </reporter-output>
        </test-method> <!-- Test_01_plaid_sameday_auth_with_unregistered_user_handle -->
        <test-method signature="Test_02_plaid_sameday_auth_with_empty_user_handle()[pri:2, instance:sila_test_cases.Test19_Plaid_sameday_auth@77e2a6e2]" started-at="2021-01-05T11:23:59 IST" name="Test_02_plaid_sameday_auth_with_empty_user_handle" finished-at="2021-01-05T11:23:59 IST" duration-ms="377" status="PASS">
          <reporter-output>
          </reporter-output>
        </test-method> <!-- Test_02_plaid_sameday_auth_with_empty_user_handle -->
        <test-method signature="Test_03_plaid_sameday_auth_with_empty_account_name()[pri:3, instance:sila_test_cases.Test19_Plaid_sameday_auth@77e2a6e2]" started-at="2021-01-05T11:23:59 IST" name="Test_03_plaid_sameday_auth_with_empty_account_name" finished-at="2021-01-05T11:24:00 IST" duration-ms="532" status="PASS">
          <reporter-output>
          </reporter-output>
        </test-method> <!-- Test_03_plaid_sameday_auth_with_empty_account_name -->
        <test-method signature="Test_04_plaid_sameday_auth_with_default_account_name()[pri:4, instance:sila_test_cases.Test19_Plaid_sameday_auth@77e2a6e2]" started-at="2021-01-05T11:24:00 IST" name="Test_04_plaid_sameday_auth_with_default_account_name" finished-at="2021-01-05T11:24:00 IST" duration-ms="580" status="PASS">
          <reporter-output>
          </reporter-output>
        </test-method> <!-- Test_04_plaid_sameday_auth_with_default_account_name -->
        <test-method signature="Test_05_plaid_sameday_auth_with_incorrect_account_name()[pri:5, instance:sila_test_cases.Test19_Plaid_sameday_auth@77e2a6e2]" started-at="2021-01-05T11:24:00 IST" name="Test_05_plaid_sameday_auth_with_incorrect_account_name" finished-at="2021-01-05T11:24:01 IST" duration-ms="621" status="PASS">
          <reporter-output>
          </reporter-output>
        </test-method> <!-- Test_05_plaid_sameday_auth_with_incorrect_account_name -->
        <test-method signature="Test_06_plaid_sameday_auth_with_Response401()[pri:6, instance:sila_test_cases.Test19_Plaid_sameday_auth@77e2a6e2]" started-at="2021-01-05T11:24:01 IST" name="Test_06_plaid_sameday_auth_with_Response401" finished-at="2021-01-05T11:24:02 IST" duration-ms="393" status="PASS">
          <reporter-output>
          </reporter-output>
        </test-method> <!-- Test_06_plaid_sameday_auth_with_Response401 -->
        <test-method signature="test_07_plaid_same_day_with_different_private_key()[pri:7, instance:sila_test_cases.Test19_Plaid_sameday_auth@77e2a6e2]" started-at="2021-01-05T11:24:02 IST" name="test_07_plaid_same_day_with_different_private_key" finished-at="2021-01-05T11:24:02 IST" duration-ms="554" status="PASS">
          <reporter-output>
          </reporter-output>
        </test-method> <!-- test_07_plaid_same_day_with_different_private_key -->
        <test-method is-config="true" signature="EndClass()[pri:0, instance:sila_test_cases.Test19_Plaid_sameday_auth@77e2a6e2]" started-at="2021-01-05T11:24:02 IST" name="EndClass" finished-at="2021-01-05T11:24:02 IST" duration-ms="0" status="PASS">
          <reporter-output>
          </reporter-output>
        </test-method> <!-- EndClass -->
      </class> <!-- sila_test_cases.Test19_Plaid_sameday_auth -->
      <class name="sila_test_cases.Test06_Request_kyc">
        <test-method is-config="true" signature="StartClass()[pri:0, instance:sila_test_cases.Test06_Request_kyc@1af1347d]" started-at="2021-01-05T11:16:34 IST" name="StartClass" finished-at="2021-01-05T11:16:34 IST" duration-ms="1" status="PASS">
          <reporter-output>
          </reporter-output>
        </test-method> <!-- StartClass -->
        <test-method signature="Test_01_Request_KYC_Without_kyc_level_entity()[pri:1, instance:sila_test_cases.Test06_Request_kyc@1af1347d]" started-at="2021-01-05T11:16:34 IST" name="Test_01_Request_KYC_Without_kyc_level_entity" finished-at="2021-01-05T11:16:50 IST" duration-ms="15625" status="PASS">
          <reporter-output>
          </reporter-output>
        </test-method> <!-- Test_01_Request_KYC_Without_kyc_level_entity -->
        <test-method signature="Test_02_Request_KYC_With_empty_kyc_level_field()[pri:2, instance:sila_test_cases.Test06_Request_kyc@1af1347d]" started-at="2021-01-05T11:16:50 IST" name="Test_02_Request_KYC_With_empty_kyc_level_field" finished-at="2021-01-05T11:16:54 IST" duration-ms="3691" status="PASS">
          <reporter-output>
          </reporter-output>
        </test-method> <!-- Test_02_Request_KYC_With_empty_kyc_level_field -->
        <test-method signature="Test_03_Request_KYC_With_empty_user_handle()[pri:3, instance:sila_test_cases.Test06_Request_kyc@1af1347d]" started-at="2021-01-05T11:16:54 IST" name="Test_03_Request_KYC_With_empty_user_handle" finished-at="2021-01-05T11:16:57 IST" duration-ms="3523" status="PASS">
          <reporter-output>
          </reporter-output>
        </test-method> <!-- Test_03_Request_KYC_With_empty_user_handle -->
        <test-method signature="Test_04_Request_KYC_With_401()[pri:4, instance:sila_test_cases.Test06_Request_kyc@1af1347d]" started-at="2021-01-05T11:16:57 IST" name="Test_04_Request_KYC_With_401" finished-at="2021-01-05T11:17:02 IST" duration-ms="4571" status="PASS">
          <reporter-output>
          </reporter-output>
        </test-method> <!-- Test_04_Request_KYC_With_401 -->
        <test-method signature="Test_05_Request_KYC_With_403()[pri:5, instance:sila_test_cases.Test06_Request_kyc@1af1347d]" started-at="2021-01-05T11:17:02 IST" name="Test_05_Request_KYC_With_403" finished-at="2021-01-05T11:17:05 IST" duration-ms="3785" status="PASS">
          <reporter-output>
          </reporter-output>
        </test-method> <!-- Test_05_Request_KYC_With_403 -->
        <test-method signature="Test_06_Request_KYC_With_unregistered_user_handle()[pri:6, instance:sila_test_cases.Test06_Request_kyc@1af1347d]" started-at="2021-01-05T11:17:05 IST" name="Test_06_Request_KYC_With_unregistered_user_handle" finished-at="2021-01-05T11:17:09 IST" duration-ms="3469" status="PASS">
          <reporter-output>
          </reporter-output>
        </test-method> <!-- Test_06_Request_KYC_With_unregistered_user_handle -->
        <test-method is-config="true" signature="EndClass()[pri:0, instance:sila_test_cases.Test06_Request_kyc@1af1347d]" started-at="2021-01-05T11:17:09 IST" name="EndClass" finished-at="2021-01-05T11:17:09 IST" duration-ms="0" status="PASS">
          <reporter-output>
          </reporter-output>
        </test-method> <!-- EndClass -->
      </class> <!-- sila_test_cases.Test06_Request_kyc -->
    </test> <!-- API -->
  </suite> <!-- Silamoney Java SDK  -->
</testng-results>
